<?xml version="1.0" encoding="utf-8"?><testsuites name="pytest tests"><testsuite name="pytest" errors="0" failures="2" skipped="0" tests="55" time="30.570" timestamp="2026-05-13T16:35:15.788233+00:00" hostname="agent-env-a7d3e22e-e0ae-4d1c-8784-326830d3662c"><testcase classname="backend.tests.backend_test" name="test_health" time="0.271" /><testcase classname="backend.tests.backend_test.TestAuth" name="test_login_success_sets_cookies" time="0.430" /><testcase classname="backend.tests.backend_test.TestAuth" name="test_login_wrong_password" time="0.292" /><testcase classname="backend.tests.backend_test.TestAuth" name="test_me_without_cookie_returns_401" time="0.228" /><testcase classname="backend.tests.backend_test.TestAuth" name="test_me_with_cookie_returns_user" time="0.487" /><testcase classname="backend.tests.backend_test.TestAuth" name="test_logout_clears_cookies" time="0.480" /><testcase classname="backend.tests.backend_test.TestAuth" name="test_admin_can_create_user" time="0.321" /><testcase classname="backend.tests.backend_test.TestAuth" name="test_create_user_requires_auth" time="0.075" /><testcase classname="backend.tests.backend_test.TestMongoInvariants" name="test_users_email_unique_index" time="0.001" /><testcase classname="backend.tests.backend_test.TestMongoInvariants" name="test_admin_bcrypt_hash" time="0.001" /><testcase classname="backend.tests.backend_test.TestDashboard" name="test_dashboard_stats" time="0.104"><failure message="assert 7633 == 7632">backend/tests/backend_test.py:163: in test_dashboard_stats
    assert data["contacts_migrated"] == 7632
E   assert 7633 == 7632</failure></testcase><testcase classname="backend.tests.backend_test.TestDashboard" name="test_dashboard_requires_auth" time="0.070" /><testcase classname="backend.tests.backend_test.TestAirtable" name="test_list_tables_returns_14" time="0.119" /><testcase classname="backend.tests.backend_test.TestAirtable" name="test_tables_requires_admin" time="0.059" /><testcase classname="backend.tests.backend_test.TestAirtable" name="test_table_records_sample" time="0.521" /><testcase classname="backend.tests.backend_test.TestAirtable" name="test_table_count_contracts" time="0.520" /><testcase classname="backend.tests.backend_test.TestBruteForceLockout" name="test_lockout_after_5_failures" time="0.320" /><testcase classname="backend.tests.test_phase1_crm.TestDashboardStats" name="test_real_counts_after_migration" time="0.507"><failure message="assert 7633 == 7632">backend/tests/test_phase1_crm.py:50: in test_real_counts_after_migration
    assert d["contacts_migrated"] == EXPECTED["contacts_total"]
E   assert 7633 == 7632</failure></testcase><testcase classname="backend.tests.test_phase1_crm.TestFranchisees" name="test_list_returns_88" time="0.177" /><testcase classname="backend.tests.test_phase1_crm.TestFranchisees" name="test_search_henshall" time="0.123" /><testcase classname="backend.tests.test_phase1_crm.TestFranchisees" name="test_franchisee_detail_claire" time="0.387" /><testcase classname="backend.tests.test_phase1_crm.TestFranchisees" name="test_franchisee_detail_404" time="0.168" /><testcase classname="backend.tests.test_phase1_crm.TestContracts" name="test_list_returns_134_with_franchisee_enrichment" time="0.265" /><testcase classname="backend.tests.test_phase1_crm.TestContracts" name="test_contract_detail" time="0.286" /><testcase classname="backend.tests.test_phase1_crm.TestContacts" name="test_filter_franchise_enquiry" time="0.403" /><testcase classname="backend.tests.test_phase1_crm.TestContacts" name="test_filter_legacy" time="0.294" /><testcase classname="backend.tests.test_phase1_crm.TestContacts" name="test_filter_pipeline_status_new" time="0.317" /><testcase classname="backend.tests.test_phase1_crm.TestContacts" name="test_pipeline_update_valid" time="0.365" /><testcase classname="backend.tests.test_phase1_crm.TestContacts" name="test_pipeline_update_invalid" time="0.226" /><testcase classname="backend.tests.test_phase1_crm.TestContacts" name="test_pipeline_update_404" time="0.116" /><testcase classname="backend.tests.test_phase1_crm.TestTerritories" name="test_list_all" time="0.189" /><testcase classname="backend.tests.test_phase1_crm.TestTerritories" name="test_filter_by_franchisee" time="0.218" /><testcase classname="backend.tests.test_phase1_crm.TestAnniversaries" name="test_today_no_error" time="0.103" /><testcase classname="backend.tests.test_phase1_crm.TestMigrationRun" name="test_run_returns_counts" time="18.766" /><testcase classname="backend.tests.test_phase1_crm.TestMigrationRun" name="test_run_requires_admin" time="0.167" /><testcase classname="backend.tests.test_phase1_intake.TestIntakeAuth" name="test_missing_token_returns_401" time="0.150" /><testcase classname="backend.tests.test_phase1_intake.TestIntakeAuth" name="test_wrong_token_returns_401" time="0.144" /><testcase classname="backend.tests.test_phase1_intake.TestIntakeFormMapping" name="test_franchise_form_17" time="0.144" /><testcase classname="backend.tests.test_phase1_intake.TestIntakeFormMapping" name="test_general_form_1" time="0.136" /><testcase classname="backend.tests.test_phase1_intake.TestIntakeFormMapping" name="test_licence_form_32" time="0.121" /><testcase classname="backend.tests.test_phase1_intake.TestIntakeFormMapping" name="test_unknown_form_99" time="0.120" /><testcase classname="backend.tests.test_phase1_intake.TestIntakeAdminEndpoints" name="test_config_returns_endpoint_token_mapping" time="0.453" /><testcase classname="backend.tests.test_phase1_intake.TestIntakeAdminEndpoints" name="test_config_requires_admin" time="0.222" /><testcase classname="backend.tests.test_phase1_intake.TestIntakeAdminEndpoints" name="test_recent_descending_with_form_id" time="0.058" /><testcase classname="backend.tests.test_phase1_intake.TestIntakeAdminEndpoints" name="test_recent_requires_admin" time="0.142" /><testcase classname="backend.tests.test_phase1_intake.TestIntakeAdminEndpoints" name="test_download_plugin_zip" time="0.047" /><testcase classname="backend.tests.test_phase1_intake.TestIntakeAdminEndpoints" name="test_download_plugin_requires_admin" time="0.119" /><testcase classname="backend.tests.test_phase1_intake.TestFieldMapping" name="test_case_insensitive_email" time="0.126" /><testcase classname="backend.tests.test_phase1_ux.TestDashboardExtended" name="test_new_fields_present" time="0.462" /><testcase classname="backend.tests.test_phase1_ux.TestDashboardExtended" name="test_active_and_ex_counts" time="0.086" /><testcase classname="backend.tests.test_phase1_ux.TestDashboardExtended" name="test_active_contracts" time="0.092" /><testcase classname="backend.tests.test_phase1_ux.TestDashboardExtended" name="test_mandate_breakdown_shape" time="0.095" /><testcase classname="backend.tests.test_phase1_ux.TestDashboardExtended" name="test_pipeline_funnel_shape" time="0.118" /><testcase classname="backend.tests.test_phase1_ux.TestDashboardExtended" name="test_recent_enquiries_shape" time="0.086" /><testcase classname="backend.tests.test_phase1_ux.TestDashboardExtended" name="test_old_fields_still_present" time="0.084" /></testsuite></testsuites>