<?xml version="1.0" encoding="utf-8"?><testsuites name="pytest tests"><testsuite name="pytest" errors="0" failures="0" skipped="0" tests="13" time="2.142" timestamp="2026-07-28T16:50:49.580279+00:00" hostname="agent-env-a7d3e22e-e0ae-4d1c-8784-326830d3662c"><testcase classname="tests.test_cqc_staging_sync.TestAuthGuards" name="test_start_requires_auth" time="0.227" /><testcase classname="tests.test_cqc_staging_sync.TestAuthGuards" name="test_status_requires_auth" time="0.063" /><testcase classname="tests.test_cqc_staging_sync.TestAuthGuards" name="test_diff_report_requires_auth" time="0.067" /><testcase classname="tests.test_cqc_staging_sync.TestAuthGuards" name="test_start_forbidden_for_franchisee" time="0.429" /><testcase classname="tests.test_cqc_staging_sync.TestAuthGuards" name="test_status_forbidden_for_franchisee" time="0.062" /><testcase classname="tests.test_cqc_staging_sync.TestAuthGuards" name="test_diff_forbidden_for_franchisee" time="0.076" /><testcase classname="tests.test_cqc_staging_sync.TestStartEndpoint" name="test_start_returns_started_true_with_job_id" time="0.396" /><testcase classname="tests.test_cqc_staging_sync.TestStartEndpoint" name="test_start_accepts_custom_job_id_query" time="0.050" /><testcase classname="tests.test_cqc_staging_sync.TestStatusEndpoint" name="test_status_schema" time="0.062" /><testcase classname="tests.test_cqc_staging_sync.TestStatusEndpoint" name="test_status_with_job_id" time="0.145" /><testcase classname="tests.test_cqc_staging_sync.TestDiffReportEndpoint" name="test_diff_report_schema" time="0.270" /><testcase classname="tests.test_cqc_staging_sync.TestDiffReportEndpoint" name="test_non_destructive_guarantees_all_zero" time="0.205" /><testcase classname="tests.test_cqc_staging_sync.TestMongoIntrospection" name="test_staging_indexes_and_job_shape" time="0.007" /></testsuite></testsuites>