<?xml version="1.0" encoding="utf-8"?><testsuites name="pytest tests"><testsuite name="pytest" errors="0" failures="1" skipped="0" tests="72" time="26.344" timestamp="2026-05-13T16:43:50.315300+00:00" hostname="agent-env-a7d3e22e-e0ae-4d1c-8784-326830d3662c"><testcase classname="backend.tests.backend_test" name="test_health" time="0.225" /><testcase classname="backend.tests.backend_test.TestAuth" name="test_login_success_sets_cookies" time="0.357" /><testcase classname="backend.tests.backend_test.TestAuth" name="test_login_wrong_password" time="0.274" /><testcase classname="backend.tests.backend_test.TestAuth" name="test_me_without_cookie_returns_401" time="0.104" /><testcase classname="backend.tests.backend_test.TestAuth" name="test_me_with_cookie_returns_user" time="0.424" /><testcase classname="backend.tests.backend_test.TestAuth" name="test_logout_clears_cookies" time="0.476" /><testcase classname="backend.tests.backend_test.TestAuth" name="test_admin_can_create_user" time="0.303" /><testcase classname="backend.tests.backend_test.TestAuth" name="test_create_user_requires_auth" time="0.047" /><testcase classname="backend.tests.backend_test.TestMongoInvariants" name="test_users_email_unique_index" time="0.001" /><testcase classname="backend.tests.backend_test.TestMongoInvariants" name="test_admin_bcrypt_hash" time="0.001" /><testcase classname="backend.tests.backend_test.TestDashboard" name="test_dashboard_stats" time="0.426" /><testcase classname="backend.tests.backend_test.TestDashboard" name="test_dashboard_requires_auth" time="0.051" /><testcase classname="backend.tests.backend_test.TestAirtable" name="test_list_tables_returns_14" time="0.084" /><testcase classname="backend.tests.backend_test.TestAirtable" name="test_tables_requires_admin" time="0.048" /><testcase classname="backend.tests.backend_test.TestAirtable" name="test_table_records_sample" time="0.295" /><testcase classname="backend.tests.backend_test.TestAirtable" name="test_table_count_contracts" time="0.437" /><testcase classname="backend.tests.backend_test.TestBruteForceLockout" name="test_lockout_after_5_failures" time="0.312"><failure message="AssertionError: Expected 429 lockout, got 401: {&quot;detail&quot;:&quot;Invalid email or password&quot;}&#10;assert 401 == 429&#10; +  where 401 = &lt;Response [401]&gt;.status_code">E   AssertionError: Expected 429 lockout, got 401: {"detail":"Invalid email or password"}
    assert 401 == 429
     +  where 401 = &lt;Response [401]&gt;.status_code</failure></testcase><testcase classname="backend.tests.test_phase1_crm.TestDashboardStats" name="test_real_counts_after_migration" time="0.423" /><testcase classname="backend.tests.test_phase1_crm.TestFranchisees" name="test_list_returns_88" time="0.093" /><testcase classname="backend.tests.test_phase1_crm.TestFranchisees" name="test_search_henshall" time="0.051" /><testcase classname="backend.tests.test_phase1_crm.TestFranchisees" name="test_franchisee_detail_claire" time="0.117" /><testcase classname="backend.tests.test_phase1_crm.TestFranchisees" name="test_franchisee_detail_404" time="0.055" /><testcase classname="backend.tests.test_phase1_crm.TestContracts" name="test_list_returns_134_with_franchisee_enrichment" time="0.066" /><testcase classname="backend.tests.test_phase1_crm.TestContracts" name="test_contract_detail" time="0.109" /><testcase classname="backend.tests.test_phase1_crm.TestContacts" name="test_filter_franchise_enquiry" time="0.219" /><testcase classname="backend.tests.test_phase1_crm.TestContacts" name="test_filter_legacy" time="0.159" /><testcase classname="backend.tests.test_phase1_crm.TestContacts" name="test_filter_pipeline_status_new" time="0.188" /><testcase classname="backend.tests.test_phase1_crm.TestContacts" name="test_pipeline_update_valid" time="0.155" /><testcase classname="backend.tests.test_phase1_crm.TestContacts" name="test_pipeline_update_invalid" time="0.107" /><testcase classname="backend.tests.test_phase1_crm.TestContacts" name="test_pipeline_update_404" time="0.064" /><testcase classname="backend.tests.test_phase1_crm.TestTerritories" name="test_list_all" time="0.128" /><testcase classname="backend.tests.test_phase1_crm.TestTerritories" name="test_filter_by_franchisee" time="0.113" /><testcase classname="backend.tests.test_phase1_crm.TestAnniversaries" name="test_today_no_error" time="0.052" /><testcase classname="backend.tests.test_phase1_intake.TestIntakeAuth" name="test_missing_token_returns_401" time="0.122" /><testcase classname="backend.tests.test_phase1_intake.TestIntakeAuth" name="test_wrong_token_returns_401" time="0.118" /><testcase classname="backend.tests.test_phase1_intake.TestIntakeFormMapping" name="test_franchise_form_17" time="0.104" /><testcase classname="backend.tests.test_phase1_intake.TestIntakeFormMapping" name="test_general_form_1" time="0.157" /><testcase classname="backend.tests.test_phase1_intake.TestIntakeFormMapping" name="test_licence_form_32" time="0.141" /><testcase classname="backend.tests.test_phase1_intake.TestIntakeFormMapping" name="test_unknown_form_99" time="0.110" /><testcase classname="backend.tests.test_phase1_intake.TestIntakeAdminEndpoints" name="test_config_returns_endpoint_token_mapping" time="0.389" /><testcase classname="backend.tests.test_phase1_intake.TestIntakeAdminEndpoints" name="test_config_requires_admin" time="0.113" /><testcase classname="backend.tests.test_phase1_intake.TestIntakeAdminEndpoints" name="test_recent_descending_with_form_id" time="0.056" /><testcase classname="backend.tests.test_phase1_intake.TestIntakeAdminEndpoints" name="test_recent_requires_admin" time="0.111" /><testcase classname="backend.tests.test_phase1_intake.TestIntakeAdminEndpoints" name="test_download_plugin_zip" time="0.052" /><testcase classname="backend.tests.test_phase1_intake.TestIntakeAdminEndpoints" name="test_download_plugin_requires_admin" time="0.105" /><testcase classname="backend.tests.test_phase1_intake.TestFieldMapping" name="test_case_insensitive_email" time="0.114" /><testcase classname="backend.tests.test_phase1_pipeline.TestStartupBackfill" name="test_at_least_1674_in_pipeline_true" time="0.571" /><testcase classname="backend.tests.test_phase1_pipeline.TestStartupBackfill" name="test_legacy_count_unchanged" time="0.066" /><testcase classname="backend.tests.test_phase1_pipeline.TestIntakeInPipelineFlag" name="test_form1_creates_non_pipeline_record" time="0.468" /><testcase classname="backend.tests.test_phase1_pipeline.TestIntakeInPipelineFlag" name="test_form17_creates_pipeline_record_new_stage" time="0.069" /><testcase classname="backend.tests.test_phase1_pipeline.TestIntakeInPipelineFlag" name="test_form32_creates_pipeline_record_new_stage" time="0.058" /><testcase classname="backend.tests.test_phase1_pipeline.TestContactsFilters" name="test_in_pipeline_true_excludes_legacy" time="0.207" /><testcase classname="backend.tests.test_phase1_pipeline.TestContactsFilters" name="test_in_pipeline_false_excludes_franchise" time="0.165" /><testcase classname="backend.tests.test_phase1_pipeline.TestContactsFilters" name="test_no_filter_returns_both_collections" time="0.216" /><testcase classname="backend.tests.test_phase1_pipeline.TestContactsFilters" name="test_source_general_enquiry_returns_form1" time="0.067" /><testcase classname="backend.tests.test_phase1_pipeline.TestContactsFilters" name="test_source_licence_enquiry_only_licence" time="0.054" /><testcase classname="backend.tests.test_phase1_pipeline.TestPromote" name="test_promote_general_web_contact_sets_in_pipeline_true" time="0.166" /><testcase classname="backend.tests.test_phase1_pipeline.TestPromote" name="test_promote_legacy_moves_to_web_form_contacts" time="0.230" /><testcase classname="backend.tests.test_phase1_pipeline.TestPromote" name="test_promote_nonexistent_returns_404" time="0.058" /><testcase classname="backend.tests.test_phase1_pipeline.TestDemote" name="test_demote_pipeline_record" time="0.175" /><testcase classname="backend.tests.test_phase1_pipeline.TestDemote" name="test_demote_nonexistent_returns_404" time="0.054" /><testcase classname="backend.tests.test_phase1_pipeline.TestPipelineUpdateImplicitPromote" name="test_pipeline_update_sets_in_pipeline_true" time="0.306" /><testcase classname="backend.tests.test_phase1_pipeline.TestDelete" name="test_delete_web_form_contact" time="0.256" /><testcase classname="backend.tests.test_phase1_pipeline.TestDelete" name="test_delete_legacy_contact" time="0.165" /><testcase classname="backend.tests.test_phase1_pipeline.TestDelete" name="test_delete_nonexistent_returns_404" time="14.055" /><testcase classname="backend.tests.test_phase1_ux.TestDashboardExtended" name="test_new_fields_present" time="0.658" /><testcase classname="backend.tests.test_phase1_ux.TestDashboardExtended" name="test_active_and_ex_counts" time="0.072" /><testcase classname="backend.tests.test_phase1_ux.TestDashboardExtended" name="test_active_contracts" time="0.078" /><testcase classname="backend.tests.test_phase1_ux.TestDashboardExtended" name="test_mandate_breakdown_shape" time="0.066" /><testcase classname="backend.tests.test_phase1_ux.TestDashboardExtended" name="test_pipeline_funnel_shape" time="0.079" /><testcase classname="backend.tests.test_phase1_ux.TestDashboardExtended" name="test_recent_enquiries_shape" time="0.081" /><testcase classname="backend.tests.test_phase1_ux.TestDashboardExtended" name="test_old_fields_still_present" time="0.075" /></testsuite></testsuites>