<?xml version="1.0" encoding="utf-8"?><testsuites name="pytest tests"><testsuite name="pytest" errors="0" failures="6" skipped="0" tests="72" time="12.639" timestamp="2026-05-13T16:39:08.045847+00:00" hostname="agent-env-a7d3e22e-e0ae-4d1c-8784-326830d3662c"><testcase classname="backend.tests.backend_test" name="test_health" time="0.249" /><testcase classname="backend.tests.backend_test.TestAuth" name="test_login_success_sets_cookies" time="0.366" /><testcase classname="backend.tests.backend_test.TestAuth" name="test_login_wrong_password" time="0.299" /><testcase classname="backend.tests.backend_test.TestAuth" name="test_me_without_cookie_returns_401" time="0.157" /><testcase classname="backend.tests.backend_test.TestAuth" name="test_me_with_cookie_returns_user" time="0.428" /><testcase classname="backend.tests.backend_test.TestAuth" name="test_logout_clears_cookies" time="0.484" /><testcase classname="backend.tests.backend_test.TestAuth" name="test_admin_can_create_user" time="0.333" /><testcase classname="backend.tests.backend_test.TestAuth" name="test_create_user_requires_auth" time="0.055" /><testcase classname="backend.tests.backend_test.TestMongoInvariants" name="test_users_email_unique_index" time="0.001" /><testcase classname="backend.tests.backend_test.TestMongoInvariants" name="test_admin_bcrypt_hash" time="0.001" /><testcase classname="backend.tests.backend_test.TestDashboard" name="test_dashboard_stats" time="0.081"><failure message="assert 7631 == 7632">E   assert 7631 == 7632</failure></testcase><testcase classname="backend.tests.backend_test.TestDashboard" name="test_dashboard_requires_auth" time="0.055" /><testcase classname="backend.tests.backend_test.TestAirtable" name="test_list_tables_returns_14" time="0.134" /><testcase classname="backend.tests.backend_test.TestAirtable" name="test_tables_requires_admin" time="0.063" /><testcase classname="backend.tests.backend_test.TestAirtable" name="test_table_records_sample" time="0.384" /><testcase classname="backend.tests.backend_test.TestAirtable" name="test_table_count_contracts" time="0.429" /><testcase classname="backend.tests.backend_test.TestBruteForceLockout" name="test_lockout_after_5_failures" time="0.396" /><testcase classname="backend.tests.test_phase1_crm.TestDashboardStats" name="test_real_counts_after_migration" time="0.424"><failure message="assert 7631 == 7632">E   assert 7631 == 7632</failure></testcase><testcase classname="backend.tests.test_phase1_crm.TestFranchisees" name="test_list_returns_88" time="0.101" /><testcase classname="backend.tests.test_phase1_crm.TestFranchisees" name="test_search_henshall" time="0.060" /><testcase classname="backend.tests.test_phase1_crm.TestFranchisees" name="test_franchisee_detail_claire" time="0.182" /><testcase classname="backend.tests.test_phase1_crm.TestFranchisees" name="test_franchisee_detail_404" time="0.066" /><testcase classname="backend.tests.test_phase1_crm.TestContracts" name="test_list_returns_134_with_franchisee_enrichment" time="0.085" /><testcase classname="backend.tests.test_phase1_crm.TestContracts" name="test_contract_detail" time="0.116" /><testcase classname="backend.tests.test_phase1_crm.TestContacts" name="test_filter_franchise_enquiry" time="0.241" /><testcase classname="backend.tests.test_phase1_crm.TestContacts" name="test_filter_legacy" time="0.226" /><testcase classname="backend.tests.test_phase1_crm.TestContacts" name="test_filter_pipeline_status_new" time="0.363" /><testcase classname="backend.tests.test_phase1_crm.TestContacts" name="test_pipeline_update_valid" time="0.191" /><testcase classname="backend.tests.test_phase1_crm.TestContacts" name="test_pipeline_update_invalid" time="0.123" /><testcase classname="backend.tests.test_phase1_crm.TestContacts" name="test_pipeline_update_404" time="0.057" /><testcase classname="backend.tests.test_phase1_crm.TestTerritories" name="test_list_all" time="0.141" /><testcase classname="backend.tests.test_phase1_crm.TestTerritories" name="test_filter_by_franchisee" time="0.127" /><testcase classname="backend.tests.test_phase1_crm.TestAnniversaries" name="test_today_no_error" time="0.067" /><testcase classname="backend.tests.test_phase1_intake.TestIntakeAuth" name="test_missing_token_returns_401" time="0.143" /><testcase classname="backend.tests.test_phase1_intake.TestIntakeAuth" name="test_wrong_token_returns_401" time="0.110" /><testcase classname="backend.tests.test_phase1_intake.TestIntakeFormMapping" name="test_franchise_form_17" time="0.138" /><testcase classname="backend.tests.test_phase1_intake.TestIntakeFormMapping" name="test_general_form_1" time="0.110" /><testcase classname="backend.tests.test_phase1_intake.TestIntakeFormMapping" name="test_licence_form_32" time="0.137" /><testcase classname="backend.tests.test_phase1_intake.TestIntakeFormMapping" name="test_unknown_form_99" time="0.115" /><testcase classname="backend.tests.test_phase1_intake.TestIntakeAdminEndpoints" name="test_config_returns_endpoint_token_mapping" time="0.383" /><testcase classname="backend.tests.test_phase1_intake.TestIntakeAdminEndpoints" name="test_config_requires_admin" time="0.128" /><testcase classname="backend.tests.test_phase1_intake.TestIntakeAdminEndpoints" name="test_recent_descending_with_form_id" time="0.059" /><testcase classname="backend.tests.test_phase1_intake.TestIntakeAdminEndpoints" name="test_recent_requires_admin" time="0.105" /><testcase classname="backend.tests.test_phase1_intake.TestIntakeAdminEndpoints" name="test_download_plugin_zip" time="0.049" /><testcase classname="backend.tests.test_phase1_intake.TestIntakeAdminEndpoints" name="test_download_plugin_requires_admin" time="0.148" /><testcase classname="backend.tests.test_phase1_intake.TestFieldMapping" name="test_case_insensitive_email" time="0.116" /><testcase classname="backend.tests.test_phase1_pipeline.TestStartupBackfill" name="test_at_least_1674_in_pipeline_true" time="0.395"><failure message="AssertionError: Got 1&#10;assert 1 &gt;= 1674&#10; +  where 1 = len([{'address_street': '84 Queens Road', 'airtable_created_time': '2021-10-29T05:56:04.000Z', 'airtable_id': 'rec07onkydzIBWGeJ', 'city': 'Exeter', ...}])">E   AssertionError: Got 1
    assert 1 &gt;= 1674
     +  where 1 = len([{'address_street': '84 Queens Road', 'airtable_created_time': '2021-10-29T05:56:04.000Z', 'airtable_id': 'rec07onkydzIBWGeJ', 'city': 'Exeter', ...}])</failure></testcase><testcase classname="backend.tests.test_phase1_pipeline.TestStartupBackfill" name="test_legacy_count_unchanged" time="0.067"><failure message="assert 7631 &gt;= 7632">E   assert 7631 &gt;= 7632</failure></testcase><testcase classname="backend.tests.test_phase1_pipeline.TestIntakeInPipelineFlag" name="test_form1_creates_non_pipeline_record" time="0.427" /><testcase classname="backend.tests.test_phase1_pipeline.TestIntakeInPipelineFlag" name="test_form17_creates_pipeline_record_new_stage" time="0.060" /><testcase classname="backend.tests.test_phase1_pipeline.TestIntakeInPipelineFlag" name="test_form32_creates_pipeline_record_new_stage" time="0.057" /><testcase classname="backend.tests.test_phase1_pipeline.TestContactsFilters" name="test_in_pipeline_true_excludes_legacy" time="0.053" /><testcase classname="backend.tests.test_phase1_pipeline.TestContactsFilters" name="test_in_pipeline_false_excludes_franchise" time="0.268" /><testcase classname="backend.tests.test_phase1_pipeline.TestContactsFilters" name="test_no_filter_returns_both_collections" time="0.244" /><testcase classname="backend.tests.test_phase1_pipeline.TestContactsFilters" name="test_source_general_enquiry_returns_form1" time="0.075" /><testcase classname="backend.tests.test_phase1_pipeline.TestContactsFilters" name="test_source_licence_enquiry_only_licence" time="0.055" /><testcase classname="backend.tests.test_phase1_pipeline.TestPromote" name="test_promote_general_web_contact_sets_in_pipeline_true" time="0.165" /><testcase classname="backend.tests.test_phase1_pipeline.TestPromote" name="test_promote_legacy_moves_to_web_form_contacts" time="0.240" /><testcase classname="backend.tests.test_phase1_pipeline.TestPromote" name="test_promote_nonexistent_returns_404" time="0.056" /><testcase classname="backend.tests.test_phase1_pipeline.TestDemote" name="test_demote_pipeline_record" time="0.167" /><testcase classname="backend.tests.test_phase1_pipeline.TestDemote" name="test_demote_nonexistent_returns_404" time="0.054" /><testcase classname="backend.tests.test_phase1_pipeline.TestPipelineUpdateImplicitPromote" name="test_pipeline_update_sets_in_pipeline_true" time="0.314" /><testcase classname="backend.tests.test_phase1_pipeline.TestDelete" name="test_delete_web_form_contact" time="0.223" /><testcase classname="backend.tests.test_phase1_pipeline.TestDelete" name="test_delete_legacy_contact" time="0.158" /><testcase classname="backend.tests.test_phase1_pipeline.TestDelete" name="test_delete_nonexistent_returns_404" time="0.297" /><testcase classname="backend.tests.test_phase1_ux.TestDashboardExtended" name="test_new_fields_present" time="0.435" /><testcase classname="backend.tests.test_phase1_ux.TestDashboardExtended" name="test_active_and_ex_counts" time="0.064"><failure message="assert 1676 == 1674">E   assert 1676 == 1674</failure></testcase><testcase classname="backend.tests.test_phase1_ux.TestDashboardExtended" name="test_active_contracts" time="0.063" /><testcase classname="backend.tests.test_phase1_ux.TestDashboardExtended" name="test_mandate_breakdown_shape" time="0.070" /><testcase classname="backend.tests.test_phase1_ux.TestDashboardExtended" name="test_pipeline_funnel_shape" time="0.065" /><testcase classname="backend.tests.test_phase1_ux.TestDashboardExtended" name="test_recent_enquiries_shape" time="0.070" /><testcase classname="backend.tests.test_phase1_ux.TestDashboardExtended" name="test_old_fields_still_present" time="0.077"><failure message="assert 7630 == 7632">E   assert 7630 == 7632</failure></testcase></testsuite></testsuites>