<?xml version="1.0" encoding="utf-8"?><testsuites name="pytest tests"><testsuite name="pytest" errors="0" failures="0" skipped="0" tests="23" time="6.288" timestamp="2026-05-25T18:47:37.119225+00:00" hostname="agent-env-a7d3e22e-e0ae-4d1c-8784-326830d3662c"><testcase classname="backend.tests.test_franchisee_invoicing.TestPortalModuleToggle" name="test_toggle_each_module" time="0.907" /><testcase classname="backend.tests.test_franchisee_invoicing.TestPortalModuleToggle" name="test_me_reflects_modules" time="0.443" /><testcase classname="backend.tests.test_franchisee_invoicing.TestInvoicingGating" name="test_invoicing_disabled_403" time="0.515" /><testcase classname="backend.tests.test_franchisee_invoicing.TestSettings" name="test_get_seed_settings_blank_bank" time="0.054" /><testcase classname="backend.tests.test_franchisee_invoicing.TestSettings" name="test_update_settings_roundtrip" time="0.118" /><testcase classname="backend.tests.test_franchisee_invoicing.TestClients" name="test_list_contains_created" time="0.111" /><testcase classname="backend.tests.test_franchisee_invoicing.TestClients" name="test_update_client" time="0.054" /><testcase classname="backend.tests.test_franchisee_invoicing.TestInvoices" name="test_next_number_format" time="0.049" /><testcase classname="backend.tests.test_franchisee_invoicing.TestInvoices" name="test_full_lifecycle" time="0.575" /><testcase classname="backend.tests.test_franchisee_invoicing.TestInvoices" name="test_next_number_increments" time="0.211" /><testcase classname="backend.tests.test_franchisee_invoicing.TestIsolation" name="test_admin_invoices_dont_leak_sandra" time="0.275" /><testcase classname="backend.tests.test_franchisee_invoicing.TestPDF" name="test_pdf_download" time="0.205" /><testcase classname="backend.tests.test_franchisee_invoicing.TestBankCSV" name="test_hsbc_signed_amount" time="0.052" /><testcase classname="backend.tests.test_franchisee_invoicing.TestBankCSV" name="test_dedup_on_reupload" time="0.126" /><testcase classname="backend.tests.test_franchisee_invoicing.TestBankCSV" name="test_headered_csv" time="0.052" /><testcase classname="backend.tests.test_franchisee_invoicing.TestBankCSV" name="test_monzo_split_columns" time="0.057" /><testcase classname="backend.tests.test_franchisee_invoicing.TestBankCSV" name="test_list_credits_only" time="0.050" /><testcase classname="backend.tests.test_franchisee_invoicing.TestBankCSV" name="test_empty_csv_400" time="0.050" /><testcase classname="backend.tests.test_franchisee_invoicing.TestLinking" name="test_full_pay_autoflips" time="0.518" /><testcase classname="backend.tests.test_franchisee_invoicing.TestLinking" name="test_partial_pay_no_flip" time="0.399" /><testcase classname="backend.tests.test_franchisee_invoicing.TestLinking" name="test_multiple_credits_sum_to_paid" time="0.550" /><testcase classname="backend.tests.test_franchisee_invoicing.TestLinking" name="test_delete_txn_unlinks" time="0.446" /><testcase classname="backend.tests.test_franchisee_invoicing.TestSuggestion" name="test_exact_amount_suggested" time="0.366" /></testsuite></testsuites>