<?xml version="1.0" encoding="utf-8"?><testsuites name="pytest tests"><testsuite name="pytest" errors="0" failures="0" skipped="0" tests="7" time="1.490" timestamp="2026-06-30T10:36:49.135167+00:00" hostname="agent-env-a7d3e22e-e0ae-4d1c-8784-326830d3662c"><testcase classname="backend.tests.test_portal_tags_normalization" name="test_portal_me_returns_tags_list_when_db_has_string" time="0.625" /><testcase classname="backend.tests.test_portal_tags_normalization" name="test_portal_me_returns_tags_empty_list_when_db_null" time="0.048" /><testcase classname="backend.tests.test_portal_tags_normalization" name="test_portal_me_returns_tags_unchanged_when_already_list" time="0.046" /><testcase classname="backend.tests.test_portal_tags_normalization" name="test_portal_me_returns_portal_modules_with_all_keys" time="0.047" /><testcase classname="backend.tests.test_portal_tags_normalization" name="test_portal_me_handles_semicolon_separator" time="0.049" /><testcase classname="backend.tests.test_portal_tags_normalization" name="test_portal_me_handles_non_string_non_list_tags" time="0.049" /><testcase classname="backend.tests.test_portal_tags_normalization" name="test_admin_can_list_franchisees" time="0.487" /></testsuite></testsuites>