<?xml version="1.0" encoding="utf-8"?><testsuites name="pytest tests"><testsuite name="pytest" errors="0" failures="0" skipped="0" tests="12" time="1.443" timestamp="2026-05-21T11:59:55.630560+00:00" hostname="agent-env-a7d3e22e-e0ae-4d1c-8784-326830d3662c"><testcase classname="backend.tests.test_xero_stage_c.TestXeroUnconfigured" name="test_status_returns_configured_false" time="0.508" /><testcase classname="backend.tests.test_xero_stage_c.TestXeroUnconfigured" name="test_connect_returns_400_when_unconfigured" time="0.048" /><testcase classname="backend.tests.test_xero_stage_c.TestXeroUnconfigured" name="test_contacts_returns_400_when_not_connected" time="0.047" /><testcase classname="backend.tests.test_xero_stage_c.TestXeroUnconfigured" name="test_create_invoice_returns_400_when_not_connected" time="0.101" /><testcase classname="backend.tests.test_xero_stage_c.TestXeroUnconfigured" name="test_webhook_returns_401_when_no_signing_key" time="0.143" /><testcase classname="backend.tests.test_xero_stage_c.TestProductionStatusPatch" name="test_patch_accepts_awaiting_labels" time="0.204" /><testcase classname="backend.tests.test_xero_stage_c.TestProductionStatusPatch" name="test_patch_accepts_all_five_statuses[Awaiting Assembly]" time="0.048" /><testcase classname="backend.tests.test_xero_stage_c.TestProductionStatusPatch" name="test_patch_accepts_all_five_statuses[In Production]" time="0.050" /><testcase classname="backend.tests.test_xero_stage_c.TestProductionStatusPatch" name="test_patch_accepts_all_five_statuses[Awaiting Labels]" time="0.049" /><testcase classname="backend.tests.test_xero_stage_c.TestProductionStatusPatch" name="test_patch_accepts_all_five_statuses[Ready To Ship]" time="0.062" /><testcase classname="backend.tests.test_xero_stage_c.TestProductionStatusPatch" name="test_patch_accepts_all_five_statuses[Complete]" time="0.055" /><testcase classname="backend.tests.test_xero_stage_c.TestProductionStatusPatch" name="test_cleanup_restore_ready_to_ship" time="0.049" /></testsuite></testsuites>