<?xml version="1.0" encoding="utf-8"?><testsuites name="pytest tests"><testsuite name="pytest" errors="0" failures="0" skipped="0" tests="4" time="1.475" timestamp="2026-07-23T16:22:10.109733+00:00" hostname="agent-env-a7d3e22e-e0ae-4d1c-8784-326830d3662c"><testcase classname="backend.tests.test_contract_preview_toc" name="test_toc_page_numbers_reflect_headings" time="0.209" /><testcase classname="backend.tests.test_contract_preview_toc" name="test_page_break_pushes_downstream_headings_forward" time="0.189" /><testcase classname="backend.tests.test_contract_preview_toc" name="test_empty_toc_renders_without_error" time="0.041" /><testcase classname="backend.tests.test_contract_preview_toc" name="test_authoritative_numbering_runs_only_after_approval" time="0.011" /></testsuite></testsuites>