<?xml version="1.0" encoding="utf-8"?><testsuites name="pytest tests"><testsuite name="pytest" errors="0" failures="0" skipped="0" tests="13" time="4.037" timestamp="2026-05-26T15:38:16.935014+00:00" hostname="agent-env-a7d3e22e-e0ae-4d1c-8784-326830d3662c"><testcase classname="backend.tests.test_iter21_portal_invoices.TestAuth" name="test_portal_me_requires_auth" time="0.615" /><testcase classname="backend.tests.test_iter21_portal_invoices.TestAuth" name="test_portal_invoices_requires_auth" time="0.117" /><testcase classname="backend.tests.test_iter21_portal_invoices.TestAuth" name="test_portal_invoices_rejects_admin_token" time="0.476" /><testcase classname="backend.tests.test_iter21_portal_invoices.TestAuth" name="test_portal_me_returns_modules" time="0.178" /><testcase classname="backend.tests.test_iter21_portal_invoices.TestInvoiceCRUD" name="test_list_invoices" time="0.130" /><testcase classname="backend.tests.test_iter21_portal_invoices.TestInvoiceCRUD" name="test_create_invoice" time="0.392" /><testcase classname="backend.tests.test_iter21_portal_invoices.TestInvoiceCRUD" name="test_get_invoice" time="0.106" /><testcase classname="backend.tests.test_iter21_portal_invoices.TestInvoiceCRUD" name="test_admin_does_not_see_portal_invoices" time="0.125" /><testcase classname="backend.tests.test_iter21_portal_invoices.TestPaymentLink" name="test_payment_candidates_endpoint" time="0.804" /><testcase classname="backend.tests.test_iter21_portal_invoices.TestPaymentLink" name="test_partial_link" time="0.173" /><testcase classname="backend.tests.test_iter21_portal_invoices.TestPaymentLink" name="test_full_link_flips_paid" time="0.132" /><testcase classname="backend.tests.test_iter21_portal_invoices.TestPaymentLink" name="test_unlink_single_rolls_back" time="0.117" /><testcase classname="backend.tests.test_iter21_portal_invoices.TestPaymentLink" name="test_unlink_all_rolls_back_to_sent" time="0.604" /></testsuite></testsuites>