<?xml version="1.0" encoding="utf-8"?><testsuites name="pytest tests"><testsuite name="pytest" errors="0" failures="0" skipped="1" tests="10" time="2.808" timestamp="2026-06-19T13:24:31.879309+00:00" hostname="agent-env-a7d3e22e-e0ae-4d1c-8784-326830d3662c"><testcase classname="backend.tests.test_iter30_handover_folder" name="test_franchisee_login_and_me" time="0.505" /><testcase classname="backend.tests.test_iter30_handover_folder" name="test_admin_login_me" time="0.366" /><testcase classname="backend.tests.test_iter30_handover_folder" name="test_password_reset_request_known_email" time="0.408" /><testcase classname="backend.tests.test_iter30_handover_folder" name="test_password_reset_request_unknown_email" time="0.133" /><testcase classname="backend.tests.test_iter30_handover_folder" name="test_admin_can_list_and_fulfill_reset" time="0.046"><skipped type="pytest.skip" message="Found pending reset id=3f24b7c4-5f18-44c2-9079-572798f6c729 for sandra@creativemojo.co.uk; skipping destructive fulfill to preserve creds">/app/backend/tests/test_iter30_handover_folder.py:92: Found pending reset id=3f24b7c4-5f18-44c2-9079-572798f6c729 for sandra@creativemojo.co.uk; skipping destructive fulfill to preserve creds</skipped></testcase><testcase classname="backend.tests.test_iter30_handover_folder" name="test_project_folder_zip_endpoint" time="0.562" /><testcase classname="backend.tests.test_iter30_handover_folder" name="test_files_download_presign" time="0.150" /><testcase classname="backend.tests.test_iter30_handover_folder" name="test_franchisee_cannot_access_other_private_key" time="0.045" /><testcase classname="backend.tests.test_iter30_handover_folder" name="test_admin_users_list_has_force_pwd_flag" time="0.044" /><testcase classname="backend.tests.test_iter30_handover_folder" name="test_logout_clears_session" time="0.473" /></testsuite></testsuites>