<?xml version="1.0" encoding="utf-8"?><testsuites name="pytest tests"><testsuite name="pytest" errors="0" failures="0" skipped="0" tests="7" time="7.299" timestamp="2026-05-15T08:35:03.370924+00:00" hostname="agent-env-a7d3e22e-e0ae-4d1c-8784-326830d3662c"><testcase classname="backend.tests.test_iter17_files" name="test_folder_create_and_listed" time="0.804" /><testcase classname="backend.tests.test_iter17_files" name="test_multipart_upload_and_indexed" time="0.566" /><testcase classname="backend.tests.test_iter17_files" name="test_share_link_post_30_days" time="0.563" /><testcase classname="backend.tests.test_iter17_files" name="test_share_link_clamps_days" time="0.618" /><testcase classname="backend.tests.test_iter17_files" name="test_share_link_get_backcompat" time="0.558" /><testcase classname="backend.tests.test_iter17_files" name="test_share_redirect_public_and_inline" time="1.379" /><testcase classname="backend.tests.test_iter17_files" name="test_download_inline_disposition" time="2.731" /></testsuite></testsuites>