<?xml version="1.0" encoding="utf-8"?><testsuites name="pytest tests"><testsuite name="pytest" errors="0" failures="0" skipped="0" tests="14" time="13.309" timestamp="2026-07-24T17:02:37.224433+00:00" hostname="agent-env-a7d3e22e-e0ae-4d1c-8784-326830d3662c"><testcase classname="backend.tests.test_phase1c_turn_a_complement.TestMarkerLibrary" name="test_territory_map_url_seed_shape" time="0.505" /><testcase classname="backend.tests.test_phase1c_turn_a_complement.TestApproveNegative" name="test_approve_nonexistent_template_returns_404" time="0.049" /><testcase classname="backend.tests.test_phase1c_turn_a_complement.TestApproveNegative" name="test_approve_with_sha_mismatch_returns_400" time="1.619" /><testcase classname="backend.tests.test_phase1c_turn_a_complement.TestAutoRetireScope" name="test_auto_retire_only_same_contract_type" time="4.079" /><testcase classname="backend.tests.test_phase1c_turn_a_complement.TestAutoRetireScope" name="test_retire_endpoint_audit_and_idempotent" time="1.788" /><testcase classname="backend.tests.test_phase1c_turn_a_complement.TestVersionsEndpoint" name="test_versions_sorted_desc_and_shape" time="1.494" /><testcase classname="backend.tests.test_phase1c_turn_a_complement.TestContractsFiltersAndGuards" name="test_list_filters_and_get_404" time="1.797" /><testcase classname="backend.tests.test_phase1c_turn_a_complement.TestContractsFiltersAndGuards" name="test_patch_status_field_rejected_and_unknown_fields_listed" time="0.344" /><testcase classname="backend.tests.test_phase1c_turn_a_complement.TestNonDraftGuards" name="test_patch_and_delete_reject_non_draft" time="0.154" /><testcase classname="backend.tests.test_phase1c_turn_a_complement.TestFreezeAndPublicRead" name="test_freeze_refuses_when_no_territory_ids" time="0.147" /><testcase classname="backend.tests.test_phase1c_turn_a_complement.TestFreezeAndPublicRead" name="test_public_snapshot_scrubbed_and_no_token_leak" time="0.530" /><testcase classname="backend.tests.test_phase1c_turn_a_complement.TestPhase1BRegression" name="test_paloma_template_still_draft" time="0.046" /><testcase classname="backend.tests.test_phase1c_turn_a_complement.TestPhase1BRegression" name="test_paloma_evidence_pack_still_returns_zip" time="0.469" /><testcase classname="backend.tests.test_phase1c_turn_a_complement.TestPhase1BRegression" name="test_marker_library_still_29" time="0.049" /></testsuite></testsuites>