<?xml version="1.0" encoding="utf-8"?><testsuites name="pytest tests"><testsuite name="pytest" errors="0" failures="0" skipped="0" tests="19" time="3.117" timestamp="2026-07-24T16:32:39.547304+00:00" hostname="agent-env-a7d3e22e-e0ae-4d1c-8784-326830d3662c"><testcase classname="tests.test_stop_point_3_evidence.TestMarkerSummary" name="test_substitution_groups_not_required" time="0.588" /><testcase classname="tests.test_stop_point_3_evidence.TestMarkerSummary" name="test_all_acknowledged_flag" time="0.000" /><testcase classname="tests.test_stop_point_3_evidence.TestMarkerSummary" name="test_franchisee_legal_name_p3_overrides" time="0.000" /><testcase classname="tests.test_stop_point_3_evidence.TestMarkerSummary" name="test_monthly_fee_p4_right_aligned" time="0.000" /><testcase classname="tests.test_stop_point_3_evidence.TestMarkerSummary" name="test_franchisee_org_p5_right_aligned" time="0.000" /><testcase classname="tests.test_stop_point_3_evidence.TestEvidencePack" name="test_zip_contains_required_files" time="0.751" /><testcase classname="tests.test_stop_point_3_evidence.TestEvidencePack" name="test_manifest_template_hash" time="0.000" /><testcase classname="tests.test_stop_point_3_evidence.TestEvidencePack" name="test_manifest_substitution_rollup" time="0.000" /><testcase classname="tests.test_stop_point_3_evidence.TestEvidencePack" name="test_manifest_preview_report" time="0.000" /><testcase classname="tests.test_stop_point_3_evidence.TestSourceIntegrity" name="test_source_pdf_hash_matches" time="0.002" /><testcase classname="tests.test_stop_point_3_evidence.TestSourceIntegrity" name="test_integrity_check_endpoint" time="0.295" /><testcase classname="tests.test_stop_point_3_evidence.TestPreviewRedaction" name="test_no_double_bracket_in_preview" time="0.013" /><testcase classname="tests.test_stop_point_3_evidence.TestSamplePreviewHeaders" name="test_sample_preview_headers" time="0.576" /><testcase classname="tests.test_stop_point_3_evidence.TestIdempotency" name="test_evidence_pack_is_idempotent" time="0.719" /><testcase classname="tests.test_stop_point_3_manifest.TestSubstitutionSemantics" name="test_unembedded_source_needs_no_acknowledgement" time="0.000" /><testcase classname="tests.test_stop_point_3_manifest.TestSubstitutionSemantics" name="test_subset_embed_needs_acknowledgement" time="0.000" /><testcase classname="tests.test_stop_point_3_manifest.TestSubstitutionSemantics" name="test_reusable_embed_needs_no_acknowledgement" time="0.000" /><testcase classname="tests.test_stop_point_3_manifest.TestNoWrapRightAlignStaysInSlot" name="test_right_aligned_no_wrap_hugs_trailing_text" time="0.014" /><testcase classname="tests.test_stop_point_3_manifest.TestMonthlyFeeRightAlignSample" name="test_value_ends_just_before_per_month" time="0.010" /></testsuite></testsuites>