<?xml version="1.0" encoding="utf-8"?><testsuites name="pytest tests"><testsuite name="pytest" errors="0" failures="1" skipped="0" tests="8" time="23.864" timestamp="2026-05-15T09:07:26.744783+00:00" hostname="agent-env-a7d3e22e-e0ae-4d1c-8784-326830d3662c"><testcase classname="backend.tests.test_iter18_folder_ops" name="test_folder_rename" time="3.882" /><testcase classname="backend.tests.test_iter18_folder_ops" name="test_folder_move" time="2.586"><failure message="assert 2 is True">backend/tests/test_iter18_folder_ops.py:107: in test_folder_move
    assert r.json()["moved"] is True
E   assert 2 is True</failure></testcase><testcase classname="backend.tests.test_iter18_folder_ops" name="test_folder_move_into_self_errors" time="0.880" /><testcase classname="backend.tests.test_iter18_folder_ops" name="test_folder_soft_delete" time="2.769" /><testcase classname="backend.tests.test_iter18_folder_ops" name="test_scope_tree_excludes_trash" time="0.049" /><testcase classname="backend.tests.test_iter18_folder_ops" name="test_recent_excludes_admin_and_trash" time="1.039" /><testcase classname="backend.tests.test_iter18_folder_ops" name="test_folder_share_public_and_zip" time="2.634" /><testcase classname="backend.tests.test_iter18_folder_ops" name="test_folder_zip_admin_only" time="9.911" /></testsuite></testsuites>