<?xml version="1.0" encoding="utf-8"?><testsuites name="pytest tests"><testsuite name="pytest" errors="0" failures="0" skipped="1" tests="70" time="27.484" timestamp="2026-07-24T21:25:12.494988+00:00" hostname="agent-env-a7d3e22e-e0ae-4d1c-8784-326830d3662c"><testcase classname="tests.test_phase1c_turn_b.TestResolverPureFranchiseeMarkers" name="test_first_name_string_asis" time="0.000" /><testcase classname="tests.test_phase1c_turn_b.TestResolverPureFranchiseeMarkers" name="test_full_name_assembled" time="0.000" /><testcase classname="tests.test_phase1c_turn_b.TestResolverPureFranchiseeMarkers" name="test_postcode_casing_upper" time="0.000" /><testcase classname="tests.test_phase1c_turn_b.TestResolverPureFranchiseeMarkers" name="test_address_block_assembled_and_cleaned" time="0.000" /><testcase classname="tests.test_phase1c_turn_b.TestResolverPureFranchiseeMarkers" name="test_address_block_omits_missing" time="0.000" /><testcase classname="tests.test_phase1c_turn_b.TestResolverContractSpecificMarkers" name="test_monthly_fee_currency_gbp" time="0.000" /><testcase classname="tests.test_phase1c_turn_b.TestResolverContractSpecificMarkers" name="test_commencement_date_formatted" time="0.000" /><testcase classname="tests.test_phase1c_turn_b.TestResolverContractSpecificMarkers" name="test_manual_marker_from_contract" time="0.000" /><testcase classname="tests.test_phase1c_turn_b.TestResolverContractSpecificMarkers" name="test_missing_manual_marker_errors" time="0.000" /><testcase classname="tests.test_phase1c_turn_b.TestResolverContractSpecificMarkers" name="test_missing_automatic_contract_marker_errors" time="0.000" /><testcase classname="tests.test_phase1c_turn_b.TestResolverContractSpecificMarkers" name="test_integer_marker" time="0.000" /><testcase classname="tests.test_phase1c_turn_b.TestResolverContractSpecificMarkers" name="test_multiline_special_terms" time="0.000" /><testcase classname="tests.test_phase1c_turn_b.TestSystemGeneratedMarkers" name="test_agreement_date_defaults_to_issue_date" time="0.000" /><testcase classname="tests.test_phase1c_turn_b.TestSystemGeneratedMarkers" name="test_agreement_date_hq_override_wins" time="0.000" /><testcase classname="tests.test_phase1c_turn_b.TestSystemGeneratedMarkers" name="test_contract_reference_auto_generated" time="0.000" /><testcase classname="tests.test_phase1c_turn_b.TestSystemGeneratedMarkers" name="test_contract_reference_uses_agreement_override_year" time="0.000" /><testcase classname="tests.test_phase1c_turn_b.TestSystemGeneratedMarkers" name="test_contract_reference_hq_override_wins" time="0.000" /><testcase classname="tests.test_phase1c_turn_b.TestTerritoryMapHyperlinkHardFail" name="test_hard_fail_when_no_snapshot" time="0.000" /><testcase classname="tests.test_phase1c_turn_b.TestTerritoryMapHyperlinkHardFail" name="test_happy_path_when_snapshot_frozen" time="0.000" /><testcase classname="tests.test_phase1c_turn_b.TestTerritoryMapHyperlinkHardFail" name="test_display_text_override_wins" time="0.000" /><testcase classname="tests.test_phase1c_turn_b.TestResolverEdgeCases" name="test_unknown_marker_code_errors" time="0.000" /><testcase classname="tests.test_phase1c_turn_b.TestResolverEdgeCases" name="test_never_mutates_inputs" time="0.000" /><testcase classname="tests.test_phase1c_turn_b.TestResolverEdgeCases" name="test_full_paloma_suite_resolves" time="0.000" /><testcase classname="tests.test_phase1c_turn_b.TestPreviewEndpoint" name="test_preview_surfaces_errors_without_freezing" time="2.096" /><testcase classname="tests.test_phase1c_turn_b.TestResolveFreezeAndImmutability" name="test_resolve_freezes_all_values" time="0.143" /><testcase classname="tests.test_phase1c_turn_b.TestResolveFreezeAndImmutability" name="test_second_resolve_refused" time="0.046" /><testcase classname="tests.test_phase1c_turn_b.TestResolveFreezeAndImmutability" name="test_franchisee_edit_after_freeze_does_not_alter_frozen" time="0.228" /><testcase classname="tests.test_phase1c_turn_b.TestRefreshVariables" name="test_refresh_requires_reason" time="0.046" /><testcase classname="tests.test_phase1c_turn_b.TestRefreshVariables" name="test_refresh_updates_and_records_history" time="0.100" /><testcase classname="tests.test_phase1c_turn_b.TestTerritoryMapHardFailIntegration" name="test_resolve_rejects_when_snapshot_missing" time="1.775" /><testcase classname="tests.test_phase1c_turn_b.TestTerritoryMapHardFailIntegration" name="test_resolve_succeeds_after_freeze_territory" time="0.097" /><testcase classname="tests.test_phase1c_turn_b_complement.TestMonthlyFeeQuantisation" name="test_no_float_drift_ceilings_to_two_dp" time="0.000" /><testcase classname="tests.test_phase1c_turn_b_complement.TestMonthlyFeeQuantisation" name="test_exact_two_dp_stable" time="0.000" /><testcase classname="tests.test_phase1c_turn_b_complement.TestMonthlyFeeQuantisation" name="test_null_monthly_fee_errors" time="0.000" /><testcase classname="tests.test_phase1c_turn_b_complement.TestProvenanceShapePure" name="test_every_resolved_value_carries_source_resolver_format" time="0.000" /><testcase classname="tests.test_phase1c_turn_b_complement.TestRefreshWithoutPriorFreeze" name="test_refresh_before_resolve_returns_400" time="2.271" /><testcase classname="tests.test_phase1c_turn_b_complement.TestFullFreezeProvenanceAndAudit" name="test_full_flow" time="0.222" /><testcase classname="tests.test_phase1c_turn_b_complement.TestPreviewOverrides" name="test_agreement_date_override_via_preview" time="0.148" /><testcase classname="tests.test_phase1c_turn_b_complement.TestPhase1BAndTurnARegression" name="test_marker_library_still_29_entries_with_territory_map" time="0.000" /><testcase classname="tests.test_phase1c_turn_b_complement.TestPhase1BAndTurnARegression" name="test_paloma_template_still_draft" time="0.047" /><testcase classname="tests.test_phase1c_turn_b_complement.TestPhase1BAndTurnARegression" name="test_markers_library_endpoint_lists_29" time="0.053" /><testcase classname="tests.test_phase1c_turn_a.TestTemplateApprovalGate" name="test_dry_run_ok_for_clean_template" time="1.689" /><testcase classname="tests.test_phase1c_turn_a.TestTemplateApprovalGate" name="test_approve_sets_status_and_freezes_version" time="1.399" /><testcase classname="tests.test_phase1c_turn_a.TestTemplateApprovalGate" name="test_approve_blocked_on_draft_with_unacked_substitution" time="0.944"><skipped type="pytest.skip" message="Unacked-substitution fabrication requires an internal hook not exposed by the public API. Positive gate is verified in test_dry_run_ok_for_clean_template + test_approve_sets_status_and_freezes_version.">/app/backend/tests/test_phase1c_turn_a.py:200: Unacked-substitution fabrication requires an internal hook not exposed by the public API. Positive gate is verified in test_dry_run_ok_for_clean_template + test_approve_sets_status_and_freezes_version.</skipped></testcase><testcase classname="tests.test_phase1c_turn_a.TestTemplateApprovalGate" name="test_retire_flips_status" time="1.388" /><testcase classname="tests.test_phase1c_turn_a.TestContractsDraftCrud" name="test_create_draft_requires_approved_template" time="0.164" /><testcase classname="tests.test_phase1c_turn_a.TestContractsDraftCrud" name="test_reject_unknown_field" time="0.048" /><testcase classname="tests.test_phase1c_turn_a.TestContractsDraftCrud" name="test_reject_non_approved_template" time="1.277" /><testcase classname="tests.test_phase1c_turn_a.TestContractsDraftCrud" name="test_list_and_get" time="0.107" /><testcase classname="tests.test_phase1c_turn_a.TestContractsDraftCrud" name="test_patch_draft_allowed_fields_only" time="0.049" /><testcase classname="tests.test_phase1c_turn_a.TestContractsDraftCrud" name="test_patch_rejects_status_change" time="0.047" /><testcase classname="tests.test_phase1c_turn_a.TestTerritoryFreeze" name="test_freeze_creates_snapshot_and_records_url" time="0.055" /><testcase classname="tests.test_phase1c_turn_a.TestTerritoryFreeze" name="test_second_freeze_is_refused" time="0.049" /><testcase classname="tests.test_phase1c_turn_a.TestTerritoryFreeze" name="test_public_read_requires_valid_token" time="0.253" /><testcase classname="tests.test_phase1c_turn_a.TestTerritoryFreeze" name="test_admin_view_includes_secure_token" time="0.051" /><testcase classname="tests.test_phase1c_turn_a.TestDraftDelete" name="test_delete_draft_works" time="0.094" /><testcase classname="tests.test_phase1c_turn_a_complement.TestMarkerLibrary" name="test_territory_map_url_seed_shape" time="0.406" /><testcase classname="tests.test_phase1c_turn_a_complement.TestApproveNegative" name="test_approve_nonexistent_template_returns_404" time="0.056" /><testcase classname="tests.test_phase1c_turn_a_complement.TestApproveNegative" name="test_approve_with_sha_mismatch_returns_400" time="1.429" /><testcase classname="tests.test_phase1c_turn_a_complement.TestAutoRetireScope" name="test_auto_retire_only_same_contract_type" time="4.013" /><testcase classname="tests.test_phase1c_turn_a_complement.TestAutoRetireScope" name="test_retire_endpoint_audit_and_idempotent" time="1.499" /><testcase classname="tests.test_phase1c_turn_a_complement.TestVersionsEndpoint" name="test_versions_sorted_desc_and_shape" time="1.438" /><testcase classname="tests.test_phase1c_turn_a_complement.TestContractsFiltersAndGuards" name="test_list_filters_and_get_404" time="1.731" /><testcase classname="tests.test_phase1c_turn_a_complement.TestContractsFiltersAndGuards" name="test_patch_status_field_rejected_and_unknown_fields_listed" time="0.350" /><testcase classname="tests.test_phase1c_turn_a_complement.TestNonDraftGuards" name="test_patch_and_delete_reject_non_draft" time="0.153" /><testcase classname="tests.test_phase1c_turn_a_complement.TestFreezeAndPublicRead" name="test_freeze_refuses_when_no_territory_ids" time="0.151" /><testcase classname="tests.test_phase1c_turn_a_complement.TestFreezeAndPublicRead" name="test_public_snapshot_scrubbed_and_no_token_leak" time="0.555" /><testcase classname="tests.test_phase1c_turn_a_complement.TestPhase1BRegression" name="test_paloma_template_still_draft" time="0.051" /><testcase classname="tests.test_phase1c_turn_a_complement.TestPhase1BRegression" name="test_paloma_evidence_pack_still_returns_zip" time="0.470" /><testcase classname="tests.test_phase1c_turn_a_complement.TestPhase1BRegression" name="test_marker_library_still_29" time="0.055" /></testsuite></testsuites>