<?xml version="1.0" encoding="utf-8"?><testsuites name="pytest tests"><testsuite name="pytest" errors="0" failures="0" skipped="0" tests="16" time="1.825" timestamp="2026-06-30T09:40:14.694592+00:00" hostname="agent-env-a7d3e22e-e0ae-4d1c-8784-326830d3662c"><testcase classname="backend.tests.test_iter38_files_search.TestFranchiseeSearch" name="test_armed_forces_day_no_5xx" time="0.549" /><testcase classname="backend.tests.test_iter38_files_search.TestFranchiseeSearch" name="test_single_word_craft" time="0.055" /><testcase classname="backend.tests.test_iter38_files_search.TestFranchiseeSearch" name="test_single_word_training" time="0.054" /><testcase classname="backend.tests.test_iter38_files_search.TestFranchiseeSearch" name="test_multi_word_shared_brand" time="0.054" /><testcase classname="backend.tests.test_iter38_files_search.TestFranchiseeSearch" name="test_short_query_returns_422_not_5xx" time="0.045" /><testcase classname="backend.tests.test_iter38_files_search.TestAdminSearch" name="test_admin_global_search" time="0.388" /><testcase classname="backend.tests.test_iter38_files_search.TestAdminSearch" name="test_admin_simple_query" time="0.055" /><testcase classname="backend.tests.test_iter38_files_search.TestAdminSearch" name="test_admin_folder_scoped_search" time="0.109" /><testcase classname="backend.tests.test_iter38_files_search.TestAdversarialQueries" name="test_no_5xx_on_weird_inputs[...]" time="0.059" /><testcase classname="backend.tests.test_iter38_files_search.TestAdversarialQueries" name="test_no_5xx_on_weird_inputs[  spaces  ]" time="0.054" /><testcase classname="backend.tests.test_iter38_files_search.TestAdversarialQueries" name="test_no_5xx_on_weird_inputs[r\xe9guli\xe8re]" time="0.053" /><testcase classname="backend.tests.test_iter38_files_search.TestAdversarialQueries" name="test_no_5xx_on_weird_inputs[file.pdf]" time="0.054" /><testcase classname="backend.tests.test_iter38_files_search.TestAdversarialQueries" name="test_no_5xx_on_weird_inputs[[bracket]]" time="0.053" /><testcase classname="backend.tests.test_iter38_files_search.TestAdversarialQueries" name="test_no_5xx_on_weird_inputs[$test^]" time="0.055" /><testcase classname="backend.tests.test_iter38_files_search.TestAdversarialQueries" name="test_no_5xx_on_weird_inputs[a/b/c]" time="0.055" /><testcase classname="backend.tests.test_iter38_files_search.TestAdversarialQueries" name="test_no_5xx_on_weird_inputs[\U0001f389 party]" time="0.054" /></testsuite></testsuites>