<?xml version="1.0" encoding="utf-8"?><testsuites name="pytest tests"><testsuite name="pytest" errors="0" failures="0" skipped="0" tests="7" time="1.418" timestamp="2026-06-02T15:16:24.008090+00:00" hostname="agent-env-a7d3e22e-e0ae-4d1c-8784-326830d3662c"><testcase classname="backend.tests.test_iter25_users_orders.TestPortalModulesBookings" name="test_patch_bookings_true_then_false" time="0.559" /><testcase classname="backend.tests.test_iter25_users_orders.TestPortalModulesBookings" name="test_patch_ignores_unknown_keys" time="0.049" /><testcase classname="backend.tests.test_iter25_users_orders.TestPortalMeBackfill" name="test_portal_me_includes_bookings" time="0.445" /><testcase classname="backend.tests.test_iter25_users_orders.TestOrdersManualCreate" name="test_create_order_with_billing" time="0.056" /><testcase classname="backend.tests.test_iter25_users_orders.TestOrdersManualCreate" name="test_get_order_returns_persisted_billing" time="0.056" /><testcase classname="backend.tests.test_iter25_users_orders.TestOrdersManualCreate" name="test_create_order_without_billing_still_works" time="0.062" /><testcase classname="backend.tests.test_iter25_users_orders.TestWorldwideLicenseeTag" name="test_find_or_tag_worldwide_licencee" time="0.104" /></testsuite></testsuites>