<?xml version="1.0" encoding="utf-8"?><testsuites name="pytest tests"><testsuite name="pytest" errors="0" failures="0" skipped="0" tests="7" time="14.560" timestamp="2026-07-24T07:27:49.751291+00:00" hostname="agent-env-a7d3e22e-e0ae-4d1c-8784-326830d3662c"><testcase classname="backend.tests.test_iter45_docx_e2e.TestDocxUploadEndpoint" name="test_upload_async_endpoint_docx" time="7.900" /><testcase classname="backend.tests.test_iter45_docx_e2e.TestDocxUploadEndpoint" name="test_upload_async_docx_with_reference_pdf" time="5.976" /><testcase classname="backend.tests.test_iter45_docx_e2e.TestDocxUploadEndpoint" name="test_upload_async_rejects_unknown_extension" time="0.082" /><testcase classname="backend.tests.test_iter45_docx_e2e.TestDocxUploadEndpoint" name="test_source_docx_requires_auth" time="0.119" /><testcase classname="backend.tests.test_iter45_docx_e2e.TestDocxUploadEndpoint" name="test_source_docx_404_when_no_source" time="0.214" /><testcase classname="backend.tests.test_iter45_docx_e2e.TestDocxUploadEndpoint" name="test_paloma_content_quality" time="0.094" /><testcase classname="backend.tests.test_iter45_docx_e2e.TestDocxUploadEndpoint" name="test_cleanup" time="0.087" /></testsuite></testsuites>