<?xml version="1.0" encoding="utf-8"?><testsuites name="pytest tests"><testsuite name="pytest" errors="0" failures="0" skipped="0" tests="10" time="2.512" timestamp="2026-06-26T14:14:08.143395+00:00" hostname="agent-env-a7d3e22e-e0ae-4d1c-8784-326830d3662c"><testcase classname="backend.tests.test_iter37_reply_to_dedupe.TestReplyToFallback" name="test_franchise_template_has_paul_as_default_from" time="0.706" /><testcase classname="backend.tests.test_iter37_reply_to_dedupe.TestReplyToFallback" name="test_source_implements_template_first_precedence" time="0.100" /><testcase classname="backend.tests.test_iter37_reply_to_dedupe.TestMarkAsReplied" name="test_first_post_appends_event_and_sets_last_event" time="0.202" /><testcase classname="backend.tests.test_iter37_reply_to_dedupe.TestMarkAsReplied" name="test_second_post_is_idempotent" time="0.241" /><testcase classname="backend.tests.test_iter37_reply_to_dedupe.TestMarkAsReplied" name="test_delete_removes_marker_and_recomputes_last_event" time="0.256" /><testcase classname="backend.tests.test_iter37_reply_to_dedupe.TestMarkAsReplied" name="test_mark_unknown_send_404" time="0.144" /><testcase classname="backend.tests.test_iter37_reply_to_dedupe.TestTemperatureBoost" name="test_replied_adds_15_to_score" time="0.331" /><testcase classname="backend.tests.test_iter37_reply_to_dedupe.TestRegression" name="test_list_sends_returns_seeded_doc" time="0.140" /><testcase classname="backend.tests.test_iter37_reply_to_dedupe.TestRegression" name="test_landing_pages_admin_still_loads" time="0.144" /><testcase classname="backend.tests.test_iter37_reply_to_dedupe.TestRegression" name="test_email_templates_still_loads" time="0.148" /></testsuite></testsuites>