<?xml version="1.0" encoding="utf-8"?><testsuites name="pytest tests"><testsuite name="pytest" errors="0" failures="0" skipped="1" tests="29" time="20.292" timestamp="2026-07-24T17:02:57.249737+00:00" hostname="agent-env-a7d3e22e-e0ae-4d1c-8784-326830d3662c"><testcase classname="backend.tests.test_phase1c_turn_a.TestTemplateApprovalGate" name="test_dry_run_ok_for_clean_template" time="1.647" /><testcase classname="backend.tests.test_phase1c_turn_a.TestTemplateApprovalGate" name="test_approve_sets_status_and_freezes_version" time="1.453" /><testcase classname="backend.tests.test_phase1c_turn_a.TestTemplateApprovalGate" name="test_approve_blocked_on_draft_with_unacked_substitution" time="0.920"><skipped type="pytest.skip" message="Unacked-substitution fabrication requires an internal hook not exposed by the public API. Positive gate is verified in test_dry_run_ok_for_clean_template + test_approve_sets_status_and_freezes_version.">/app/backend/tests/test_phase1c_turn_a.py:200: Unacked-substitution fabrication requires an internal hook not exposed by the public API. Positive gate is verified in test_dry_run_ok_for_clean_template + test_approve_sets_status_and_freezes_version.</skipped></testcase><testcase classname="backend.tests.test_phase1c_turn_a.TestTemplateApprovalGate" name="test_retire_flips_status" time="1.606" /><testcase classname="backend.tests.test_phase1c_turn_a.TestContractsDraftCrud" name="test_create_draft_requires_approved_template" time="0.150" /><testcase classname="backend.tests.test_phase1c_turn_a.TestContractsDraftCrud" name="test_reject_unknown_field" time="0.048" /><testcase classname="backend.tests.test_phase1c_turn_a.TestContractsDraftCrud" name="test_reject_non_approved_template" time="0.943" /><testcase classname="backend.tests.test_phase1c_turn_a.TestContractsDraftCrud" name="test_list_and_get" time="0.097" /><testcase classname="backend.tests.test_phase1c_turn_a.TestContractsDraftCrud" name="test_patch_draft_allowed_fields_only" time="0.049" /><testcase classname="backend.tests.test_phase1c_turn_a.TestContractsDraftCrud" name="test_patch_rejects_status_change" time="0.050" /><testcase classname="backend.tests.test_phase1c_turn_a.TestTerritoryFreeze" name="test_freeze_creates_snapshot_and_records_url" time="0.049" /><testcase classname="backend.tests.test_phase1c_turn_a.TestTerritoryFreeze" name="test_second_freeze_is_refused" time="0.044" /><testcase classname="backend.tests.test_phase1c_turn_a.TestTerritoryFreeze" name="test_public_read_requires_valid_token" time="0.254" /><testcase classname="backend.tests.test_phase1c_turn_a.TestTerritoryFreeze" name="test_admin_view_includes_secure_token" time="0.047" /><testcase classname="backend.tests.test_phase1c_turn_a.TestDraftDelete" name="test_delete_draft_works" time="0.092" /><testcase classname="backend.tests.test_phase1c_turn_a_complement.TestMarkerLibrary" name="test_territory_map_url_seed_shape" time="0.384" /><testcase classname="backend.tests.test_phase1c_turn_a_complement.TestApproveNegative" name="test_approve_nonexistent_template_returns_404" time="0.052" /><testcase classname="backend.tests.test_phase1c_turn_a_complement.TestApproveNegative" name="test_approve_with_sha_mismatch_returns_400" time="1.342" /><testcase classname="backend.tests.test_phase1c_turn_a_complement.TestAutoRetireScope" name="test_auto_retire_only_same_contract_type" time="3.962" /><testcase classname="backend.tests.test_phase1c_turn_a_complement.TestAutoRetireScope" name="test_retire_endpoint_audit_and_idempotent" time="1.445" /><testcase classname="backend.tests.test_phase1c_turn_a_complement.TestVersionsEndpoint" name="test_versions_sorted_desc_and_shape" time="1.793" /><testcase classname="backend.tests.test_phase1c_turn_a_complement.TestContractsFiltersAndGuards" name="test_list_filters_and_get_404" time="1.961" /><testcase classname="backend.tests.test_phase1c_turn_a_complement.TestContractsFiltersAndGuards" name="test_patch_status_field_rejected_and_unknown_fields_listed" time="0.366" /><testcase classname="backend.tests.test_phase1c_turn_a_complement.TestNonDraftGuards" name="test_patch_and_delete_reject_non_draft" time="0.156" /><testcase classname="backend.tests.test_phase1c_turn_a_complement.TestFreezeAndPublicRead" name="test_freeze_refuses_when_no_territory_ids" time="0.175" /><testcase classname="backend.tests.test_phase1c_turn_a_complement.TestFreezeAndPublicRead" name="test_public_snapshot_scrubbed_and_no_token_leak" time="0.517" /><testcase classname="backend.tests.test_phase1c_turn_a_complement.TestPhase1BRegression" name="test_paloma_template_still_draft" time="0.052" /><testcase classname="backend.tests.test_phase1c_turn_a_complement.TestPhase1BRegression" name="test_paloma_evidence_pack_still_returns_zip" time="0.382" /><testcase classname="backend.tests.test_phase1c_turn_a_complement.TestPhase1BRegression" name="test_marker_library_still_29" time="0.051" /></testsuite></testsuites>