<?xml version="1.0" encoding="utf-8"?><testsuites name="pytest tests"><testsuite name="pytest" errors="0" failures="0" skipped="0" tests="47" time="23.684" timestamp="2026-07-24T07:26:36.080958+00:00" hostname="agent-env-a7d3e22e-e0ae-4d1c-8784-326830d3662c"><testcase classname="backend.tests.test_contract_templates_phase1a.TestAuthGuard" name="test_list_requires_auth" time="0.260" /><testcase classname="backend.tests.test_contract_templates_phase1a.TestAuthGuard" name="test_create_requires_auth" time="0.097" /><testcase classname="backend.tests.test_contract_templates_phase1a.TestAuthGuard" name="test_placeholders_requires_auth" time="0.111" /><testcase classname="backend.tests.test_contract_templates_phase1a.TestPlaceholders" name="test_placeholders_list" time="0.418" /><testcase classname="backend.tests.test_contract_templates_phase1a.TestPlaceholders" name="test_branding" time="0.090" /><testcase classname="backend.tests.test_contract_templates_phase1a.TestCreateAndList" name="test_create_blank" time="0.183" /><testcase classname="backend.tests.test_contract_templates_phase1a.TestCreateAndList" name="test_list_all" time="0.272" /><testcase classname="backend.tests.test_contract_templates_phase1a.TestCreateAndList" name="test_list_filter_status" time="0.089" /><testcase classname="backend.tests.test_contract_templates_phase1a.TestCreateAndList" name="test_list_filter_contract_type" time="0.095" /><testcase classname="backend.tests.test_contract_templates_phase1a.TestCreateAndList" name="test_list_filter_invalid_status" time="0.092" /><testcase classname="backend.tests.test_contract_templates_phase1a.TestDraftAutosave" name="test_patch_draft_no_version_bump" time="0.302" /><testcase classname="backend.tests.test_contract_templates_phase1a.TestVersioning" name="test_create_version_increments" time="0.213" /><testcase classname="backend.tests.test_contract_templates_phase1a.TestVersioning" name="test_list_versions_top_is_newest" time="0.097" /><testcase classname="backend.tests.test_contract_templates_phase1a.TestVersioning" name="test_get_specific_version" time="0.099" /><testcase classname="backend.tests.test_contract_templates_phase1a.TestVersioning" name="test_rollback_creates_new_head" time="0.393" /><testcase classname="backend.tests.test_contract_templates_phase1a.TestRename" name="test_rename_metadata" time="0.189" /><testcase classname="backend.tests.test_contract_templates_phase1a.TestRename" name="test_rename_empty_name_fails" time="0.107" /><testcase classname="backend.tests.test_contract_templates_phase1a.TestRename" name="test_rename_bad_type_fails" time="0.106" /><testcase classname="backend.tests.test_contract_templates_phase1a.TestLifecycle" name="test_approve_conversion" time="0.294" /><testcase classname="backend.tests.test_contract_templates_phase1a.TestLifecycle" name="test_publish_then_idempotent" time="0.284" /><testcase classname="backend.tests.test_contract_templates_phase1a.TestLifecycle" name="test_set_default" time="0.192" /><testcase classname="backend.tests.test_contract_templates_phase1a.TestLifecycle" name="test_duplicate" time="0.193" /><testcase classname="backend.tests.test_contract_templates_phase1a.TestLifecycle" name="test_archive" time="0.187" /><testcase classname="backend.tests.test_contract_templates_phase1a.TestPreviewPdf" name="test_preview_pdf_returns_pdf" time="0.486" /><testcase classname="backend.tests.test_contract_templates_phase1a.TestUploadPdf" name="test_upload_pdf" time="3.006" /><testcase classname="backend.tests.test_contract_templates_phase1a.TestUploadPdf" name="test_upload_non_pdf_rejected" time="0.091" /><testcase classname="backend.tests.test_contract_templates_phase1a.TestUploadPdf" name="test_upload_empty_pdf_rejected" time="0.099" /><testcase classname="backend.tests.test_contract_templates_upload_async.TestAuthGuardAsync" name="test_upload_async_requires_auth" time="0.105" /><testcase classname="backend.tests.test_contract_templates_upload_async.TestAuthGuardAsync" name="test_get_job_requires_auth" time="0.093" /><testcase classname="backend.tests.test_contract_templates_upload_async.TestValidation" name="test_non_pdf_rejected" time="0.413" /><testcase classname="backend.tests.test_contract_templates_upload_async.TestValidation" name="test_empty_file_rejected" time="0.095" /><testcase classname="backend.tests.test_contract_templates_upload_async.TestValidation" name="test_invalid_contract_type_rejected" time="0.100" /><testcase classname="backend.tests.test_contract_templates_upload_async.TestValidation" name="test_nonexistent_job_404" time="0.094" /><testcase classname="backend.tests.test_contract_templates_upload_async.TestImmediateResponse" name="test_upload_returns_immediately" time="0.100" /><testcase classname="backend.tests.test_contract_templates_upload_async.TestE2EFlow" name="test_full_conversion_reaches_complete" time="9.783" /><testcase classname="backend.tests.test_contract_templates_upload_async.TestBackCompatSync" name="test_sync_upload_still_works" time="3.305" /><testcase classname="backend.tests.test_contract_preview_toc" name="test_toc_page_numbers_reflect_headings" time="0.154" /><testcase classname="backend.tests.test_contract_preview_toc" name="test_page_break_pushes_downstream_headings_forward" time="0.210" /><testcase classname="backend.tests.test_contract_preview_toc" name="test_empty_toc_renders_without_error" time="0.054" /><testcase classname="backend.tests.test_contract_preview_toc" name="test_authoritative_numbering_runs_only_after_approval" time="0.001" /><testcase classname="backend.tests.test_contract_docx_pipeline.TestBasics" name="test_headings_and_paragraphs" time="0.006" /><testcase classname="backend.tests.test_contract_docx_pipeline.TestBasics" name="test_center_alignment_becomes_class" time="0.004" /><testcase classname="backend.tests.test_contract_docx_pipeline.TestBasics" name="test_alignment_ignored_when_named_style_present" time="0.003" /><testcase classname="backend.tests.test_contract_docx_pipeline.TestBasics" name="test_page_break_inserts_marker" time="0.005" /><testcase classname="backend.tests.test_contract_docx_pipeline.TestBasics" name="test_wraps_leading_clause_numbers_in_headings" time="0.003" /><testcase classname="backend.tests.test_contract_docx_pipeline.TestBasics" name="test_extraction_returns_plain_text" time="0.003" /><testcase classname="backend.tests.test_contract_docx_pipeline.TestPaloma" name="test_paloma_conversion" time="0.531" /></testsuite></testsuites>