<?xml version="1.0" encoding="utf-8"?><testsuites name="pytest tests"><testsuite name="pytest" errors="0" failures="0" skipped="0" tests="40" time="28.338" timestamp="2026-07-23T17:41:49.314363+00:00" hostname="agent-env-a7d3e22e-e0ae-4d1c-8784-326830d3662c"><testcase classname="backend.tests.test_contract_templates_phase1a.TestAuthGuard" name="test_list_requires_auth" time="0.171" /><testcase classname="backend.tests.test_contract_templates_phase1a.TestAuthGuard" name="test_create_requires_auth" time="0.140" /><testcase classname="backend.tests.test_contract_templates_phase1a.TestAuthGuard" name="test_placeholders_requires_auth" time="0.142" /><testcase classname="backend.tests.test_contract_templates_phase1a.TestPlaceholders" name="test_placeholders_list" time="0.455" /><testcase classname="backend.tests.test_contract_templates_phase1a.TestPlaceholders" name="test_branding" time="0.105" /><testcase classname="backend.tests.test_contract_templates_phase1a.TestCreateAndList" name="test_create_blank" time="0.246" /><testcase classname="backend.tests.test_contract_templates_phase1a.TestCreateAndList" name="test_list_all" time="0.108" /><testcase classname="backend.tests.test_contract_templates_phase1a.TestCreateAndList" name="test_list_filter_status" time="0.111" /><testcase classname="backend.tests.test_contract_templates_phase1a.TestCreateAndList" name="test_list_filter_contract_type" time="0.103" /><testcase classname="backend.tests.test_contract_templates_phase1a.TestCreateAndList" name="test_list_filter_invalid_status" time="0.098" /><testcase classname="backend.tests.test_contract_templates_phase1a.TestDraftAutosave" name="test_patch_draft_no_version_bump" time="0.354" /><testcase classname="backend.tests.test_contract_templates_phase1a.TestVersioning" name="test_create_version_increments" time="0.239" /><testcase classname="backend.tests.test_contract_templates_phase1a.TestVersioning" name="test_list_versions_top_is_newest" time="0.109" /><testcase classname="backend.tests.test_contract_templates_phase1a.TestVersioning" name="test_get_specific_version" time="0.128" /><testcase classname="backend.tests.test_contract_templates_phase1a.TestVersioning" name="test_rollback_creates_new_head" time="0.458" /><testcase classname="backend.tests.test_contract_templates_phase1a.TestRename" name="test_rename_metadata" time="0.238" /><testcase classname="backend.tests.test_contract_templates_phase1a.TestRename" name="test_rename_empty_name_fails" time="0.122" /><testcase classname="backend.tests.test_contract_templates_phase1a.TestRename" name="test_rename_bad_type_fails" time="0.126" /><testcase classname="backend.tests.test_contract_templates_phase1a.TestLifecycle" name="test_approve_conversion" time="1.091" /><testcase classname="backend.tests.test_contract_templates_phase1a.TestLifecycle" name="test_publish_then_idempotent" time="0.400" /><testcase classname="backend.tests.test_contract_templates_phase1a.TestLifecycle" name="test_set_default" time="0.248" /><testcase classname="backend.tests.test_contract_templates_phase1a.TestLifecycle" name="test_duplicate" time="0.252" /><testcase classname="backend.tests.test_contract_templates_phase1a.TestLifecycle" name="test_archive" time="0.250" /><testcase classname="backend.tests.test_contract_templates_phase1a.TestPreviewPdf" name="test_preview_pdf_returns_pdf" time="1.232" /><testcase classname="backend.tests.test_contract_templates_phase1a.TestUploadPdf" name="test_upload_pdf" time="6.319" /><testcase classname="backend.tests.test_contract_templates_phase1a.TestUploadPdf" name="test_upload_non_pdf_rejected" time="0.110" /><testcase classname="backend.tests.test_contract_templates_phase1a.TestUploadPdf" name="test_upload_empty_pdf_rejected" time="0.137" /><testcase classname="backend.tests.test_contract_preview_toc" name="test_toc_page_numbers_reflect_headings" time="0.145" /><testcase classname="backend.tests.test_contract_preview_toc" name="test_page_break_pushes_downstream_headings_forward" time="0.205" /><testcase classname="backend.tests.test_contract_preview_toc" name="test_empty_toc_renders_without_error" time="0.050" /><testcase classname="backend.tests.test_contract_preview_toc" name="test_authoritative_numbering_runs_only_after_approval" time="0.001" /><testcase classname="backend.tests.test_contract_templates_upload_async.TestAuthGuardAsync" name="test_upload_async_requires_auth" time="0.101" /><testcase classname="backend.tests.test_contract_templates_upload_async.TestAuthGuardAsync" name="test_get_job_requires_auth" time="0.108" /><testcase classname="backend.tests.test_contract_templates_upload_async.TestValidation" name="test_non_pdf_rejected" time="0.484" /><testcase classname="backend.tests.test_contract_templates_upload_async.TestValidation" name="test_empty_file_rejected" time="0.139" /><testcase classname="backend.tests.test_contract_templates_upload_async.TestValidation" name="test_invalid_contract_type_rejected" time="0.123" /><testcase classname="backend.tests.test_contract_templates_upload_async.TestValidation" name="test_nonexistent_job_404" time="0.119" /><testcase classname="backend.tests.test_contract_templates_upload_async.TestImmediateResponse" name="test_upload_returns_immediately" time="0.136" /><testcase classname="backend.tests.test_contract_templates_upload_async.TestE2EFlow" name="test_full_conversion_reaches_complete" time="8.947" /><testcase classname="backend.tests.test_contract_templates_upload_async.TestBackCompatSync" name="test_sync_upload_still_works" time="3.719" /></testsuite></testsuites>