<?xml version="1.0" encoding="utf-8"?><testsuites name="pytest tests"><testsuite name="pytest" errors="0" failures="0" skipped="0" tests="7" time="11.539" timestamp="2026-07-24T07:39:01.157534+00:00" hostname="agent-env-a7d3e22e-e0ae-4d1c-8784-326830d3662c"><testcase classname="tests.test_iter45_docx_e2e.TestDocxUploadEndpoint" name="test_upload_async_endpoint_docx" time="4.944" /><testcase classname="tests.test_iter45_docx_e2e.TestDocxUploadEndpoint" name="test_upload_async_docx_with_reference_pdf" time="6.029" /><testcase classname="tests.test_iter45_docx_e2e.TestDocxUploadEndpoint" name="test_upload_async_rejects_unknown_extension" time="0.054" /><testcase classname="tests.test_iter45_docx_e2e.TestDocxUploadEndpoint" name="test_source_docx_requires_auth" time="0.143" /><testcase classname="tests.test_iter45_docx_e2e.TestDocxUploadEndpoint" name="test_source_docx_404_when_no_source" time="0.158" /><testcase classname="tests.test_iter45_docx_e2e.TestDocxUploadEndpoint" name="test_paloma_content_quality" time="0.093" /><testcase classname="tests.test_iter45_docx_e2e.TestDocxUploadEndpoint" name="test_cleanup" time="0.052" /></testsuite></testsuites>