<?xml version="1.0" encoding="utf-8"?><testsuites name="pytest tests"><testsuite name="pytest" errors="0" failures="0" skipped="0" tests="7" time="23.986" timestamp="2026-05-14T14:07:23.707783+00:00" hostname="agent-env-a7d3e22e-e0ae-4d1c-8784-326830d3662c"><testcase classname="tests.test_iter16_gocardless" name="test_gocardless_status_endpoint" time="0.305" /><testcase classname="tests.test_iter16_gocardless" name="test_gocardless_alerts_endpoint_default" time="0.288" /><testcase classname="tests.test_iter16_gocardless" name="test_gocardless_alerts_custom_window" time="0.289" /><testcase classname="tests.test_iter16_gocardless" name="test_dry_run_sync_does_not_write" time="22.699" /><testcase classname="tests.test_iter16_gocardless" name="test_webhook_missing_signature_rejected" time="0.021" /><testcase classname="tests.test_iter16_gocardless" name="test_webhook_bad_signature_rejected" time="0.315" /><testcase classname="tests.test_iter16_gocardless" name="test_webhook_good_signature_processes_events" time="0.011" /></testsuite></testsuites>