<?xml version="1.0" encoding="utf-8"?><testsuites name="pytest tests"><testsuite name="pytest" errors="0" failures="0" skipped="0" tests="31" time="14.498" timestamp="2026-07-23T17:34:18.944420+00:00" hostname="agent-env-a7d3e22e-e0ae-4d1c-8784-326830d3662c"><testcase classname="backend.tests.test_contract_templates_phase1a.TestAuthGuard" name="test_list_requires_auth" time="0.257" /><testcase classname="backend.tests.test_contract_templates_phase1a.TestAuthGuard" name="test_create_requires_auth" time="0.119" /><testcase classname="backend.tests.test_contract_templates_phase1a.TestAuthGuard" name="test_placeholders_requires_auth" time="0.130" /><testcase classname="backend.tests.test_contract_templates_phase1a.TestPlaceholders" name="test_placeholders_list" time="0.461" /><testcase classname="backend.tests.test_contract_templates_phase1a.TestPlaceholders" name="test_branding" time="0.119" /><testcase classname="backend.tests.test_contract_templates_phase1a.TestCreateAndList" name="test_create_blank" time="0.266" /><testcase classname="backend.tests.test_contract_templates_phase1a.TestCreateAndList" name="test_list_all" time="0.103" /><testcase classname="backend.tests.test_contract_templates_phase1a.TestCreateAndList" name="test_list_filter_status" time="0.118" /><testcase classname="backend.tests.test_contract_templates_phase1a.TestCreateAndList" name="test_list_filter_contract_type" time="0.116" /><testcase classname="backend.tests.test_contract_templates_phase1a.TestCreateAndList" name="test_list_filter_invalid_status" time="0.103" /><testcase classname="backend.tests.test_contract_templates_phase1a.TestDraftAutosave" name="test_patch_draft_no_version_bump" time="0.329" /><testcase classname="backend.tests.test_contract_templates_phase1a.TestVersioning" name="test_create_version_increments" time="0.238" /><testcase classname="backend.tests.test_contract_templates_phase1a.TestVersioning" name="test_list_versions_top_is_newest" time="0.112" /><testcase classname="backend.tests.test_contract_templates_phase1a.TestVersioning" name="test_get_specific_version" time="0.125" /><testcase classname="backend.tests.test_contract_templates_phase1a.TestVersioning" name="test_rollback_creates_new_head" time="0.482" /><testcase classname="backend.tests.test_contract_templates_phase1a.TestRename" name="test_rename_metadata" time="0.207" /><testcase classname="backend.tests.test_contract_templates_phase1a.TestRename" name="test_rename_empty_name_fails" time="0.109" /><testcase classname="backend.tests.test_contract_templates_phase1a.TestRename" name="test_rename_bad_type_fails" time="0.114" /><testcase classname="backend.tests.test_contract_templates_phase1a.TestLifecycle" name="test_approve_conversion" time="0.395" /><testcase classname="backend.tests.test_contract_templates_phase1a.TestLifecycle" name="test_publish_then_idempotent" time="0.361" /><testcase classname="backend.tests.test_contract_templates_phase1a.TestLifecycle" name="test_set_default" time="0.245" /><testcase classname="backend.tests.test_contract_templates_phase1a.TestLifecycle" name="test_duplicate" time="0.260" /><testcase classname="backend.tests.test_contract_templates_phase1a.TestLifecycle" name="test_archive" time="0.235" /><testcase classname="backend.tests.test_contract_templates_phase1a.TestPreviewPdf" name="test_preview_pdf_returns_pdf" time="0.622" /><testcase classname="backend.tests.test_contract_templates_phase1a.TestUploadPdf" name="test_upload_pdf" time="7.649" /><testcase classname="backend.tests.test_contract_templates_phase1a.TestUploadPdf" name="test_upload_non_pdf_rejected" time="0.122" /><testcase classname="backend.tests.test_contract_templates_phase1a.TestUploadPdf" name="test_upload_empty_pdf_rejected" time="0.143" /><testcase classname="backend.tests.test_contract_preview_toc" name="test_toc_page_numbers_reflect_headings" time="0.153" /><testcase classname="backend.tests.test_contract_preview_toc" name="test_page_break_pushes_downstream_headings_forward" time="0.208" /><testcase classname="backend.tests.test_contract_preview_toc" name="test_empty_toc_renders_without_error" time="0.051" /><testcase classname="backend.tests.test_contract_preview_toc" name="test_authoritative_numbering_runs_only_after_approval" time="0.001" /></testsuite></testsuites>