<?xml version="1.0" encoding="utf-8"?><testsuites name="pytest tests"><testsuite name="pytest" errors="0" failures="0" skipped="0" tests="4" time="3.900" timestamp="2026-07-28T20:12:53.702302+00:00" hostname="agent-env-a7d3e22e-e0ae-4d1c-8784-326830d3662c"><testcase classname="backend.tests.test_contracts_draft_delete" name="test_preview_pdf_returns_pdf_blob" time="2.834" /><testcase classname="backend.tests.test_contracts_draft_delete" name="test_delete_draft_contract_success" time="0.779" /><testcase classname="backend.tests.test_contracts_draft_delete" name="test_delete_non_draft_contract_returns_400" time="0.138" /><testcase classname="backend.tests.test_contracts_draft_delete" name="test_delete_nonexistent_contract_returns_404" time="0.071" /></testsuite></testsuites>