<?xml version="1.0" encoding="utf-8"?><testsuites name="pytest tests"><testsuite name="pytest" errors="0" failures="0" skipped="0" tests="15" time="3.771" timestamp="2026-06-02T16:05:09.946999+00:00" hostname="agent-env-a7d3e22e-e0ae-4d1c-8784-326830d3662c"><testcase classname="backend.tests.test_iter26_portal_marketing.TestAccess" name="test_sandra_access_allowed" time="0.641" /><testcase classname="backend.tests.test_iter26_portal_marketing.TestAccess" name="test_demo_access_allowed_via_demo_tag" time="0.401" /><testcase classname="backend.tests.test_iter26_portal_marketing.TestRecipients" name="test_recipients_include_primary_and_secondaries" time="0.123" /><testcase classname="backend.tests.test_iter26_portal_marketing.TestPreview" name="test_preview_html_contains_signature" time="0.062" /><testcase classname="backend.tests.test_iter26_portal_marketing.TestTestSend" name="test_test_send_ok_or_502" time="0.279" /><testcase classname="backend.tests.test_iter26_portal_marketing.TestCampaignValidation" name="test_missing_title" time="0.071" /><testcase classname="backend.tests.test_iter26_portal_marketing.TestCampaignValidation" name="test_missing_intro" time="0.064" /><testcase classname="backend.tests.test_iter26_portal_marketing.TestCampaignValidation" name="test_missing_recipients" time="0.073" /><testcase classname="backend.tests.test_iter26_portal_marketing.TestCampaignValidation" name="test_more_than_five_recipients" time="0.065" /><testcase classname="backend.tests.test_iter26_portal_marketing.TestCampaignValidation" name="test_smuggled_client_id_rejected" time="0.065" /><testcase classname="backend.tests.test_iter26_portal_marketing.TestCampaignLifecycle" name="test_create_campaign_single_recipient" time="1.175" /><testcase classname="backend.tests.test_iter26_portal_marketing.TestCampaignLifecycle" name="test_list_campaigns_includes_rollups" time="0.061" /><testcase classname="backend.tests.test_iter26_portal_marketing.TestCampaignLifecycle" name="test_webhook_open_event_increments_opens" time="0.338" /><testcase classname="backend.tests.test_iter26_portal_marketing.TestCampaignLifecycle" name="test_other_franchisee_cannot_access" time="0.064" /><testcase classname="backend.tests.test_iter26_portal_marketing.TestCampaignLifecycle" name="test_delete_campaign" time="0.190" /></testsuite></testsuites>