<?xml version="1.0" encoding="utf-8"?><testsuites name="pytest tests"><testsuite name="pytest" errors="0" failures="0" skipped="0" tests="10" time="3.112" timestamp="2026-07-24T21:24:58.446532+00:00" hostname="agent-env-a7d3e22e-e0ae-4d1c-8784-326830d3662c"><testcase classname="tests.test_phase1c_turn_b_complement.TestMonthlyFeeQuantisation" name="test_no_float_drift_ceilings_to_two_dp" time="0.000" /><testcase classname="tests.test_phase1c_turn_b_complement.TestMonthlyFeeQuantisation" name="test_exact_two_dp_stable" time="0.000" /><testcase classname="tests.test_phase1c_turn_b_complement.TestMonthlyFeeQuantisation" name="test_null_monthly_fee_errors" time="0.000" /><testcase classname="tests.test_phase1c_turn_b_complement.TestProvenanceShapePure" name="test_every_resolved_value_carries_source_resolver_format" time="0.000" /><testcase classname="tests.test_phase1c_turn_b_complement.TestRefreshWithoutPriorFreeze" name="test_refresh_before_resolve_returns_400" time="2.416" /><testcase classname="tests.test_phase1c_turn_b_complement.TestFullFreezeProvenanceAndAudit" name="test_full_flow" time="0.302" /><testcase classname="tests.test_phase1c_turn_b_complement.TestPreviewOverrides" name="test_agreement_date_override_via_preview" time="0.143" /><testcase classname="tests.test_phase1c_turn_b_complement.TestPhase1BAndTurnARegression" name="test_marker_library_still_29_entries_with_territory_map" time="0.000" /><testcase classname="tests.test_phase1c_turn_b_complement.TestPhase1BAndTurnARegression" name="test_paloma_template_still_draft" time="0.049" /><testcase classname="tests.test_phase1c_turn_b_complement.TestPhase1BAndTurnARegression" name="test_markers_library_endpoint_lists_29" time="0.055" /></testsuite></testsuites>