<?xml version="1.0" encoding="utf-8"?><testsuites name="pytest tests"><testsuite name="pytest" errors="0" failures="1" skipped="0" tests="7" time="4.895" timestamp="2026-07-25T11:36:31.943267+00:00" hostname="agent-env-a7d3e22e-e0ae-4d1c-8784-326830d3662c"><testcase classname="tests.test_phase1c_turn_c_complement.TestPreviewGeneratorRegression" name="test_paloma_evidence_pack_zip_openable" time="1.008" /><testcase classname="tests.test_phase1c_turn_c_complement.TestPreviewGeneratorRegression" name="test_paloma_sample_preview_pdf_headers" time="0.414" /><testcase classname="tests.test_phase1c_turn_c_complement.TestPreviewGeneratorRegression" name="test_paloma_per_marker_png_has_overflow_header" time="0.041"><failure message="assert 405 == 200&#10; +  where 405 = &lt;Response [405]&gt;.status_code">tests/test_phase1c_turn_c_complement.py:144: in test_paloma_per_marker_png_has_overflow_header
    assert r.status_code == 200
E   assert 405 == 200
E    +  where 405 = &lt;Response [405]&gt;.status_code</failure></testcase><testcase classname="tests.test_phase1c_turn_c_complement.TestRenderReportSummary" name="test_render_report_summary_shape" time="2.704" /><testcase classname="tests.test_phase1c_turn_c_complement.TestRenderReportSummary" name="test_frozen_territory_url_prefix" time="0.043" /><testcase classname="tests.test_phase1c_turn_c_complement.TestRenderReportSummary" name="test_signed_url_head_reveals_content_type_and_cache_control" time="0.430" /><testcase classname="tests.test_phase1c_turn_c_complement.TestRenderReportSummary" name="test_double_issue_does_not_change_sha" time="0.084" /></testsuite></testsuites>