<?xml version="1.0" encoding="utf-8"?><testsuites name="pytest tests"><testsuite name="pytest" errors="0" failures="0" skipped="0" tests="16" time="6.346" timestamp="2026-05-14T10:26:20.541154+00:00" hostname="agent-env-a7d3e22e-e0ae-4d1c-8784-326830d3662c"><testcase classname="backend.tests.test_iter10_import_intake.TestContactsImport" name="test_import_licence_with_dedupe" time="1.083" /><testcase classname="backend.tests.test_iter10_import_intake.TestContactsImport" name="test_import_pipeline_qualified" time="0.500" /><testcase classname="backend.tests.test_iter10_import_intake.TestContactsImport" name="test_import_general" time="0.615" /><testcase classname="backend.tests.test_iter10_import_intake.TestContactsImport" name="test_import_franchise_iso_date_truncated" time="0.484" /><testcase classname="backend.tests.test_iter10_import_intake.TestContactsImport" name="test_import_invalid_target" time="0.046" /><testcase classname="backend.tests.test_iter10_import_intake.TestContactsImport" name="test_import_invalid_pipeline_status" time="0.053" /><testcase classname="backend.tests.test_iter10_import_intake.TestContactsImport" name="test_import_empty_rows" time="0.046" /><testcase classname="backend.tests.test_iter10_import_intake.TestContactsImport" name="test_import_dedupe_off" time="0.555" /><testcase classname="backend.tests.test_iter10_import_intake.TestContactsImport" name="test_import_empty_row_skipped" time="0.498" /><testcase classname="backend.tests.test_iter10_import_intake.TestContactsImport" name="test_import_no_auth" time="0.133" /><testcase classname="backend.tests.test_iter10_import_intake.TestIntakeFormRouting" name="test_form_17_to_pipeline" time="0.579" /><testcase classname="backend.tests.test_iter10_import_intake.TestIntakeFormRouting" name="test_form_32_to_pipeline" time="0.549" /><testcase classname="backend.tests.test_iter10_import_intake.TestIntakeFormRouting" name="test_form_1_general_not_in_pipeline" time="0.674" /><testcase classname="backend.tests.test_iter10_import_intake.TestDataSanity" name="test_pipeline_count_and_flag" time="0.048" /><testcase classname="backend.tests.test_iter10_import_intake.TestDataSanity" name="test_licence_has_sally_hare" time="0.050" /><testcase classname="backend.tests.test_iter10_import_intake.TestDataSanity" name="test_franchise_count_around_1660" time="0.223" /></testsuite></testsuites>