<?xml version="1.0" encoding="utf-8"?><testsuites name="pytest tests"><testsuite name="pytest" errors="0" failures="0" skipped="0" tests="5" time="1.338" timestamp="2026-05-14T11:10:41.573393+00:00" hostname="agent-env-a7d3e22e-e0ae-4d1c-8784-326830d3662c"><testcase classname="backend.tests.test_iter11_email_backfill.TestEmailBackfill" name="test_pipeline_new_emails_are_real" time="0.481" /><testcase classname="backend.tests.test_iter11_email_backfill.TestEmailBackfill" name="test_pipeline_all_emails_are_real" time="0.206" /><testcase classname="backend.tests.test_iter11_email_backfill.TestEmailBackfill" name="test_sample_5_pipeline_new" time="0.077" /><testcase classname="backend.tests.test_iter11_email_backfill.TestEmailBackfill" name="test_sally_hare_present_and_new" time="0.081" /><testcase classname="backend.tests.test_iter11_email_backfill.TestReplyPipelineAdvance" name="test_patch_pipeline_new_to_contacted_and_back" time="0.371" /></testsuite></testsuites>