<?xml version="1.0" encoding="utf-8"?><testsuites name="pytest tests"><testsuite name="pytest" errors="0" failures="0" skipped="0" tests="4" time="1.024" timestamp="2026-05-14T11:44:42.963247+00:00" hostname="agent-env-a7d3e22e-e0ae-4d1c-8784-326830d3662c"><testcase classname="backend.tests.test_iter13_funnel_source.TestDashboardFunnel" name="test_pipeline_funnel_filtered" time="0.773" /><testcase classname="backend.tests.test_iter13_funnel_source.TestDashboardFunnel" name="test_pipeline_funnel_by_source" time="0.064" /><testcase classname="backend.tests.test_iter13_funnel_source.TestDashboardFunnel" name="test_recent_enquiries_in_pipeline_only" time="0.059" /><testcase classname="backend.tests.test_iter13_funnel_source.TestPipelineTabRegression" name="test_pipeline_tab_27" time="0.053" /></testsuite></testsuites>