<?xml version="1.0" encoding="utf-8"?><testsuites name="pytest tests"><testsuite name="pytest" errors="0" failures="0" skipped="0" tests="31" time="4.309" timestamp="2026-07-24T21:22:35.663465+00:00" hostname="agent-env-a7d3e22e-e0ae-4d1c-8784-326830d3662c"><testcase classname="tests.test_phase1c_turn_b.TestResolverPureFranchiseeMarkers" name="test_first_name_string_asis" time="0.001" /><testcase classname="tests.test_phase1c_turn_b.TestResolverPureFranchiseeMarkers" name="test_full_name_assembled" time="0.000" /><testcase classname="tests.test_phase1c_turn_b.TestResolverPureFranchiseeMarkers" name="test_postcode_casing_upper" time="0.000" /><testcase classname="tests.test_phase1c_turn_b.TestResolverPureFranchiseeMarkers" name="test_address_block_assembled_and_cleaned" time="0.000" /><testcase classname="tests.test_phase1c_turn_b.TestResolverPureFranchiseeMarkers" name="test_address_block_omits_missing" time="0.000" /><testcase classname="tests.test_phase1c_turn_b.TestResolverContractSpecificMarkers" name="test_monthly_fee_currency_gbp" time="0.000" /><testcase classname="tests.test_phase1c_turn_b.TestResolverContractSpecificMarkers" name="test_commencement_date_formatted" time="0.000" /><testcase classname="tests.test_phase1c_turn_b.TestResolverContractSpecificMarkers" name="test_manual_marker_from_contract" time="0.000" /><testcase classname="tests.test_phase1c_turn_b.TestResolverContractSpecificMarkers" name="test_missing_manual_marker_errors" time="0.000" /><testcase classname="tests.test_phase1c_turn_b.TestResolverContractSpecificMarkers" name="test_missing_automatic_contract_marker_errors" time="0.000" /><testcase classname="tests.test_phase1c_turn_b.TestResolverContractSpecificMarkers" name="test_integer_marker" time="0.000" /><testcase classname="tests.test_phase1c_turn_b.TestResolverContractSpecificMarkers" name="test_multiline_special_terms" time="0.000" /><testcase classname="tests.test_phase1c_turn_b.TestSystemGeneratedMarkers" name="test_agreement_date_defaults_to_issue_date" time="0.000" /><testcase classname="tests.test_phase1c_turn_b.TestSystemGeneratedMarkers" name="test_agreement_date_hq_override_wins" time="0.000" /><testcase classname="tests.test_phase1c_turn_b.TestSystemGeneratedMarkers" name="test_contract_reference_auto_generated" time="0.000" /><testcase classname="tests.test_phase1c_turn_b.TestSystemGeneratedMarkers" name="test_contract_reference_uses_agreement_override_year" time="0.000" /><testcase classname="tests.test_phase1c_turn_b.TestSystemGeneratedMarkers" name="test_contract_reference_hq_override_wins" time="0.000" /><testcase classname="tests.test_phase1c_turn_b.TestTerritoryMapHyperlinkHardFail" name="test_hard_fail_when_no_snapshot" time="0.000" /><testcase classname="tests.test_phase1c_turn_b.TestTerritoryMapHyperlinkHardFail" name="test_happy_path_when_snapshot_frozen" time="0.000" /><testcase classname="tests.test_phase1c_turn_b.TestTerritoryMapHyperlinkHardFail" name="test_display_text_override_wins" time="0.000" /><testcase classname="tests.test_phase1c_turn_b.TestResolverEdgeCases" name="test_unknown_marker_code_errors" time="0.000" /><testcase classname="tests.test_phase1c_turn_b.TestResolverEdgeCases" name="test_never_mutates_inputs" time="0.000" /><testcase classname="tests.test_phase1c_turn_b.TestResolverEdgeCases" name="test_full_paloma_suite_resolves" time="0.000" /><testcase classname="tests.test_phase1c_turn_b.TestPreviewEndpoint" name="test_preview_surfaces_errors_without_freezing" time="2.011" /><testcase classname="tests.test_phase1c_turn_b.TestResolveFreezeAndImmutability" name="test_resolve_freezes_all_values" time="0.139" /><testcase classname="tests.test_phase1c_turn_b.TestResolveFreezeAndImmutability" name="test_second_resolve_refused" time="0.048" /><testcase classname="tests.test_phase1c_turn_b.TestResolveFreezeAndImmutability" name="test_franchisee_edit_after_freeze_does_not_alter_frozen" time="0.185" /><testcase classname="tests.test_phase1c_turn_b.TestRefreshVariables" name="test_refresh_requires_reason" time="0.047" /><testcase classname="tests.test_phase1c_turn_b.TestRefreshVariables" name="test_refresh_updates_and_records_history" time="0.098" /><testcase classname="tests.test_phase1c_turn_b.TestTerritoryMapHardFailIntegration" name="test_resolve_rejects_when_snapshot_missing" time="1.535" /><testcase classname="tests.test_phase1c_turn_b.TestTerritoryMapHardFailIntegration" name="test_resolve_succeeds_after_freeze_territory" time="0.101" /></testsuite></testsuites>