<?xml version="1.0" encoding="utf-8"?><testsuites name="pytest tests"><testsuite name="pytest" errors="0" failures="0" skipped="0" tests="10" time="1.766" timestamp="2026-06-25T15:22:29.699126+00:00" hostname="agent-env-a7d3e22e-e0ae-4d1c-8784-326830d3662c"><testcase classname="backend.tests.test_iter32_landing_temperature.TestPublicLanding" name="test_public_viewer_returns_page" time="0.222" /><testcase classname="backend.tests.test_iter32_landing_temperature.TestPublicLanding" name="test_public_viewer_unknown_slug_404" time="0.057" /><testcase classname="backend.tests.test_iter32_landing_temperature.TestPublicLanding" name="test_visit_increments_view_count" time="0.613" /><testcase classname="backend.tests.test_iter32_landing_temperature.TestPublicLanding" name="test_public_download_redirects_or_404" time="0.117" /><testcase classname="backend.tests.test_iter32_landing_temperature.TestAdminLandingCRUD" name="test_create_update_delete_cycle" time="0.315" /><testcase classname="backend.tests.test_iter32_landing_temperature.TestAdminLandingCRUD" name="test_duplicate_slug_rejected" time="0.044" /><testcase classname="backend.tests.test_iter32_landing_temperature.TestAdminLandingCRUD" name="test_unauthenticated_admin_blocked" time="0.167" /><testcase classname="backend.tests.test_iter32_landing_temperature.TestLeadTemperature" name="test_temperature_shape_and_cold_band" time="0.093" /><testcase classname="backend.tests.test_iter32_landing_temperature.TestLeadTemperature" name="test_band_logic_with_synthetic_engagement" time="0.046" /><testcase classname="backend.tests.test_iter32_landing_temperature.TestLandingTokenResolution" name="test_source_invariants" time="0.002" /></testsuite></testsuites>