<?xml version="1.0" encoding="utf-8"?><testsuites name="pytest tests"><testsuite name="pytest" errors="0" failures="0" skipped="0" tests="56" time="34.618" timestamp="2026-07-24T07:51:20.821815+00:00" hostname="agent-env-a7d3e22e-e0ae-4d1c-8784-326830d3662c"><testcase classname="backend.tests.test_contract_templates_phase1a.TestAuthGuard" name="test_list_requires_auth" time="0.210" /><testcase classname="backend.tests.test_contract_templates_phase1a.TestAuthGuard" name="test_create_requires_auth" time="0.101" /><testcase classname="backend.tests.test_contract_templates_phase1a.TestAuthGuard" name="test_placeholders_requires_auth" time="0.108" /><testcase classname="backend.tests.test_contract_templates_phase1a.TestPlaceholders" name="test_placeholders_list" time="0.454" /><testcase classname="backend.tests.test_contract_templates_phase1a.TestPlaceholders" name="test_branding" time="0.135" /><testcase classname="backend.tests.test_contract_templates_phase1a.TestCreateAndList" name="test_create_blank" time="0.194" /><testcase classname="backend.tests.test_contract_templates_phase1a.TestCreateAndList" name="test_list_all" time="0.103" /><testcase classname="backend.tests.test_contract_templates_phase1a.TestCreateAndList" name="test_list_filter_status" time="0.099" /><testcase classname="backend.tests.test_contract_templates_phase1a.TestCreateAndList" name="test_list_filter_contract_type" time="0.096" /><testcase classname="backend.tests.test_contract_templates_phase1a.TestCreateAndList" name="test_list_filter_invalid_status" time="0.120" /><testcase classname="backend.tests.test_contract_templates_phase1a.TestDraftAutosave" name="test_patch_draft_no_version_bump" time="0.299" /><testcase classname="backend.tests.test_contract_templates_phase1a.TestVersioning" name="test_create_version_increments" time="0.198" /><testcase classname="backend.tests.test_contract_templates_phase1a.TestVersioning" name="test_list_versions_top_is_newest" time="0.098" /><testcase classname="backend.tests.test_contract_templates_phase1a.TestVersioning" name="test_get_specific_version" time="0.099" /><testcase classname="backend.tests.test_contract_templates_phase1a.TestVersioning" name="test_rollback_creates_new_head" time="0.391" /><testcase classname="backend.tests.test_contract_templates_phase1a.TestRename" name="test_rename_metadata" time="0.194" /><testcase classname="backend.tests.test_contract_templates_phase1a.TestRename" name="test_rename_empty_name_fails" time="0.098" /><testcase classname="backend.tests.test_contract_templates_phase1a.TestRename" name="test_rename_bad_type_fails" time="0.117" /><testcase classname="backend.tests.test_contract_templates_phase1a.TestLifecycle" name="test_approve_conversion" time="0.307" /><testcase classname="backend.tests.test_contract_templates_phase1a.TestLifecycle" name="test_publish_then_idempotent" time="0.305" /><testcase classname="backend.tests.test_contract_templates_phase1a.TestLifecycle" name="test_set_default" time="0.205" /><testcase classname="backend.tests.test_contract_templates_phase1a.TestLifecycle" name="test_duplicate" time="0.191" /><testcase classname="backend.tests.test_contract_templates_phase1a.TestLifecycle" name="test_archive" time="0.193" /><testcase classname="backend.tests.test_contract_templates_phase1a.TestPreviewPdf" name="test_preview_pdf_returns_pdf" time="0.501" /><testcase classname="backend.tests.test_contract_templates_phase1a.TestUploadPdf" name="test_upload_pdf" time="4.203" /><testcase classname="backend.tests.test_contract_templates_phase1a.TestUploadPdf" name="test_upload_non_pdf_rejected" time="0.099" /><testcase classname="backend.tests.test_contract_templates_phase1a.TestUploadPdf" name="test_upload_empty_pdf_rejected" time="0.100" /><testcase classname="backend.tests.test_contract_docx_pipeline.TestBasics" name="test_headings_and_paragraphs" time="0.006" /><testcase classname="backend.tests.test_contract_docx_pipeline.TestBasics" name="test_center_alignment_becomes_class" time="0.003" /><testcase classname="backend.tests.test_contract_docx_pipeline.TestBasics" name="test_alignment_ignored_when_named_style_present" time="0.003" /><testcase classname="backend.tests.test_contract_docx_pipeline.TestBasics" name="test_page_break_inserts_marker" time="0.003" /><testcase classname="backend.tests.test_contract_docx_pipeline.TestBasics" name="test_wraps_leading_clause_numbers_in_headings" time="0.003" /><testcase classname="backend.tests.test_contract_docx_pipeline.TestBasics" name="test_extraction_returns_plain_text" time="0.003" /><testcase classname="backend.tests.test_contract_docx_pipeline.TestBasics" name="test_standalone_image_wrapped_in_paragraph" time="0.000" /><testcase classname="backend.tests.test_contract_docx_pipeline.TestBasics" name="test_image_inside_paragraph_left_alone" time="0.000" /><testcase classname="backend.tests.test_contract_docx_pipeline.TestPaloma" name="test_paloma_conversion" time="0.521" /><testcase classname="backend.tests.test_contract_preview_toc" name="test_toc_page_numbers_reflect_headings" time="0.151" /><testcase classname="backend.tests.test_contract_preview_toc" name="test_page_break_pushes_downstream_headings_forward" time="0.206" /><testcase classname="backend.tests.test_contract_preview_toc" name="test_empty_toc_renders_without_error" time="0.051" /><testcase classname="backend.tests.test_contract_preview_toc" name="test_authoritative_numbering_runs_only_after_approval" time="0.001" /><testcase classname="backend.tests.test_contract_templates_upload_async.TestAuthGuardAsync" name="test_upload_async_requires_auth" time="0.093" /><testcase classname="backend.tests.test_contract_templates_upload_async.TestAuthGuardAsync" name="test_get_job_requires_auth" time="0.099" /><testcase classname="backend.tests.test_contract_templates_upload_async.TestValidation" name="test_non_pdf_rejected" time="0.424" /><testcase classname="backend.tests.test_contract_templates_upload_async.TestValidation" name="test_empty_file_rejected" time="0.097" /><testcase classname="backend.tests.test_contract_templates_upload_async.TestValidation" name="test_invalid_contract_type_rejected" time="0.102" /><testcase classname="backend.tests.test_contract_templates_upload_async.TestValidation" name="test_nonexistent_job_404" time="0.102" /><testcase classname="backend.tests.test_contract_templates_upload_async.TestImmediateResponse" name="test_upload_returns_immediately" time="0.105" /><testcase classname="backend.tests.test_contract_templates_upload_async.TestE2EFlow" name="test_full_conversion_reaches_complete" time="8.583" /><testcase classname="backend.tests.test_contract_templates_upload_async.TestBackCompatSync" name="test_sync_upload_still_works" time="2.956" /><testcase classname="backend.tests.test_iter45_docx_e2e.TestDocxUploadEndpoint" name="test_upload_async_endpoint_docx" time="5.120" /><testcase classname="backend.tests.test_iter45_docx_e2e.TestDocxUploadEndpoint" name="test_upload_async_docx_with_reference_pdf" time="5.699" /><testcase classname="backend.tests.test_iter45_docx_e2e.TestDocxUploadEndpoint" name="test_upload_async_rejects_unknown_extension" time="0.050" /><testcase classname="backend.tests.test_iter45_docx_e2e.TestDocxUploadEndpoint" name="test_source_docx_requires_auth" time="0.149" /><testcase classname="backend.tests.test_iter45_docx_e2e.TestDocxUploadEndpoint" name="test_source_docx_404_when_no_source" time="0.147" /><testcase classname="backend.tests.test_iter45_docx_e2e.TestDocxUploadEndpoint" name="test_paloma_content_quality" time="0.077" /><testcase classname="backend.tests.test_iter45_docx_e2e.TestDocxUploadEndpoint" name="test_cleanup" time="0.046" /></testsuite></testsuites>