<?xml version="1.0" encoding="utf-8"?><testsuites name="pytest tests"><testsuite name="pytest" errors="0" failures="0" skipped="0" tests="21" time="8.789" timestamp="2026-07-25T11:33:40.616559+00:00" hostname="agent-env-a7d3e22e-e0ae-4d1c-8784-326830d3662c"><testcase classname="tests.test_phase1c_turn_c.TestRenderEngineHyperlink" name="test_hyperlink_gets_link_annotation" time="0.011" /><testcase classname="tests.test_phase1c_turn_c.TestRenderEngineHyperlink" name="test_hyperlink_underline_drawn" time="0.009" /><testcase classname="tests.test_phase1c_turn_c.TestRenderEngineHyperlink" name="test_empty_url_hard_fails_in_issuance" time="0.002" /><testcase classname="tests.test_phase1c_turn_c.TestRenderEngineStrictOverflow" name="test_overflow_hard_fails_in_issuance" time="0.005" /><testcase classname="tests.test_phase1c_turn_c.TestRenderEngineStrictOverflow" name="test_missing_value_hard_fails_in_issuance" time="0.002" /><testcase classname="tests.test_phase1c_turn_c.TestRenderEngineStrictOverflow" name="test_residual_token_detection" time="0.009" /><testcase classname="tests.test_phase1c_turn_c.TestRenderEngineStrictOverflow" name="test_source_bytes_immutable" time="0.007" /><testcase classname="tests.test_phase1c_turn_c.TestRenderEnginePreviewLenient" name="test_preview_tolerates_missing_values" time="0.007" /><testcase classname="tests.test_phase1c_turn_c.TestRenderEnginePreviewLenient" name="test_preview_still_watermarks" time="0.010" /><testcase classname="tests.test_phase1c_turn_c.TestIssuanceHappyPath" name="test_end_to_end_issue_territory_contract" time="3.365" /><testcase classname="tests.test_phase1c_turn_c.TestIssuanceHappyPath" name="test_source_pdf_unchanged_after_issue" time="0.238" /><testcase classname="tests.test_phase1c_turn_c.TestIssuanceHappyPath" name="test_signed_url_downloads_pdf_with_matching_sha" time="0.389" /><testcase classname="tests.test_phase1c_turn_c.TestIssuanceHappyPath" name="test_pdf_contains_clickable_territory_link" time="0.047" /><testcase classname="tests.test_phase1c_turn_c.TestIssuanceHappyPath" name="test_pdf_has_zero_residual_tokens" time="0.002" /><testcase classname="tests.test_phase1c_turn_c.TestIssuanceHappyPath" name="test_pdf_has_no_watermark" time="0.001" /><testcase classname="tests.test_phase1c_turn_c.TestIssuanceHappyPath" name="test_second_issue_call_refused" time="0.047" /><testcase classname="tests.test_phase1c_turn_c.TestIssuanceHappyPath" name="test_audit_events_recorded" time="0.051" /><testcase classname="tests.test_phase1c_turn_c.TestIssuancePreconditions" name="test_issue_refuses_without_frozen_variables" time="1.325" /><testcase classname="tests.test_phase1c_turn_c.TestIssuancePreconditions" name="test_issue_refuses_on_missing_marker_value" time="1.327" /><testcase classname="tests.test_phase1c_turn_c.TestSupersedeFlow" name="test_issuing_supersede_flips_predecessor" time="1.414" /><testcase classname="tests.test_phase1c_turn_c.TestNoRegressionOnStopPoint3" name="test_paloma_evidence_pack_still_generates" time="0.374" /></testsuite></testsuites>