<?xml version="1.0" encoding="utf-8"?><testsuites name="pytest tests"><testsuite name="pytest" errors="0" failures="1" skipped="0" tests="27" time="11.206" timestamp="2026-07-23T16:23:39.394213+00:00" hostname="agent-env-a7d3e22e-e0ae-4d1c-8784-326830d3662c"><testcase classname="backend.tests.test_contract_templates_phase1a.TestAuthGuard" name="test_list_requires_auth" time="1.276" /><testcase classname="backend.tests.test_contract_templates_phase1a.TestAuthGuard" name="test_create_requires_auth" time="0.135" /><testcase classname="backend.tests.test_contract_templates_phase1a.TestAuthGuard" name="test_placeholders_requires_auth" time="0.114" /><testcase classname="backend.tests.test_contract_templates_phase1a.TestPlaceholders" name="test_placeholders_list" time="0.684" /><testcase classname="backend.tests.test_contract_templates_phase1a.TestPlaceholders" name="test_branding" time="0.128" /><testcase classname="backend.tests.test_contract_templates_phase1a.TestCreateAndList" name="test_create_blank" time="0.256" /><testcase classname="backend.tests.test_contract_templates_phase1a.TestCreateAndList" name="test_list_all" time="0.118" /><testcase classname="backend.tests.test_contract_templates_phase1a.TestCreateAndList" name="test_list_filter_status" time="0.181" /><testcase classname="backend.tests.test_contract_templates_phase1a.TestCreateAndList" name="test_list_filter_contract_type" time="0.262" /><testcase classname="backend.tests.test_contract_templates_phase1a.TestCreateAndList" name="test_list_filter_invalid_status" time="0.124" /><testcase classname="backend.tests.test_contract_templates_phase1a.TestDraftAutosave" name="test_patch_draft_no_version_bump" time="0.420" /><testcase classname="backend.tests.test_contract_templates_phase1a.TestVersioning" name="test_create_version_increments" time="0.343" /><testcase classname="backend.tests.test_contract_templates_phase1a.TestVersioning" name="test_list_versions_top_is_newest" time="0.110" /><testcase classname="backend.tests.test_contract_templates_phase1a.TestVersioning" name="test_get_specific_version" time="0.123" /><testcase classname="backend.tests.test_contract_templates_phase1a.TestVersioning" name="test_rollback_creates_new_head" time="0.489" /><testcase classname="backend.tests.test_contract_templates_phase1a.TestRename" name="test_rename_metadata" time="0.342" /><testcase classname="backend.tests.test_contract_templates_phase1a.TestRename" name="test_rename_empty_name_fails" time="0.144" /><testcase classname="backend.tests.test_contract_templates_phase1a.TestRename" name="test_rename_bad_type_fails" time="0.117" /><testcase classname="backend.tests.test_contract_templates_phase1a.TestLifecycle" name="test_approve_conversion" time="0.341" /><testcase classname="backend.tests.test_contract_templates_phase1a.TestLifecycle" name="test_publish_then_idempotent" time="0.345" /><testcase classname="backend.tests.test_contract_templates_phase1a.TestLifecycle" name="test_set_default" time="0.225" /><testcase classname="backend.tests.test_contract_templates_phase1a.TestLifecycle" name="test_duplicate" time="0.246" /><testcase classname="backend.tests.test_contract_templates_phase1a.TestLifecycle" name="test_archive" time="0.277" /><testcase classname="backend.tests.test_contract_templates_phase1a.TestPreviewPdf" name="test_preview_pdf_returns_pdf" time="1.109" /><testcase classname="backend.tests.test_contract_templates_phase1a.TestUploadPdf" name="test_upload_pdf" time="2.817"><failure message="AssertionError: upload-pdf failed: 502 &lt;!DOCTYPE html&gt;&#10;  &lt;!--[if lt IE 7]&gt; &lt;html class=&quot;no-js ie6 oldie&quot; lang=&quot;en-US&quot;&gt; &lt;![endif]--&gt;&#10;  &lt;!--[if IE 7]&gt;    &lt;html class=&quot;no-js ie7 oldie&quot; lang=&quot;en-US&quot;&gt; &lt;![endif]--&gt;&#10;  &lt;!--[if IE 8]&gt;    &lt;html class=&quot;no-js ie8 oldie&quot; lang=&quot;en-US&quot;&gt; &lt;![endif]--&gt;&#10;  &lt;!--[if gt IE 8]&gt;&lt;!--&gt; &lt;html class=&quot;no-js&quot; lang=&quot;en-US&quot;&gt; &lt;!--&lt;![endif]--&gt;&#10;  &lt;head&gt;&#10;  &#10;  &lt;title&gt;preview.emergentagent.com | 502: Bad gateway&lt;/title&gt;&#10;  &lt;meta charset=&quot;UT&#10;assert 502 == 200&#10; +  where 502 = &lt;Response [502]&gt;.status_code">backend/tests/test_contract_templates_phase1a.py:466: in test_upload_pdf
    assert r.status_code == 200, f"upload-pdf failed: {r.status_code} {r.text[:400]}"
E   AssertionError: upload-pdf failed: 502 &lt;!DOCTYPE html&gt;
E     &lt;!--[if lt IE 7]&gt; &lt;html class="no-js ie6 oldie" lang="en-US"&gt; &lt;![endif]--&gt;
E     &lt;!--[if IE 7]&gt;    &lt;html class="no-js ie7 oldie" lang="en-US"&gt; &lt;![endif]--&gt;
E     &lt;!--[if IE 8]&gt;    &lt;html class="no-js ie8 oldie" lang="en-US"&gt; &lt;![endif]--&gt;
E     &lt;!--[if gt IE 8]&gt;&lt;!--&gt; &lt;html class="no-js" lang="en-US"&gt; &lt;!--&lt;![endif]--&gt;
E     &lt;head&gt;
E     
E     &lt;title&gt;preview.emergentagent.com | 502: Bad gateway&lt;/title&gt;
E     &lt;meta charset="UT
E   assert 502 == 200
E    +  where 502 = &lt;Response [502]&gt;.status_code</failure></testcase><testcase classname="backend.tests.test_contract_templates_phase1a.TestUploadPdf" name="test_upload_non_pdf_rejected" time="0.221" /><testcase classname="backend.tests.test_contract_templates_phase1a.TestUploadPdf" name="test_upload_empty_pdf_rejected" time="0.119" /></testsuite></testsuites>