<?xml version="1.0" encoding="utf-8"?><testsuites name="pytest tests"><testsuite name="pytest" errors="0" failures="0" skipped="1" tests="202" time="48.481" timestamp="2026-07-25T11:37:11.757122+00:00" hostname="agent-env-a7d3e22e-e0ae-4d1c-8784-326830d3662c"><testcase classname="tests.test_phase1c_turn_c.TestRenderEngineHyperlink" name="test_hyperlink_gets_link_annotation" time="0.011" /><testcase classname="tests.test_phase1c_turn_c.TestRenderEngineHyperlink" name="test_hyperlink_underline_drawn" time="0.008" /><testcase classname="tests.test_phase1c_turn_c.TestRenderEngineHyperlink" name="test_empty_url_hard_fails_in_issuance" time="0.002" /><testcase classname="tests.test_phase1c_turn_c.TestRenderEngineStrictOverflow" name="test_overflow_hard_fails_in_issuance" time="0.005" /><testcase classname="tests.test_phase1c_turn_c.TestRenderEngineStrictOverflow" name="test_missing_value_hard_fails_in_issuance" time="0.003" /><testcase classname="tests.test_phase1c_turn_c.TestRenderEngineStrictOverflow" name="test_residual_token_detection" time="0.009" /><testcase classname="tests.test_phase1c_turn_c.TestRenderEngineStrictOverflow" name="test_source_bytes_immutable" time="0.007" /><testcase classname="tests.test_phase1c_turn_c.TestRenderEnginePreviewLenient" name="test_preview_tolerates_missing_values" time="0.006" /><testcase classname="tests.test_phase1c_turn_c.TestRenderEnginePreviewLenient" name="test_preview_still_watermarks" time="0.010" /><testcase classname="tests.test_phase1c_turn_c.TestIssuanceHappyPath" name="test_end_to_end_issue_territory_contract" time="2.986" /><testcase classname="tests.test_phase1c_turn_c.TestIssuanceHappyPath" name="test_source_pdf_unchanged_after_issue" time="0.198" /><testcase classname="tests.test_phase1c_turn_c.TestIssuanceHappyPath" name="test_signed_url_downloads_pdf_with_matching_sha" time="0.369" /><testcase classname="tests.test_phase1c_turn_c.TestIssuanceHappyPath" name="test_pdf_contains_clickable_territory_link" time="0.045" /><testcase classname="tests.test_phase1c_turn_c.TestIssuanceHappyPath" name="test_pdf_has_zero_residual_tokens" time="0.001" /><testcase classname="tests.test_phase1c_turn_c.TestIssuanceHappyPath" name="test_pdf_has_no_watermark" time="0.002" /><testcase classname="tests.test_phase1c_turn_c.TestIssuanceHappyPath" name="test_second_issue_call_refused" time="0.043" /><testcase classname="tests.test_phase1c_turn_c.TestIssuanceHappyPath" name="test_audit_events_recorded" time="0.046" /><testcase classname="tests.test_phase1c_turn_c.TestIssuancePreconditions" name="test_issue_refuses_without_frozen_variables" time="1.266" /><testcase classname="tests.test_phase1c_turn_c.TestIssuancePreconditions" name="test_issue_refuses_on_missing_marker_value" time="1.104" /><testcase classname="tests.test_phase1c_turn_c.TestSupersedeFlow" name="test_issuing_supersede_flips_predecessor" time="1.223" /><testcase classname="tests.test_phase1c_turn_c.TestNoRegressionOnStopPoint3" name="test_paloma_evidence_pack_still_generates" time="0.344" /><testcase classname="tests.test_phase1c_turn_c_complement.TestPreviewGeneratorRegression" name="test_paloma_evidence_pack_zip_openable" time="0.703" /><testcase classname="tests.test_phase1c_turn_c_complement.TestPreviewGeneratorRegression" name="test_paloma_sample_preview_pdf_headers" time="0.413" /><testcase classname="tests.test_phase1c_turn_c_complement.TestPreviewGeneratorRegression" name="test_paloma_per_marker_png_has_overflow_header" time="0.254" /><testcase classname="tests.test_phase1c_turn_c_complement.TestRenderReportSummary" name="test_render_report_summary_shape" time="2.393" /><testcase classname="tests.test_phase1c_turn_c_complement.TestRenderReportSummary" name="test_frozen_territory_url_prefix" time="0.048" /><testcase classname="tests.test_phase1c_turn_c_complement.TestRenderReportSummary" name="test_signed_url_head_reveals_content_type_and_cache_control" time="0.461" /><testcase classname="tests.test_phase1c_turn_c_complement.TestRenderReportSummary" name="test_double_issue_does_not_change_sha" time="0.104" /><testcase classname="tests.test_phase1b_turn_a.TestFontResolver" name="test_defaults_to_helvetica" time="0.000" /><testcase classname="tests.test_phase1b_turn_a.TestFontResolver" name="test_times_maps_to_tiro" time="0.000" /><testcase classname="tests.test_phase1b_turn_a.TestFontResolver" name="test_bold_variant" time="0.000" /><testcase classname="tests.test_phase1b_turn_a.TestFontResolver" name="test_italic_variant" time="0.000" /><testcase classname="tests.test_phase1b_turn_a.TestFontResolver" name="test_bold_italic_variant" time="0.000" /><testcase classname="tests.test_phase1b_turn_a.TestFontResolver" name="test_courier" time="0.000" /><testcase classname="tests.test_phase1b_turn_a.TestFontResolver" name="test_reusable_embedded_no_substitution" time="0.000" /><testcase classname="tests.test_phase1b_turn_a.TestFontResolver" name="test_subset_embed_flags_substitution" time="0.000" /><testcase classname="tests.test_phase1b_turn_a.TestFontResolver" name="test_signature_groups" time="0.000" /><testcase classname="tests.test_phase1b_turn_a.TestFontResolver" name="test_unknown_family_falls_back_to_helv" time="0.000" /><testcase classname="tests.test_phase1b_turn_a.TestPreviewGenerator" name="test_produces_valid_pdf" time="0.013" /><testcase classname="tests.test_phase1b_turn_a.TestPreviewGenerator" name="test_no_marker_tokens_survive" time="0.012" /><testcase classname="tests.test_phase1b_turn_a.TestPreviewGenerator" name="test_watermark_on_every_page" time="0.016" /><testcase classname="tests.test_phase1b_turn_a.TestPreviewGenerator" name="test_source_bytes_not_mutated" time="0.011" /><testcase classname="tests.test_phase1b_turn_a.TestPreviewGenerator" name="test_pdf_metadata_labels_preview" time="0.011" /><testcase classname="tests.test_phase1b_turn_a.TestPreviewGenerator" name="test_user_supplied_value_wins" time="0.011" /><testcase classname="tests.test_phase1b_turn_a.TestPreviewGenerator" name="test_synthetic_default_used_when_no_value" time="0.012" /><testcase classname="tests.test_phase1b_turn_a.TestPreviewGenerator" name="test_sanitise_filename" time="0.000" /><testcase classname="tests.test_phase1b_turn_b.TestSummarySurfaceForTurnB" name="test_summary_has_occurrence_ids" time="1.451" /><testcase classname="tests.test_phase1b_turn_b.TestSummarySurfaceForTurnB" name="test_summary_has_substitution_groups" time="0.045" /><testcase classname="tests.test_phase1b_turn_b.TestOccurrenceCRUD" name="test_patch_render_bbox" time="0.102" /><testcase classname="tests.test_phase1b_turn_b.TestOccurrenceCRUD" name="test_patch_alignment_and_font_override" time="0.092" /><testcase classname="tests.test_phase1b_turn_b.TestOccurrenceCRUD" name="test_patch_rejects_invalid_alignment" time="0.092" /><testcase classname="tests.test_phase1b_turn_b.TestOccurrenceCRUD" name="test_patch_rejects_bad_bbox" time="0.090" /><testcase classname="tests.test_phase1b_turn_b.TestOccurrenceCRUD" name="test_patch_ignores_unknown_fields" time="0.128" /><testcase classname="tests.test_phase1b_turn_b.TestOccurrenceCRUD" name="test_patch_404_on_bad_occurrence" time="0.045" /><testcase classname="tests.test_phase1b_turn_b.TestOccurrenceCRUD" name="test_add_new_occurrence" time="0.047" /><testcase classname="tests.test_phase1b_turn_b.TestOccurrenceCRUD" name="test_add_rejects_unknown_code" time="0.047" /><testcase classname="tests.test_phase1b_turn_b.TestOccurrenceCRUD" name="test_add_rejects_page_out_of_range" time="0.044" /><testcase classname="tests.test_phase1b_turn_b.TestOccurrenceCRUD" name="test_delete_occurrence" time="0.177" /><testcase classname="tests.test_phase1b_turn_b.TestSubstitutionAck" name="test_ack_flow" time="0.197" /><testcase classname="tests.test_phase1b_turn_b.TestSubstitutionAck" name="test_ack_rejects_unknown_family" time="0.085" /><testcase classname="tests.test_phase1b_turn_b.TestMarkerPng" name="test_png_endpoint_returns_valid_image" time="0.392" /><testcase classname="tests.test_phase1b_turn_b.TestMarkerPng" name="test_png_endpoint_404_for_bad_oid" time="0.047" /><testcase classname="tests.test_phase1b_turn_b.TestMarkerPng" name="test_png_dpi_bounds" time="0.089" /><testcase classname="tests.test_phase1b_turn_b.TestTurnBAuth" name="test_unauth_patch_denied" time="0.125" /><testcase classname="tests.test_phase1b_turn_b.TestTurnBAuth" name="test_unauth_png_denied" time="0.144" /><testcase classname="tests.test_phase1b_turn_c5_and_d.TestPresentationFields" name="test_patch_all_presentation_fields" time="1.870" /><testcase classname="tests.test_phase1b_turn_c5_and_d.TestPresentationFields" name="test_patch_rejects_invalid[payload0-wrapping]" time="0.092" /><testcase classname="tests.test_phase1b_turn_c5_and_d.TestPresentationFields" name="test_patch_rejects_invalid[payload1-casing]" time="0.090" /><testcase classname="tests.test_phase1b_turn_c5_and_d.TestPresentationFields" name="test_patch_rejects_invalid[payload2-max_lines]" time="0.093" /><testcase classname="tests.test_phase1b_turn_c5_and_d.TestPresentationFields" name="test_patch_rejects_invalid[payload3-max_lines]" time="0.090" /><testcase classname="tests.test_phase1b_turn_c5_and_d.TestPresentationFields" name="test_patch_rejects_invalid[payload4-overlay_font_family_override]" time="0.130" /><testcase classname="tests.test_phase1b_turn_c5_and_d.TestDuplicateSettings" name="test_preview_next" time="0.096" /><testcase classname="tests.test_phase1b_turn_c5_and_d.TestDuplicateSettings" name="test_preview_all_later" time="0.099" /><testcase classname="tests.test_phase1b_turn_c5_and_d.TestDuplicateSettings" name="test_apply_next_copies_only_presentation" time="0.240" /><testcase classname="tests.test_phase1b_turn_c5_and_d.TestDuplicateSettings" name="test_apply_all_later" time="0.093" /><testcase classname="tests.test_phase1b_turn_c5_and_d.TestDuplicateSettings" name="test_apply_returns_zero_when_no_later" time="0.092" /><testcase classname="tests.test_phase1b_turn_c5_and_d.TestAuditLog" name="test_audit_captures_actions" time="0.047" /><testcase classname="tests.test_phase1b_turn_c5_and_d.TestAuditLog" name="test_audit_has_actor_and_timestamps" time="0.045" /><testcase classname="tests.test_phase1b_turn_c5_and_d.TestEvidencePack" name="test_pack_zip_contents" time="0.313" /><testcase classname="tests.test_phase1b_turn_c5_and_d.TestEvidencePack" name="test_pack_generation_logged_in_audit" time="0.308" /><testcase classname="tests.test_phase1b_turn_c5_and_d.TestPreviewGeneratorHonours" name="test_casing_upper_applied" time="0.457" /><testcase classname="tests.test_phase1b_turn_c5_and_d.TestPreviewGeneratorHonours" name="test_max_lines_truncates" time="0.492" /><testcase classname="tests.test_stop_point_3_manifest.TestSubstitutionSemantics" name="test_unembedded_source_needs_no_acknowledgement" time="0.000" /><testcase classname="tests.test_stop_point_3_manifest.TestSubstitutionSemantics" name="test_subset_embed_needs_acknowledgement" time="0.000" /><testcase classname="tests.test_stop_point_3_manifest.TestSubstitutionSemantics" name="test_reusable_embed_needs_no_acknowledgement" time="0.000" /><testcase classname="tests.test_stop_point_3_manifest.TestNoWrapRightAlignStaysInSlot" name="test_right_aligned_no_wrap_hugs_trailing_text" time="0.012" /><testcase classname="tests.test_stop_point_3_manifest.TestMonthlyFeeRightAlignSample" name="test_value_ends_just_before_per_month" time="0.011" /><testcase classname="tests.test_auto_whitespace_expansion.TestAutoWhitespaceExpansion" name="test_render_bbox_extends_past_token_when_no_blocker" time="0.013" /><testcase classname="tests.test_auto_whitespace_expansion.TestAutoWhitespaceExpansion" name="test_token_bbox_remains_unchanged_after_expansion" time="0.013" /><testcase classname="tests.test_auto_whitespace_expansion.TestAutoWhitespaceExpansion" name="test_render_bbox_height_supports_insert_textbox" time="0.020" /><testcase classname="tests.test_auto_whitespace_expansion.TestAutoWhitespaceExpansion" name="test_blocker_to_the_right_limits_expansion" time="0.003" /><testcase classname="tests.test_address_and_overflow.TestComposeSingleLineAddress" name="test_full_address" time="0.000" /><testcase classname="tests.test_address_and_overflow.TestComposeSingleLineAddress" name="test_missing_components_omitted_cleanly" time="0.000" /><testcase classname="tests.test_address_and_overflow.TestComposeSingleLineAddress" name="test_whitespace_only_components_dropped" time="0.000" /><testcase classname="tests.test_address_and_overflow.TestComposeSingleLineAddress" name="test_all_blank_returns_empty" time="0.000" /><testcase classname="tests.test_address_and_overflow.TestComposeSingleLineAddress" name="test_synthetic_default_returns_single_line" time="0.000" /><testcase classname="tests.test_address_and_overflow.TestLibraryPresentationDefaults" name="test_address_marker_gets_library_defaults" time="1.173" /><testcase classname="tests.test_address_and_overflow.TestLibraryPresentationDefaults" name="test_non_address_markers_get_appropriate_wrap_defaults" time="0.048" /><testcase classname="tests.test_address_and_overflow.TestLibraryPresentationDefaults" name="test_hq_override_survives_within_current_markers_array" time="0.140" /><testcase classname="tests.test_address_and_overflow.TestOverflowTracking" name="test_preview_sets_last_render_report" time="0.524" /><testcase classname="tests.test_address_and_overflow.TestOverflowTracking" name="test_address_never_shrinks_below_min_font_size" time="0.397" /><testcase classname="tests.test_address_and_overflow.TestOverflowTracking" name="test_address_overflows_when_render_bbox_too_small" time="0.481" /><testcase classname="tests.test_address_and_overflow.TestOverflowTracking" name="test_per_marker_png_endpoint_exposes_overflow_header" time="0.280" /><testcase classname="tests.test_address_and_overflow.TestOverflowTracking" name="test_widening_render_bbox_clears_overflow" time="0.484" /><testcase classname="tests.test_address_and_overflow.TestBulkMatchSource" name="test_preview_lists_eligible_and_overflow_projections" time="0.199" /><testcase classname="tests.test_address_and_overflow.TestBulkMatchSource" name="test_hq_override_is_skipped" time="0.398" /><testcase classname="tests.test_address_and_overflow.TestBulkMatchSource" name="test_apply_leaves_bboxes_and_layout_alone" time="0.143" /><testcase classname="tests.test_address_and_overflow.TestBulkMatchSource" name="test_audit_row_written" time="0.095" /><testcase classname="tests.test_bbox_split_redaction.TestTokenBboxSplit" name="test_token_bbox_narrower_than_render_bbox" time="0.004" /><testcase classname="tests.test_bbox_split_redaction.TestTokenBboxSplit" name="test_surrounding_text_survives_preview" time="0.010" /><testcase classname="tests.test_bbox_split_redaction.TestTokenBboxSplit" name="test_bbox_legacy_field_mirrors_render_bbox" time="0.003" /><testcase classname="tests.test_bbox_split_redaction.TestTokenBboxSplit" name="test_watermark_uses_ascii_hyphens" time="0.010" /><testcase classname="tests.test_bbox_split_redaction.TestLegacyBackfillCompat" name="test_write_value_falls_back_to_bbox_when_split_missing" time="0.009" /><testcase classname="tests.test_contract_markers_pipeline.TestHappyPath" name="test_detects_all_seeded_markers" time="0.005" /><testcase classname="tests.test_contract_markers_pipeline.TestHappyPath" name="test_font_metadata_captured" time="0.003" /><testcase classname="tests.test_contract_markers_pipeline.TestInlineInSentence" name="test_marker_inside_sentence" time="0.003" /><testcase classname="tests.test_contract_markers_pipeline.TestInlineInSentence" name="test_two_markers_in_one_sentence" time="0.003" /><testcase classname="tests.test_contract_markers_pipeline.TestInlineInSentence" name="test_marker_at_end_of_line" time="0.003" /><testcase classname="tests.test_contract_markers_pipeline.TestInlineInSentence" name="test_marker_at_start_of_line" time="0.003" /><testcase classname="tests.test_contract_markers_pipeline.TestRepeatMarkers" name="test_repeat_marker_recorded_independently" time="0.004" /><testcase classname="tests.test_contract_markers_pipeline.TestRepeatMarkers" name="test_repeat_allowed_marker_is_not_offender" time="0.004" /><testcase classname="tests.test_contract_markers_pipeline.TestRepeatMarkers" name="test_repeat_not_allowed_marker_is_flagged" time="0.004" /><testcase classname="tests.test_contract_markers_pipeline.TestUnrecognised" name="test_unknown_marker_surfaced" time="0.003" /><testcase classname="tests.test_contract_markers_pipeline.TestCrossLine" name="test_unterminated_open_bracket_is_flagged" time="0.004" /><testcase classname="tests.test_contract_markers_pipeline.TestCrossLine" name="test_orphan_close_bracket" time="0.003" /><testcase classname="tests.test_contract_markers_pipeline.TestCrossLine" name="test_no_false_positives_in_normal_text" time="0.003" /><testcase classname="tests.test_contract_markers_pipeline.TestSourcePreservation" name="test_detection_does_not_mutate_input" time="0.003" /><testcase classname="tests.test_contract_markers_pipeline.TestSourcePreservation" name="test_sha256_in_result_matches_input" time="0.003" /><testcase classname="tests.test_contract_markers_pipeline.TestStorageShape" name="test_occurrences_for_storage_is_json_safe" time="0.003" /><testcase classname="tests.test_contract_markers_pipeline.TestEligibility" name="test_marker_excluded_from_type_is_not_recognised" time="0.003" /><testcase classname="tests.test_contract_markers_pipeline.TestTemplateRequiredMissing" name="test_required_marker_absent_from_pdf_is_flagged" time="0.003" /><testcase classname="tests.test_contract_markers_pipeline.TestReadyForApproval" name="test_ready_true_when_all_clean" time="0.003" /><testcase classname="tests.test_phase1c_turn_a.TestTemplateApprovalGate" name="test_dry_run_ok_for_clean_template" time="1.516" /><testcase classname="tests.test_phase1c_turn_a.TestTemplateApprovalGate" name="test_approve_sets_status_and_freezes_version" time="1.438" /><testcase classname="tests.test_phase1c_turn_a.TestTemplateApprovalGate" name="test_approve_blocked_on_draft_with_unacked_substitution" time="0.850"><skipped type="pytest.skip" message="Unacked-substitution fabrication requires an internal hook not exposed by the public API. Positive gate is verified in test_dry_run_ok_for_clean_template + test_approve_sets_status_and_freezes_version.">/app/backend/tests/test_phase1c_turn_a.py:200: Unacked-substitution fabrication requires an internal hook not exposed by the public API. Positive gate is verified in test_dry_run_ok_for_clean_template + test_approve_sets_status_and_freezes_version.</skipped></testcase><testcase classname="tests.test_phase1c_turn_a.TestTemplateApprovalGate" name="test_retire_flips_status" time="1.202" /><testcase classname="tests.test_phase1c_turn_a.TestContractsDraftCrud" name="test_create_draft_requires_approved_template" time="0.164" /><testcase classname="tests.test_phase1c_turn_a.TestContractsDraftCrud" name="test_reject_unknown_field" time="0.044" /><testcase classname="tests.test_phase1c_turn_a.TestContractsDraftCrud" name="test_reject_non_approved_template" time="0.828" /><testcase classname="tests.test_phase1c_turn_a.TestContractsDraftCrud" name="test_list_and_get" time="0.107" /><testcase classname="tests.test_phase1c_turn_a.TestContractsDraftCrud" name="test_patch_draft_allowed_fields_only" time="0.086" /><testcase classname="tests.test_phase1c_turn_a.TestContractsDraftCrud" name="test_patch_rejects_status_change" time="0.046" /><testcase classname="tests.test_phase1c_turn_a.TestTerritoryFreeze" name="test_freeze_creates_snapshot_and_records_url" time="0.050" /><testcase classname="tests.test_phase1c_turn_a.TestTerritoryFreeze" name="test_second_freeze_is_refused" time="0.066" /><testcase classname="tests.test_phase1c_turn_a.TestTerritoryFreeze" name="test_public_read_requires_valid_token" time="0.200" /><testcase classname="tests.test_phase1c_turn_a.TestTerritoryFreeze" name="test_admin_view_includes_secure_token" time="0.047" /><testcase classname="tests.test_phase1c_turn_a.TestDraftDelete" name="test_delete_draft_works" time="0.129" /><testcase classname="tests.test_phase1c_turn_a_complement.TestMarkerLibrary" name="test_territory_map_url_seed_shape" time="0.362" /><testcase classname="tests.test_phase1c_turn_a_complement.TestApproveNegative" name="test_approve_nonexistent_template_returns_404" time="0.051" /><testcase classname="tests.test_phase1c_turn_a_complement.TestApproveNegative" name="test_approve_with_sha_mismatch_returns_400" time="1.133" /><testcase classname="tests.test_phase1c_turn_a_complement.TestAutoRetireScope" name="test_auto_retire_only_same_contract_type" time="3.617" /><testcase classname="tests.test_phase1c_turn_a_complement.TestAutoRetireScope" name="test_retire_endpoint_audit_and_idempotent" time="1.424" /><testcase classname="tests.test_phase1c_turn_a_complement.TestVersionsEndpoint" name="test_versions_sorted_desc_and_shape" time="1.141" /><testcase classname="tests.test_phase1c_turn_a_complement.TestContractsFiltersAndGuards" name="test_list_filters_and_get_404" time="1.612" /><testcase classname="tests.test_phase1c_turn_a_complement.TestContractsFiltersAndGuards" name="test_patch_status_field_rejected_and_unknown_fields_listed" time="0.359" /><testcase classname="tests.test_phase1c_turn_a_complement.TestNonDraftGuards" name="test_patch_and_delete_reject_non_draft" time="0.138" /><testcase classname="tests.test_phase1c_turn_a_complement.TestFreezeAndPublicRead" name="test_freeze_refuses_when_no_territory_ids" time="0.142" /><testcase classname="tests.test_phase1c_turn_a_complement.TestFreezeAndPublicRead" name="test_public_snapshot_scrubbed_and_no_token_leak" time="0.445" /><testcase classname="tests.test_phase1c_turn_a_complement.TestPhase1BRegression" name="test_paloma_template_still_draft" time="0.044" /><testcase classname="tests.test_phase1c_turn_a_complement.TestPhase1BRegression" name="test_paloma_evidence_pack_still_returns_zip" time="0.337" /><testcase classname="tests.test_phase1c_turn_a_complement.TestPhase1BRegression" name="test_marker_library_still_29" time="0.046" /><testcase classname="tests.test_phase1c_turn_b.TestResolverPureFranchiseeMarkers" name="test_first_name_string_asis" time="0.000" /><testcase classname="tests.test_phase1c_turn_b.TestResolverPureFranchiseeMarkers" name="test_full_name_assembled" time="0.000" /><testcase classname="tests.test_phase1c_turn_b.TestResolverPureFranchiseeMarkers" name="test_postcode_casing_upper" time="0.000" /><testcase classname="tests.test_phase1c_turn_b.TestResolverPureFranchiseeMarkers" name="test_address_block_assembled_and_cleaned" time="0.000" /><testcase classname="tests.test_phase1c_turn_b.TestResolverPureFranchiseeMarkers" name="test_address_block_omits_missing" time="0.000" /><testcase classname="tests.test_phase1c_turn_b.TestResolverContractSpecificMarkers" name="test_monthly_fee_currency_gbp" time="0.000" /><testcase classname="tests.test_phase1c_turn_b.TestResolverContractSpecificMarkers" name="test_commencement_date_formatted" time="0.000" /><testcase classname="tests.test_phase1c_turn_b.TestResolverContractSpecificMarkers" name="test_manual_marker_from_contract" time="0.000" /><testcase classname="tests.test_phase1c_turn_b.TestResolverContractSpecificMarkers" name="test_missing_manual_marker_errors" time="0.000" /><testcase classname="tests.test_phase1c_turn_b.TestResolverContractSpecificMarkers" name="test_missing_automatic_contract_marker_errors" time="0.000" /><testcase classname="tests.test_phase1c_turn_b.TestResolverContractSpecificMarkers" name="test_integer_marker" time="0.000" /><testcase classname="tests.test_phase1c_turn_b.TestResolverContractSpecificMarkers" name="test_multiline_special_terms" time="0.000" /><testcase classname="tests.test_phase1c_turn_b.TestSystemGeneratedMarkers" name="test_agreement_date_defaults_to_issue_date" time="0.000" /><testcase classname="tests.test_phase1c_turn_b.TestSystemGeneratedMarkers" name="test_agreement_date_hq_override_wins" time="0.000" /><testcase classname="tests.test_phase1c_turn_b.TestSystemGeneratedMarkers" name="test_contract_reference_auto_generated" time="0.000" /><testcase classname="tests.test_phase1c_turn_b.TestSystemGeneratedMarkers" name="test_contract_reference_uses_agreement_override_year" time="0.000" /><testcase classname="tests.test_phase1c_turn_b.TestSystemGeneratedMarkers" name="test_contract_reference_hq_override_wins" time="0.000" /><testcase classname="tests.test_phase1c_turn_b.TestTerritoryMapHyperlinkHardFail" name="test_hard_fail_when_no_snapshot" time="0.000" /><testcase classname="tests.test_phase1c_turn_b.TestTerritoryMapHyperlinkHardFail" name="test_happy_path_when_snapshot_frozen" time="0.000" /><testcase classname="tests.test_phase1c_turn_b.TestTerritoryMapHyperlinkHardFail" name="test_display_text_override_wins" time="0.000" /><testcase classname="tests.test_phase1c_turn_b.TestResolverEdgeCases" name="test_unknown_marker_code_errors" time="0.000" /><testcase classname="tests.test_phase1c_turn_b.TestResolverEdgeCases" name="test_never_mutates_inputs" time="0.000" /><testcase classname="tests.test_phase1c_turn_b.TestResolverEdgeCases" name="test_full_paloma_suite_resolves" time="0.000" /><testcase classname="tests.test_phase1c_turn_b.TestPreviewEndpoint" name="test_preview_surfaces_errors_without_freezing" time="1.691" /><testcase classname="tests.test_phase1c_turn_b.TestResolveFreezeAndImmutability" name="test_resolve_freezes_all_values" time="0.144" /><testcase classname="tests.test_phase1c_turn_b.TestResolveFreezeAndImmutability" name="test_second_resolve_refused" time="0.047" /><testcase classname="tests.test_phase1c_turn_b.TestResolveFreezeAndImmutability" name="test_franchisee_edit_after_freeze_does_not_alter_frozen" time="0.184" /><testcase classname="tests.test_phase1c_turn_b.TestRefreshVariables" name="test_refresh_requires_reason" time="0.045" /><testcase classname="tests.test_phase1c_turn_b.TestRefreshVariables" name="test_refresh_updates_and_records_history" time="0.093" /><testcase classname="tests.test_phase1c_turn_b.TestTerritoryMapHardFailIntegration" name="test_resolve_rejects_when_snapshot_missing" time="1.306" /><testcase classname="tests.test_phase1c_turn_b.TestTerritoryMapHardFailIntegration" name="test_resolve_succeeds_after_freeze_territory" time="0.095" /><testcase classname="tests.test_phase1c_turn_b_complement.TestMonthlyFeeQuantisation" name="test_no_float_drift_ceilings_to_two_dp" time="0.000" /><testcase classname="tests.test_phase1c_turn_b_complement.TestMonthlyFeeQuantisation" name="test_exact_two_dp_stable" time="0.000" /><testcase classname="tests.test_phase1c_turn_b_complement.TestMonthlyFeeQuantisation" name="test_null_monthly_fee_errors" time="0.000" /><testcase classname="tests.test_phase1c_turn_b_complement.TestProvenanceShapePure" name="test_every_resolved_value_carries_source_resolver_format" time="0.000" /><testcase classname="tests.test_phase1c_turn_b_complement.TestRefreshWithoutPriorFreeze" name="test_refresh_before_resolve_returns_400" time="1.674" /><testcase classname="tests.test_phase1c_turn_b_complement.TestFullFreezeProvenanceAndAudit" name="test_full_flow" time="0.211" /><testcase classname="tests.test_phase1c_turn_b_complement.TestPreviewOverrides" name="test_agreement_date_override_via_preview" time="0.138" /><testcase classname="tests.test_phase1c_turn_b_complement.TestPhase1BAndTurnARegression" name="test_marker_library_still_29_entries_with_territory_map" time="0.000" /><testcase classname="tests.test_phase1c_turn_b_complement.TestPhase1BAndTurnARegression" name="test_paloma_template_still_draft" time="0.043" /><testcase classname="tests.test_phase1c_turn_b_complement.TestPhase1BAndTurnARegression" name="test_markers_library_endpoint_lists_29" time="0.051" /></testsuite></testsuites>