<?xml version="1.0" encoding="utf-8"?><testsuites name="pytest tests"><testsuite name="pytest" errors="0" failures="0" skipped="0" tests="9" time="2.529" timestamp="2026-05-14T12:36:08.915929+00:00" hostname="agent-env-a7d3e22e-e0ae-4d1c-8784-326830d3662c"><testcase classname="backend.tests.test_iter15_convert" name="test_convert_franchise_enquiry" time="0.511" /><testcase classname="backend.tests.test_iter15_convert" name="test_convert_licence_enquiry" time="0.138" /><testcase classname="backend.tests.test_iter15_convert" name="test_contact_marked_and_idempotent" time="0.181" /><testcase classname="backend.tests.test_iter15_convert" name="test_get_franchisee_no_objectid" time="0.145" /><testcase classname="backend.tests.test_iter15_convert" name="test_patch_franchisee" time="0.198" /><testcase classname="backend.tests.test_iter15_convert" name="test_convert_not_found" time="0.045" /><testcase classname="backend.tests.test_iter15_convert" name="test_dashboard_funnel" time="0.354" /><testcase classname="backend.tests.test_iter15_convert" name="test_regression_pipeline_endpoints" time="0.310" /><testcase classname="backend.tests.test_iter15_convert" name="test_zz_cleanup" time="0.559" /></testsuite></testsuites>