<?xml version="1.0" encoding="utf-8"?><testsuites name="pytest tests"><testsuite name="pytest" errors="0" failures="1" skipped="0" tests="14" time="5.653" timestamp="2026-05-14T11:28:37.573707+00:00" hostname="agent-env-a7d3e22e-e0ae-4d1c-8784-326830d3662c"><testcase classname="backend.tests.test_iter12_auto_route.TestCreateContactAutoRoute" name="test_licence_target_auto_routes_to_pipeline" time="0.646" /><testcase classname="backend.tests.test_iter12_auto_route.TestCreateContactAutoRoute" name="test_franchise_target_auto_routes_to_pipeline" time="0.106" /><testcase classname="backend.tests.test_iter12_auto_route.TestCreateContactAutoRoute" name="test_general_target_stays_out_of_pipeline" time="0.108" /><testcase classname="backend.tests.test_iter12_auto_route.TestCreateContactAutoRoute" name="test_pipeline_target_respects_explicit_status" time="0.107" /><testcase classname="backend.tests.test_iter12_auto_route.TestImportAutoRoute" name="test_import_licence_per_row_decision" time="0.963" /><testcase classname="backend.tests.test_iter12_auto_route.TestImportAutoRoute" name="test_import_franchise_per_row_decision" time="1.037" /><testcase classname="backend.tests.test_iter12_auto_route.TestImportAutoRoute" name="test_import_general_target_never_pipeline" time="0.912" /><testcase classname="backend.tests.test_iter12_auto_route.TestImportAutoRoute" name="test_import_pipeline_target_with_explicit_status" time="0.792" /><testcase classname="backend.tests.test_iter12_auto_route.TestDataSanity" name="test_licence_tab_empty" time="0.049" /><testcase classname="backend.tests.test_iter12_auto_route.TestDataSanity" name="test_pipeline_new_has_24_plus" time="0.053"><failure message="Failed: Expected ≥24 NEW pipeline contacts per iter12 spec, got 1. Iter12 14-licence sweep may not have run, or contacts were advanced past 'new'.">backend/tests/test_iter12_auto_route.py:287: in test_pipeline_new_has_24_plus
    pytest.fail(
E   Failed: Expected ≥24 NEW pipeline contacts per iter12 spec, got 1. Iter12 14-licence sweep may not have run, or contacts were advanced past 'new'.</failure></testcase><testcase classname="backend.tests.test_iter12_auto_route.TestImportValidation" name="test_invalid_target_400" time="0.064" /><testcase classname="backend.tests.test_iter12_auto_route.TestImportValidation" name="test_empty_rows_400" time="0.055" /><testcase classname="backend.tests.test_iter12_auto_route.TestImportValidation" name="test_dedupe_skips_existing_email" time="0.226" /><testcase classname="backend.tests.test_iter12_auto_route" name="test_sally_hare_still_new" time="0.417" /></testsuite></testsuites>