<?xml version="1.0" encoding="utf-8"?><testsuites name="pytest tests"><testsuite name="pytest" errors="0" failures="0" skipped="0" tests="5" time="1.268" timestamp="2026-06-25T19:40:56.113468+00:00" hostname="agent-env-a7d3e22e-e0ae-4d1c-8784-326830d3662c"><testcase classname="tests.test_iter36_email_fixes.TestLandingUrlResolution" name="test_resolve_landing_tokens_uses_production_hub" time="0.293" /><testcase classname="tests.test_iter36_email_fixes.TestLandingUrlResolution" name="test_resolve_landing_tokens_honours_public_base_url_override" time="0.004" /><testcase classname="tests.test_iter36_email_fixes.TestPostcodeWrapFix" name="test_signature_html_in_seed_module" time="0.000" /><testcase classname="tests.test_iter36_email_fixes.TestPostcodeWrapFix" name="test_get_email_template_includes_fixed_signature" time="0.630" /><testcase classname="tests.test_iter36_email_fixes.TestInfoPageRegression" name="test_public_landing_page_loads" time="0.273" /></testsuite></testsuites>