<?xml version="1.0" encoding="utf-8"?><testsuites name="pytest tests"><testsuite name="pytest" errors="0" failures="0" skipped="0" tests="9" time="15.857" timestamp="2026-07-23T17:35:24.381967+00:00" hostname="agent-env-a7d3e22e-e0ae-4d1c-8784-326830d3662c"><testcase classname="backend.tests.test_contract_templates_upload_async.TestAuthGuardAsync" name="test_upload_async_requires_auth" time="0.233" /><testcase classname="backend.tests.test_contract_templates_upload_async.TestAuthGuardAsync" name="test_get_job_requires_auth" time="0.107" /><testcase classname="backend.tests.test_contract_templates_upload_async.TestValidation" name="test_non_pdf_rejected" time="0.514" /><testcase classname="backend.tests.test_contract_templates_upload_async.TestValidation" name="test_empty_file_rejected" time="0.125" /><testcase classname="backend.tests.test_contract_templates_upload_async.TestValidation" name="test_invalid_contract_type_rejected" time="0.170" /><testcase classname="backend.tests.test_contract_templates_upload_async.TestValidation" name="test_nonexistent_job_404" time="0.102" /><testcase classname="backend.tests.test_contract_templates_upload_async.TestImmediateResponse" name="test_upload_returns_immediately" time="0.118" /><testcase classname="backend.tests.test_contract_templates_upload_async.TestE2EFlow" name="test_full_conversion_reaches_complete" time="10.708" /><testcase classname="backend.tests.test_contract_templates_upload_async.TestBackCompatSync" name="test_sync_upload_still_works" time="3.684" /></testsuite></testsuites>