<?xml version="1.0" encoding="utf-8"?><testsuites name="pytest tests"><testsuite name="pytest" errors="0" failures="0" skipped="0" tests="40" time="7.302" timestamp="2026-05-13T15:39:00.886408+00:00" hostname="agent-env-a7d3e22e-e0ae-4d1c-8784-326830d3662c"><testcase classname="backend.tests.test_phase1_ux.TestDashboardExtended" name="test_new_fields_present" time="0.708" /><testcase classname="backend.tests.test_phase1_ux.TestDashboardExtended" name="test_active_and_ex_counts" time="0.062" /><testcase classname="backend.tests.test_phase1_ux.TestDashboardExtended" name="test_active_contracts" time="0.068" /><testcase classname="backend.tests.test_phase1_ux.TestDashboardExtended" name="test_mandate_breakdown_shape" time="0.065" /><testcase classname="backend.tests.test_phase1_ux.TestDashboardExtended" name="test_pipeline_funnel_shape" time="0.066" /><testcase classname="backend.tests.test_phase1_ux.TestDashboardExtended" name="test_recent_enquiries_shape" time="0.061" /><testcase classname="backend.tests.test_phase1_ux.TestDashboardExtended" name="test_old_fields_still_present" time="0.061" /><testcase classname="backend.tests.test_phase1_crm.TestDashboardStats" name="test_real_counts_after_migration" time="0.429" /><testcase classname="backend.tests.test_phase1_crm.TestFranchisees" name="test_list_returns_88" time="0.106" /><testcase classname="backend.tests.test_phase1_crm.TestFranchisees" name="test_search_henshall" time="0.054" /><testcase classname="backend.tests.test_phase1_crm.TestFranchisees" name="test_franchisee_detail_claire" time="0.118" /><testcase classname="backend.tests.test_phase1_crm.TestFranchisees" name="test_franchisee_detail_404" time="0.054" /><testcase classname="backend.tests.test_phase1_crm.TestContracts" name="test_list_returns_134_with_franchisee_enrichment" time="0.069" /><testcase classname="backend.tests.test_phase1_crm.TestContracts" name="test_contract_detail" time="0.127" /><testcase classname="backend.tests.test_phase1_crm.TestContacts" name="test_filter_franchise_enquiry" time="0.214" /><testcase classname="backend.tests.test_phase1_crm.TestContacts" name="test_filter_legacy" time="0.165" /><testcase classname="backend.tests.test_phase1_crm.TestContacts" name="test_filter_pipeline_status_new" time="0.192" /><testcase classname="backend.tests.test_phase1_crm.TestContacts" name="test_pipeline_update_valid" time="0.179" /><testcase classname="backend.tests.test_phase1_crm.TestContacts" name="test_pipeline_update_invalid" time="0.100" /><testcase classname="backend.tests.test_phase1_crm.TestContacts" name="test_pipeline_update_404" time="0.050" /><testcase classname="backend.tests.test_phase1_crm.TestTerritories" name="test_list_all" time="0.125" /><testcase classname="backend.tests.test_phase1_crm.TestTerritories" name="test_filter_by_franchisee" time="0.117" /><testcase classname="backend.tests.test_phase1_crm.TestAnniversaries" name="test_today_no_error" time="0.055" /><testcase classname="backend.tests.backend_test" name="test_health" time="0.119" /><testcase classname="backend.tests.backend_test.TestAuth" name="test_login_success_sets_cookies" time="0.487" /><testcase classname="backend.tests.backend_test.TestAuth" name="test_login_wrong_password" time="0.284" /><testcase classname="backend.tests.backend_test.TestAuth" name="test_me_without_cookie_returns_401" time="0.224" /><testcase classname="backend.tests.backend_test.TestAuth" name="test_me_with_cookie_returns_user" time="0.498" /><testcase classname="backend.tests.backend_test.TestAuth" name="test_logout_clears_cookies" time="0.482" /><testcase classname="backend.tests.backend_test.TestAuth" name="test_admin_can_create_user" time="0.304" /><testcase classname="backend.tests.backend_test.TestAuth" name="test_create_user_requires_auth" time="0.052" /><testcase classname="backend.tests.backend_test.TestMongoInvariants" name="test_users_email_unique_index" time="0.001" /><testcase classname="backend.tests.backend_test.TestMongoInvariants" name="test_admin_bcrypt_hash" time="0.001" /><testcase classname="backend.tests.backend_test.TestDashboard" name="test_dashboard_stats" time="0.085" /><testcase classname="backend.tests.backend_test.TestDashboard" name="test_dashboard_requires_auth" time="0.054" /><testcase classname="backend.tests.backend_test.TestAirtable" name="test_list_tables_returns_14" time="0.084" /><testcase classname="backend.tests.backend_test.TestAirtable" name="test_tables_requires_admin" time="0.056" /><testcase classname="backend.tests.backend_test.TestAirtable" name="test_table_records_sample" time="0.378" /><testcase classname="backend.tests.backend_test.TestAirtable" name="test_table_count_contracts" time="0.456" /><testcase classname="backend.tests.backend_test.TestBruteForceLockout" name="test_lockout_after_5_failures" time="0.325" /></testsuite></testsuites>