<?xml version="1.0" encoding="utf-8"?><testsuites name="pytest tests"><testsuite name="pytest" errors="0" failures="0" skipped="0" tests="16" time="2.199" timestamp="2026-05-14T08:49:57.381464+00:00" hostname="agent-env-a7d3e22e-e0ae-4d1c-8784-326830d3662c"><testcase classname="backend.tests.test_phase1_search_addcontact.TestSearchRanking" name="test_exact_full_name_match_is_first" time="0.557" /><testcase classname="backend.tests.test_phase1_search_addcontact.TestSearchRanking" name="test_single_token_davies" time="0.066" /><testcase classname="backend.tests.test_phase1_search_addcontact.TestSearchRanking" name="test_multi_token_and_filters" time="0.062" /><testcase classname="backend.tests.test_phase1_search_addcontact.TestSearchRanking" name="test_empty_whitespace_search" time="0.061" /><testcase classname="backend.tests.test_phase1_search_addcontact.TestSearchRanking" name="test_regex_special_chars" time="0.062" /><testcase classname="backend.tests.test_phase1_search_addcontact.TestSearchRanking" name="test_case_insensitive_full_name" time="0.061" /><testcase classname="backend.tests.test_phase1_search_addcontact.TestCreateContact" name="test_create_franchise" time="0.119" /><testcase classname="backend.tests.test_phase1_search_addcontact.TestCreateContact" name="test_create_licence" time="0.126" /><testcase classname="backend.tests.test_phase1_search_addcontact.TestCreateContact" name="test_create_general" time="0.116" /><testcase classname="backend.tests.test_phase1_search_addcontact.TestCreateContact" name="test_create_pipeline_with_stage" time="0.122" /><testcase classname="backend.tests.test_phase1_search_addcontact.TestCreateContact" name="test_missing_required_fields" time="0.057" /><testcase classname="backend.tests.test_phase1_search_addcontact.TestCreateContact" name="test_invalid_target" time="0.057" /><testcase classname="backend.tests.test_phase1_search_addcontact.TestCreateContact" name="test_invalid_pipeline_status" time="0.064" /><testcase classname="backend.tests.test_phase1_search_addcontact.TestCreateContact" name="test_normalises_email_and_postcode" time="0.115" /><testcase classname="backend.tests.test_phase1_search_addcontact.TestCreateContact" name="test_requires_auth" time="0.222" /><testcase classname="backend.tests.test_phase1_search_addcontact.TestCreateContact" name="test_created_visible_in_tab_and_deletable" time="0.247" /></testsuite></testsuites>