<?xml version="1.0" encoding="utf-8"?><testsuites name="pytest tests"><testsuite name="pytest" errors="0" failures="0" skipped="0" tests="13" time="2.262" timestamp="2026-05-13T15:57:22.242315+00:00" hostname="agent-env-a7d3e22e-e0ae-4d1c-8784-326830d3662c"><testcase classname="backend.tests.test_phase1_intake.TestIntakeAuth" name="test_missing_token_returns_401" time="0.246" /><testcase classname="backend.tests.test_phase1_intake.TestIntakeAuth" name="test_wrong_token_returns_401" time="0.120" /><testcase classname="backend.tests.test_phase1_intake.TestIntakeFormMapping" name="test_franchise_form_17" time="0.141" /><testcase classname="backend.tests.test_phase1_intake.TestIntakeFormMapping" name="test_general_form_1" time="0.114" /><testcase classname="backend.tests.test_phase1_intake.TestIntakeFormMapping" name="test_licence_form_32" time="0.241" /><testcase classname="backend.tests.test_phase1_intake.TestIntakeFormMapping" name="test_unknown_form_99" time="0.168" /><testcase classname="backend.tests.test_phase1_intake.TestIntakeAdminEndpoints" name="test_config_returns_endpoint_token_mapping" time="0.395" /><testcase classname="backend.tests.test_phase1_intake.TestIntakeAdminEndpoints" name="test_config_requires_admin" time="0.122" /><testcase classname="backend.tests.test_phase1_intake.TestIntakeAdminEndpoints" name="test_recent_descending_with_form_id" time="0.070" /><testcase classname="backend.tests.test_phase1_intake.TestIntakeAdminEndpoints" name="test_recent_requires_admin" time="0.115" /><testcase classname="backend.tests.test_phase1_intake.TestIntakeAdminEndpoints" name="test_download_plugin_zip" time="0.049" /><testcase classname="backend.tests.test_phase1_intake.TestIntakeAdminEndpoints" name="test_download_plugin_requires_admin" time="0.195" /><testcase classname="backend.tests.test_phase1_intake.TestFieldMapping" name="test_case_insensitive_email" time="0.133" /></testsuite></testsuites>