<?xml version="1.0" encoding="utf-8"?><testsuites name="pytest tests"><testsuite name="pytest" errors="0" failures="0" skipped="0" tests="2" time="0.857" timestamp="2026-05-14T09:39:39.032846+00:00" hostname="agent-env-a7d3e22e-e0ae-4d1c-8784-326830d3662c"><testcase classname="backend.tests.test_phase1_manual_flag" name="test_post_contacts_stores_manual_flag_and_created_at" time="0.605" /><testcase classname="backend.tests.test_phase1_manual_flag" name="test_imported_contact_has_no_manual_flag" time="0.051" /></testsuite></testsuites>