<?xml version="1.0" encoding="utf-8"?><testsuites name="pytest tests"><testsuite name="pytest" errors="0" failures="1" skipped="0" tests="23" time="3.560" timestamp="2026-05-13T15:38:34.275765+00:00" hostname="agent-env-a7d3e22e-e0ae-4d1c-8784-326830d3662c"><testcase classname="backend.tests.test_phase1_ux.TestDashboardExtended" name="test_new_fields_present" time="0.788" /><testcase classname="backend.tests.test_phase1_ux.TestDashboardExtended" name="test_active_and_ex_counts" time="0.067" /><testcase classname="backend.tests.test_phase1_ux.TestDashboardExtended" name="test_active_contracts" time="0.068" /><testcase classname="backend.tests.test_phase1_ux.TestDashboardExtended" name="test_mandate_breakdown_shape" time="0.065" /><testcase classname="backend.tests.test_phase1_ux.TestDashboardExtended" name="test_pipeline_funnel_shape" time="0.079" /><testcase classname="backend.tests.test_phase1_ux.TestDashboardExtended" name="test_recent_enquiries_shape" time="0.063"><failure message="AssertionError: Missing name in recent_enquiries item: dict_keys(['date', 'first_name', 'last_name', 'postcode', 'id', 'pipeline_status'])&#10;assert 'name' in {'date': '2026-05-12', 'first_name': 'Maria', 'id': '0af49ff8-9f4b-4157-af56-d16c548f3f4e', 'last_name': 'Nicolaou', ...}">backend/tests/test_phase1_ux.py:77: in test_recent_enquiries_shape
    assert k in sample, f"Missing {k} in recent_enquiries item: {sample.keys()}"
E   AssertionError: Missing name in recent_enquiries item: dict_keys(['date', 'first_name', 'last_name', 'postcode', 'id', 'pipeline_status'])
E   assert 'name' in {'date': '2026-05-12', 'first_name': 'Maria', 'id': '0af49ff8-9f4b-4157-af56-d16c548f3f4e', 'last_name': 'Nicolaou', ...}</failure></testcase><testcase classname="backend.tests.test_phase1_ux.TestDashboardExtended" name="test_old_fields_still_present" time="0.064" /><testcase classname="backend.tests.test_phase1_crm.TestDashboardStats" name="test_real_counts_after_migration" time="0.419" /><testcase classname="backend.tests.test_phase1_crm.TestFranchisees" name="test_list_returns_88" time="0.099" /><testcase classname="backend.tests.test_phase1_crm.TestFranchisees" name="test_search_henshall" time="0.061" /><testcase classname="backend.tests.test_phase1_crm.TestFranchisees" name="test_franchisee_detail_claire" time="0.122" /><testcase classname="backend.tests.test_phase1_crm.TestFranchisees" name="test_franchisee_detail_404" time="0.061" /><testcase classname="backend.tests.test_phase1_crm.TestContracts" name="test_list_returns_134_with_franchisee_enrichment" time="0.073" /><testcase classname="backend.tests.test_phase1_crm.TestContracts" name="test_contract_detail" time="0.118" /><testcase classname="backend.tests.test_phase1_crm.TestContacts" name="test_filter_franchise_enquiry" time="0.235" /><testcase classname="backend.tests.test_phase1_crm.TestContacts" name="test_filter_legacy" time="0.168" /><testcase classname="backend.tests.test_phase1_crm.TestContacts" name="test_filter_pipeline_status_new" time="0.202" /><testcase classname="backend.tests.test_phase1_crm.TestContacts" name="test_pipeline_update_valid" time="0.176" /><testcase classname="backend.tests.test_phase1_crm.TestContacts" name="test_pipeline_update_invalid" time="0.117" /><testcase classname="backend.tests.test_phase1_crm.TestContacts" name="test_pipeline_update_404" time="0.056" /><testcase classname="backend.tests.test_phase1_crm.TestTerritories" name="test_list_all" time="0.153" /><testcase classname="backend.tests.test_phase1_crm.TestTerritories" name="test_filter_by_franchisee" time="0.115" /><testcase classname="backend.tests.test_phase1_crm.TestAnniversaries" name="test_today_no_error" time="0.078" /></testsuite></testsuites>