<?xml version="1.0" encoding="utf-8"?><testsuites name="pytest tests"><testsuite name="pytest" errors="0" failures="0" skipped="0" tests="28" time="5.797" timestamp="2026-07-24T09:52:13.525592+00:00" hostname="agent-env-a7d3e22e-e0ae-4d1c-8784-326830d3662c"><testcase classname="backend.tests.test_phase1a_e2e.TestMarkerLibrarySeed" name="test_seed_has_28_markers_and_correct_buckets" time="0.477" /><testcase classname="backend.tests.test_phase1a_e2e.TestMarkerLibrarySeed" name="test_seed_upper_snake_case_and_valid_datatype" time="0.048" /><testcase classname="backend.tests.test_phase1a_e2e.TestMarkerLibraryCRUD" name="test_unauth_returns_401" time="0.128" /><testcase classname="backend.tests.test_phase1a_e2e.TestMarkerLibraryCRUD" name="test_create_reject_lowercase" time="0.047" /><testcase classname="backend.tests.test_phase1a_e2e.TestMarkerLibraryCRUD" name="test_create_reject_space" time="0.045" /><testcase classname="backend.tests.test_phase1a_e2e.TestMarkerLibraryCRUD" name="test_create_reject_leading_digit" time="0.048" /><testcase classname="backend.tests.test_phase1a_e2e.TestMarkerLibraryCRUD" name="test_create_accept_valid_and_reject_duplicate_and_patch_immutable_code" time="0.504" /><testcase classname="backend.tests.test_phase1a_e2e.TestUploadValidation" name="test_reject_non_pdf" time="0.046" /><testcase classname="backend.tests.test_phase1a_e2e.TestUploadValidation" name="test_reject_empty" time="0.046" /><testcase classname="backend.tests.test_phase1a_e2e.TestUploadValidation" name="test_reject_corrupt_no_header" time="0.049" /><testcase classname="backend.tests.test_phase1a_e2e.TestUploadValidation" name="test_reject_missing_name" time="0.050" /><testcase classname="backend.tests.test_phase1a_e2e.TestUploadValidation" name="test_unauth_upload_rejected" time="0.044" /><testcase classname="backend.tests.test_phase1a_e2e.TestDetectionAndSummary" name="test_stage_progression_and_no_llm_used" time="1.485" /><testcase classname="backend.tests.test_phase1a_e2e.TestDetectionAndSummary" name="test_summary_shape_and_scenarios" time="0.053" /><testcase classname="backend.tests.test_phase1a_e2e.TestDetectionAndSummary" name="test_markers_have_bbox_and_font" time="0.046" /><testcase classname="backend.tests.test_phase1a_e2e.TestPreservation" name="test_integrity_check_ok" time="0.453" /><testcase classname="backend.tests.test_phase1a_e2e.TestPreservation" name="test_source_pdf_download_and_rehash" time="0.240" /><testcase classname="backend.tests.test_phase1a_e2e.TestThumbnail" name="test_thumbnail_png_with_overlay" time="0.269" /><testcase classname="backend.tests.test_phase1a_e2e.TestThumbnail" name="test_thumbnail_requires_admin" time="0.041" /><testcase classname="backend.tests.test_phase1a_e2e.TestSummaryEdits" name="test_template_required_missing_flips_ready" time="0.108" /><testcase classname="backend.tests.test_phase1a_e2e.TestSummaryEdits" name="test_publish_rejected_when_not_ready" time="0.051" /><testcase classname="backend.tests.test_phase1a_e2e.TestPublishFlow" name="test_upload_clean_publish_and_freeze" time="1.104" /><testcase classname="backend.tests.test_phase1a_e2e.TestLegacyRetired" name="test_retired_path_not_present[/api/admin/contract-templates/upload-async]" time="0.046" /><testcase classname="backend.tests.test_phase1a_e2e.TestLegacyRetired" name="test_retired_path_not_present[/api/admin/contract-templates/upload-pdf-async]" time="0.044" /><testcase classname="backend.tests.test_phase1a_e2e.TestLegacyRetired" name="test_retired_path_not_present[/api/admin/contract-templates/upload-pdf]" time="0.044" /><testcase classname="backend.tests.test_phase1a_e2e.TestLegacyRetired" name="test_retired_path_not_present[/api/admin/contract-templates/approve-conversion]" time="0.044" /><testcase classname="backend.tests.test_phase1a_e2e.TestLegacyRetired" name="test_retired_path_not_present[/api/admin/contract-templates/preview-pdf]" time="0.046" /><testcase classname="backend.tests.test_phase1a_e2e.TestLegacyRetired" name="test_no_contracts_endpoint" time="0.046" /></testsuite></testsuites>