<?xml version="1.0" encoding="utf-8"?><testsuites name="pytest tests"><testsuite name="pytest" errors="0" failures="0" skipped="0" tests="19" time="3.969" timestamp="2026-05-13T16:37:45.343649+00:00" hostname="agent-env-a7d3e22e-e0ae-4d1c-8784-326830d3662c"><testcase classname="backend.tests.test_phase1_pipeline.TestStartupBackfill" name="test_at_least_1674_in_pipeline_true" time="0.671" /><testcase classname="backend.tests.test_phase1_pipeline.TestStartupBackfill" name="test_legacy_count_unchanged" time="0.308" /><testcase classname="backend.tests.test_phase1_pipeline.TestIntakeInPipelineFlag" name="test_form1_creates_non_pipeline_record" time="0.519" /><testcase classname="backend.tests.test_phase1_pipeline.TestIntakeInPipelineFlag" name="test_form17_creates_pipeline_record_new_stage" time="0.049" /><testcase classname="backend.tests.test_phase1_pipeline.TestIntakeInPipelineFlag" name="test_form32_creates_pipeline_record_new_stage" time="0.050" /><testcase classname="backend.tests.test_phase1_pipeline.TestContactsFilters" name="test_in_pipeline_true_excludes_legacy" time="0.199" /><testcase classname="backend.tests.test_phase1_pipeline.TestContactsFilters" name="test_in_pipeline_false_excludes_franchise" time="0.157" /><testcase classname="backend.tests.test_phase1_pipeline.TestContactsFilters" name="test_no_filter_returns_both_collections" time="0.213" /><testcase classname="backend.tests.test_phase1_pipeline.TestContactsFilters" name="test_source_general_enquiry_returns_form1" time="0.058" /><testcase classname="backend.tests.test_phase1_pipeline.TestContactsFilters" name="test_source_licence_enquiry_only_licence" time="0.050" /><testcase classname="backend.tests.test_phase1_pipeline.TestPromote" name="test_promote_general_web_contact_sets_in_pipeline_true" time="0.193" /><testcase classname="backend.tests.test_phase1_pipeline.TestPromote" name="test_promote_legacy_moves_to_web_form_contacts" time="0.220" /><testcase classname="backend.tests.test_phase1_pipeline.TestPromote" name="test_promote_nonexistent_returns_404" time="0.058" /><testcase classname="backend.tests.test_phase1_pipeline.TestDemote" name="test_demote_pipeline_record" time="0.174" /><testcase classname="backend.tests.test_phase1_pipeline.TestDemote" name="test_demote_nonexistent_returns_404" time="0.083" /><testcase classname="backend.tests.test_phase1_pipeline.TestPipelineUpdateImplicitPromote" name="test_pipeline_update_sets_in_pipeline_true" time="0.258" /><testcase classname="backend.tests.test_phase1_pipeline.TestDelete" name="test_delete_web_form_contact" time="0.215" /><testcase classname="backend.tests.test_phase1_pipeline.TestDelete" name="test_delete_legacy_contact" time="0.175" /><testcase classname="backend.tests.test_phase1_pipeline.TestDelete" name="test_delete_nonexistent_returns_404" time="0.218" /></testsuite></testsuites>