<?xml version="1.0" encoding="utf-8"?><testsuites name="pytest tests"><testsuite name="pytest" errors="0" failures="0" skipped="0" tests="16" time="4.147" timestamp="2026-05-14T08:32:44.028340+00:00" hostname="agent-env-a7d3e22e-e0ae-4d1c-8784-326830d3662c"><testcase classname="backend.tests.test_phase1_licence.TestTabFilters" name="test_tab_licence_returns_only_licence_enquiry_not_in_pipeline" time="0.525" /><testcase classname="backend.tests.test_phase1_licence.TestTabFilters" name="test_tab_franchise_excludes_licence_records" time="0.201" /><testcase classname="backend.tests.test_phase1_licence.TestMoveTargetLicence" name="test_move_franchise_contact_to_licence" time="0.360" /><testcase classname="backend.tests.test_phase1_licence.TestMoveTargetLicence" name="test_move_general_contact_to_licence" time="0.241" /><testcase classname="backend.tests.test_phase1_licence.TestMoveTargetLicence" name="test_move_licence_in_pipeline_back_to_licence_tab" time="0.479" /><testcase classname="backend.tests.test_phase1_licence.TestMoveTargetLicence" name="test_move_licence_to_franchise_changes_source" time="0.401" /><testcase classname="backend.tests.test_phase1_licence.TestBulkMoveLicence" name="test_bulk_move_3_to_licence" time="0.791" /><testcase classname="backend.tests.test_phase1_licence.TestIntakeReferralSource" name="test_intake_form32_spread_keys_instagram" time="0.278" /><testcase classname="backend.tests.test_phase1_licence.TestIntakeReferralSource" name="test_intake_form17_single_label_facebook" time="0.203" /><testcase classname="backend.tests.test_phase1_licence.TestIntakeReferralSource" name="test_intake_form1_no_referral_keys" time="0.290" /><testcase classname="backend.tests.test_phase1_licence.TestDetectReferralSourceHelper" name="test_spread_keys_instagram" time="0.307" /><testcase classname="backend.tests.test_phase1_licence.TestDetectReferralSourceHelper" name="test_single_labelled_google" time="0.000" /><testcase classname="backend.tests.test_phase1_licence.TestDetectReferralSourceHelper" name="test_empty_returns_none" time="0.000" /><testcase classname="backend.tests.test_phase1_licence.TestDetectReferralSourceHelper" name="test_no_matches_returns_none" time="0.000" /><testcase classname="backend.tests.test_phase1_licence.TestDetectReferralSourceHelper" name="test_facebook_spread_key" time="0.000" /><testcase classname="backend.tests.test_phase1_licence.TestDetectReferralSourceHelper" name="test_x_spread_key" time="0.001" /></testsuite></testsuites>