<?xml version="1.0" encoding="utf-8"?><testsuites name="pytest tests"><testsuite name="pytest" errors="0" failures="0" skipped="0" tests="13" time="9.838" timestamp="2026-05-13T20:33:59.100071+00:00" hostname="agent-env-a7d3e22e-e0ae-4d1c-8784-326830d3662c"><testcase classname="backend.tests.test_phase1_move.TestFranchiseePhotoCache" name="test_franchisees_photos_use_local_uploads_url" time="0.535" /><testcase classname="backend.tests.test_phase1_move.TestFranchiseePhotoCache" name="test_static_uploaded_file_served_with_image_content_type" time="0.067" /><testcase classname="backend.tests.test_phase1_move.TestFranchiseePhotoCache" name="test_refresh_photos_endpoint_requires_admin" time="0.141" /><testcase classname="backend.tests.test_phase1_move.TestFranchiseePhotoCache" name="test_refresh_photos_endpoint_returns_ok_stats" time="6.655" /><testcase classname="backend.tests.test_phase1_move.TestContactMove" name="test_move_invalid_target_returns_400" time="0.056" /><testcase classname="backend.tests.test_phase1_move.TestContactMove" name="test_move_nonexistent_returns_404" time="0.050" /><testcase classname="backend.tests.test_phase1_move.TestContactMove" name="test_move_legacy_to_pipeline_qualified" time="0.199" /><testcase classname="backend.tests.test_phase1_move.TestContactMove" name="test_move_web_form_contact_to_franchise_sets_source" time="0.345" /><testcase classname="backend.tests.test_phase1_move.TestContactMove" name="test_move_franchise_to_general_changes_source" time="0.349" /><testcase classname="backend.tests.test_phase1_move.TestContactMove" name="test_round_trip_web_form_franchise_to_pipeline_to_franchise" time="0.394" /><testcase classname="backend.tests.test_phase1_move.TestBulkMove" name="test_bulk_move_empty_list" time="0.046" /><testcase classname="backend.tests.test_phase1_move.TestBulkMove" name="test_bulk_move_mixed_valid_and_invalid_ids" time="0.746" /><testcase classname="backend.tests.test_phase1_move.TestBulkMove" name="test_bulk_move_invalid_target" time="0.055" /></testsuite></testsuites>