<?xml version="1.0" encoding="utf-8"?><testsuites name="pytest tests"><testsuite name="pytest" errors="0" failures="0" skipped="0" tests="13" time="6.523" timestamp="2026-06-16T13:27:30.823479+00:00" hostname="agent-env-a7d3e22e-e0ae-4d1c-8784-326830d3662c"><testcase classname="backend.tests.test_project_codes.TestProjectCodesList" name="test_list_returns_products_files_counts" time="0.321" /><testcase classname="backend.tests.test_project_codes.TestProjectCodesList" name="test_status_filters" time="0.150" /><testcase classname="backend.tests.test_project_codes.TestSuggestions" name="test_suggestions_min_score_90" time="1.213" /><testcase classname="backend.tests.test_project_codes.TestSuggestions" name="test_min_score_below_50_rejected" time="0.045" /><testcase classname="backend.tests.test_project_codes.TestSuggestions" name="test_bulk_min_score_below_90_rejected" time="0.045" /><testcase classname="backend.tests.test_project_codes.TestSkipResetCycle" name="test_skip_then_reset_cycle" time="2.571" /><testcase classname="backend.tests.test_project_codes.TestApproveSingle" name="test_approve_writes_code_and_asset_type" time="1.399" /><testcase classname="backend.tests.test_project_codes.TestPutEndpoints" name="test_put_woo_set_and_clear" time="0.134" /><testcase classname="backend.tests.test_project_codes.TestPutEndpoints" name="test_put_file_set_invalid_asset_type" time="0.090" /><testcase classname="backend.tests.test_project_codes.TestPutEndpoints" name="test_put_file_set_and_clear" time="0.137" /><testcase classname="backend.tests.test_project_codes.TestPortalCalendarProjects" name="test_october_2026_returns_items" time="0.273" /><testcase classname="backend.tests.test_project_codes.TestPortalCalendarProjects" name="test_admin_can_access_portal_feed" time="0.005" /><testcase classname="backend.tests.test_project_codes.TestWooSyncTags" name="test_woo_product_has_tag_and_category" time="0.047" /></testsuite></testsuites>