<?xml version="1.0" encoding="utf-8"?><testsuites name="pytest tests"><testsuite name="pytest" errors="0" failures="1" skipped="0" tests="17" time="4.368" timestamp="2026-05-13T13:08:44.239193+00:00" hostname="agent-env-a7d3e22e-e0ae-4d1c-8784-326830d3662c"><testcase classname="backend.tests.backend_test" name="test_health" time="0.260" /><testcase classname="backend.tests.backend_test.TestAuth" name="test_login_success_sets_cookies" time="0.367" /><testcase classname="backend.tests.backend_test.TestAuth" name="test_login_wrong_password" time="0.279" /><testcase classname="backend.tests.backend_test.TestAuth" name="test_me_without_cookie_returns_401" time="0.155" /><testcase classname="backend.tests.backend_test.TestAuth" name="test_me_with_cookie_returns_user" time="0.426" /><testcase classname="backend.tests.backend_test.TestAuth" name="test_logout_clears_cookies" time="0.445" /><testcase classname="backend.tests.backend_test.TestAuth" name="test_admin_can_create_user" time="0.315"><failure message="AssertionError: assert 'test_user_cd40bed1@test.com' == 'TEST_user_cd40bed1@test.com'&#10;  &#10;  - TEST_user_cd40bed1@test.com&#10;  ? ^^^^&#10;  + test_user_cd40bed1@test.com&#10;  ? ^^^^">backend/tests/backend_test.py:118: in test_admin_can_create_user
    assert body["email"] == unique_email
E   AssertionError: assert 'test_user_cd40bed1@test.com' == 'TEST_user_cd40bed1@test.com'
E     
E     - TEST_user_cd40bed1@test.com
E     ? ^^^^
E     + test_user_cd40bed1@test.com
E     ? ^^^^</failure></testcase><testcase classname="backend.tests.backend_test.TestAuth" name="test_create_user_requires_auth" time="0.046" /><testcase classname="backend.tests.backend_test.TestMongoInvariants" name="test_users_email_unique_index" time="0.002" /><testcase classname="backend.tests.backend_test.TestMongoInvariants" name="test_admin_bcrypt_hash" time="0.001" /><testcase classname="backend.tests.backend_test.TestDashboard" name="test_dashboard_stats" time="0.485" /><testcase classname="backend.tests.backend_test.TestDashboard" name="test_dashboard_requires_auth" time="0.054" /><testcase classname="backend.tests.backend_test.TestAirtable" name="test_list_tables_returns_14" time="0.060" /><testcase classname="backend.tests.backend_test.TestAirtable" name="test_tables_requires_admin" time="0.053" /><testcase classname="backend.tests.backend_test.TestAirtable" name="test_table_records_sample" time="0.341" /><testcase classname="backend.tests.backend_test.TestAirtable" name="test_table_count_contracts" time="0.439" /><testcase classname="backend.tests.backend_test.TestBruteForceLockout" name="test_lockout_after_5_failures" time="0.303" /></testsuite></testsuites>