<?xml version="1.0" encoding="utf-8"?><testsuites name="pytest tests"><testsuite name="pytest" errors="0" failures="0" skipped="0" tests="35" time="21.654" timestamp="2026-05-13T14:38:09.961951+00:00" hostname="agent-env-a7d3e22e-e0ae-4d1c-8784-326830d3662c"><testcase classname="backend.tests.backend_test" name="test_health" time="0.182" /><testcase classname="backend.tests.backend_test.TestAuth" name="test_login_success_sets_cookies" time="0.356" /><testcase classname="backend.tests.backend_test.TestAuth" name="test_login_wrong_password" time="0.302" /><testcase classname="backend.tests.backend_test.TestAuth" name="test_me_without_cookie_returns_401" time="0.320" /><testcase classname="backend.tests.backend_test.TestAuth" name="test_me_with_cookie_returns_user" time="0.407" /><testcase classname="backend.tests.backend_test.TestAuth" name="test_logout_clears_cookies" time="0.479" /><testcase classname="backend.tests.backend_test.TestAuth" name="test_admin_can_create_user" time="0.306" /><testcase classname="backend.tests.backend_test.TestAuth" name="test_create_user_requires_auth" time="0.085" /><testcase classname="backend.tests.backend_test.TestMongoInvariants" name="test_users_email_unique_index" time="0.001" /><testcase classname="backend.tests.backend_test.TestMongoInvariants" name="test_admin_bcrypt_hash" time="0.001" /><testcase classname="backend.tests.backend_test.TestDashboard" name="test_dashboard_stats" time="0.061" /><testcase classname="backend.tests.backend_test.TestDashboard" name="test_dashboard_requires_auth" time="0.050" /><testcase classname="backend.tests.backend_test.TestAirtable" name="test_list_tables_returns_14" time="0.062" /><testcase classname="backend.tests.backend_test.TestAirtable" name="test_tables_requires_admin" time="0.055" /><testcase classname="backend.tests.backend_test.TestAirtable" name="test_table_records_sample" time="0.326" /><testcase classname="backend.tests.backend_test.TestAirtable" name="test_table_count_contracts" time="0.471" /><testcase classname="backend.tests.backend_test.TestBruteForceLockout" name="test_lockout_after_5_failures" time="0.339" /><testcase classname="backend.tests.test_phase1_crm.TestDashboardStats" name="test_real_counts_after_migration" time="0.684" /><testcase classname="backend.tests.test_phase1_crm.TestFranchisees" name="test_list_returns_88" time="0.123" /><testcase classname="backend.tests.test_phase1_crm.TestFranchisees" name="test_search_henshall" time="0.077" /><testcase classname="backend.tests.test_phase1_crm.TestFranchisees" name="test_franchisee_detail_claire" time="0.157" /><testcase classname="backend.tests.test_phase1_crm.TestFranchisees" name="test_franchisee_detail_404" time="0.067" /><testcase classname="backend.tests.test_phase1_crm.TestContracts" name="test_list_returns_134_with_franchisee_enrichment" time="0.088" /><testcase classname="backend.tests.test_phase1_crm.TestContracts" name="test_contract_detail" time="0.151" /><testcase classname="backend.tests.test_phase1_crm.TestContacts" name="test_filter_franchise_enquiry" time="0.251" /><testcase classname="backend.tests.test_phase1_crm.TestContacts" name="test_filter_legacy" time="0.215" /><testcase classname="backend.tests.test_phase1_crm.TestContacts" name="test_filter_pipeline_status_new" time="0.216" /><testcase classname="backend.tests.test_phase1_crm.TestContacts" name="test_pipeline_update_valid" time="0.239" /><testcase classname="backend.tests.test_phase1_crm.TestContacts" name="test_pipeline_update_invalid" time="0.139" /><testcase classname="backend.tests.test_phase1_crm.TestContacts" name="test_pipeline_update_404" time="0.065" /><testcase classname="backend.tests.test_phase1_crm.TestTerritories" name="test_list_all" time="0.148" /><testcase classname="backend.tests.test_phase1_crm.TestTerritories" name="test_filter_by_franchisee" time="0.151" /><testcase classname="backend.tests.test_phase1_crm.TestAnniversaries" name="test_today_no_error" time="0.067" /><testcase classname="backend.tests.test_phase1_crm.TestMigrationRun" name="test_run_returns_counts" time="14.622" /><testcase classname="backend.tests.test_phase1_crm.TestMigrationRun" name="test_run_requires_admin" time="0.221" /></testsuite></testsuites>