<?xml version="1.0" encoding="utf-8"?><testsuites name="pytest tests"><testsuite name="pytest" errors="0" failures="0" skipped="0" tests="5" time="2.710" timestamp="2026-06-01T17:01:34.654200+00:00" hostname="agent-env-a7d3e22e-e0ae-4d1c-8784-326830d3662c"><testcase classname="backend.tests.test_territory_plus" name="test_access_allowed" time="1.673" /><testcase classname="backend.tests.test_territory_plus" name="test_mark_then_unmark_cqc_home" time="0.211" /><testcase classname="backend.tests.test_territory_plus" name="test_mark_then_unmark_idempotent" time="0.052" /><testcase classname="backend.tests.test_territory_plus" name="test_create_client_with_contacts" time="0.598" /><testcase classname="backend.tests.test_territory_plus" name="test_unauthenticated_blocked" time="0.115" /></testsuite></testsuites>