<?xml version="1.0" encoding="utf-8"?><testsuites name="pytest tests"><testsuite name="pytest" errors="0" failures="0" skipped="0" tests="11" time="3.134" timestamp="2026-06-01T17:23:32.347909+00:00" hostname="agent-env-a7d3e22e-e0ae-4d1c-8784-326830d3662c"><testcase classname="backend.tests.test_territory_plus" name="test_access_allowed" time="1.237" /><testcase classname="backend.tests.test_territory_plus" name="test_unauthenticated_blocked" time="0.139" /><testcase classname="backend.tests.test_territory_plus" name="test_unauthenticated_leads_blocked" time="0.321" /><testcase classname="backend.tests.test_territory_plus" name="test_mark_then_unmark_cqc_home" time="0.163" /><testcase classname="backend.tests.test_territory_plus" name="test_create_client_with_contacts" time="0.302" /><testcase classname="backend.tests.test_territory_plus" name="test_lead_lifecycle_contacted_then_followup" time="0.306" /><testcase classname="backend.tests.test_territory_plus" name="test_lead_follow_up_at_cleared_when_status_changes" time="0.217" /><testcase classname="backend.tests.test_territory_plus" name="test_lead_invalid_status_returns_400" time="0.054" /><testcase classname="backend.tests.test_territory_plus" name="test_lead_invalid_source_returns_400" time="0.060" /><testcase classname="backend.tests.test_territory_plus" name="test_lead_delete_non_existent_is_idempotent" time="0.047" /><testcase classname="backend.tests.test_territory_plus" name="test_patch_marked_cqc_home_overrides" time="0.196" /></testsuite></testsuites>