<?xml version="1.0" encoding="utf-8"?><testsuites name="pytest tests"><testsuite name="pytest" errors="0" failures="1" skipped="0" tests="14" time="3.953" timestamp="2026-06-01T18:45:39.187105+00:00" hostname="agent-env-a7d3e22e-e0ae-4d1c-8784-326830d3662c"><testcase classname="backend.tests.test_territory_plus" name="test_access_allowed" time="1.720" /><testcase classname="backend.tests.test_territory_plus" name="test_unauthenticated_blocked" time="0.116" /><testcase classname="backend.tests.test_territory_plus" name="test_unauthenticated_leads_blocked" time="0.234" /><testcase classname="backend.tests.test_territory_plus" name="test_mark_then_unmark_cqc_home" time="0.164" /><testcase classname="backend.tests.test_territory_plus" name="test_create_client_with_contacts" time="0.274" /><testcase classname="backend.tests.test_territory_plus" name="test_lead_lifecycle_contacted_then_followup" time="0.332" /><testcase classname="backend.tests.test_territory_plus" name="test_lead_follow_up_at_cleared_when_status_changes" time="0.222" /><testcase classname="backend.tests.test_territory_plus" name="test_lead_invalid_status_returns_400" time="0.052" /><testcase classname="backend.tests.test_territory_plus" name="test_lead_invalid_source_returns_400" time="0.052" /><testcase classname="backend.tests.test_territory_plus" name="test_lead_delete_non_existent_is_idempotent" time="0.052" /><testcase classname="backend.tests.test_territory_plus" name="test_patch_marked_cqc_home_overrides" time="0.211" /><testcase classname="backend.tests.test_territory_plus" name="test_sandra_devon_provider_enrichment" time="0.150"><failure message="AssertionError: 1/25 homes missing providerName. Sample: {'locationId': '1-26377895412', 'careHome': 'Y', 'constituency': 'Central Devon', 'currentRatings': None, 'fullAddress': 'Kelly Farm, Nomansland, Tiverton, EX16 8QS', 'gacServiceTypes': [{'name': 'Residential homes', 'description': 'Care home service without nursing'}], 'lastInspection': None, 'latitude': 50.9122192, 'localAuthority': 'Devon', 'locationURL': 'https://www.cqc.org.uk/location/1-26377895412', 'longitude': -3.6127631, 'mainPhoneNumber': '07872844574', 'name': 'Kelly Farm', 'numberOfBeds': 20, 'organisationType': 'Location', 'postalAddressCounty': None, 'postalAddressLine1': 'Kelly Farm', 'postalAddressLine2': 'Nomansland', 'postalAddressTownCity': 'Tiverton', 'postalCode': 'EX16 8QS', 'postcode_district': 'EX16', 'postcode_sector': 'EX16 8', 'providerId': '1-26032324887', 'providerName': None, 'region': 'South West', 'registrationDate': '2026-02-10', 'registrationManagerName': None, 'registrationManagers': [], 'registrationStatus': 'Registered', 'regulatedActivities': [{'name': 'Accommodation for persons who require nursing or personal care', 'code': 'RA2'}], 'specialisms': [{'name': 'Caring for adults under 65 yrs'}, {'name': 'Mental health conditions'}], 'synced_at': '2026-05-19T14:53:34.878000', 'type': 'Social Care Org', 'website': None}&#10;assert not [{'careHome': 'Y', 'constituency': 'Central Devon', 'currentRatings': None, 'fullAddress': 'Kelly Farm, Nomansland, Tiverton, EX16 8QS', ...}]">backend/tests/test_territory_plus.py:325: in test_sandra_devon_provider_enrichment
    assert not missing, (
E   AssertionError: 1/25 homes missing providerName. Sample: {'locationId': '1-26377895412', 'careHome': 'Y', 'constituency': 'Central Devon', 'currentRatings': None, 'fullAddress': 'Kelly Farm, Nomansland, Tiverton, EX16 8QS', 'gacServiceTypes': [{'name': 'Residential homes', 'description': 'Care home service without nursing'}], 'lastInspection': None, 'latitude': 50.9122192, 'localAuthority': 'Devon', 'locationURL': 'https://www.cqc.org.uk/location/1-26377895412', 'longitude': -3.6127631, 'mainPhoneNumber': '07872844574', 'name': 'Kelly Farm', 'numberOfBeds': 20, 'organisationType': 'Location', 'postalAddressCounty': None, 'postalAddressLine1': 'Kelly Farm', 'postalAddressLine2': 'Nomansland', 'postalAddressTownCity': 'Tiverton', 'postalCode': 'EX16 8QS', 'postcode_district': 'EX16', 'postcode_sector': 'EX16 8', 'providerId': '1-26032324887', 'providerName': None, 'region': 'South West', 'registrationDate': '2026-02-10', 'registrationManagerName': None, 'registrationManagers': [], 'registrationStatus': 'Registered', 'regulatedActivities': [{'name': 'Accommodation for persons who require nursing or personal care', 'code': 'RA2'}], 'specialisms': [{'name': 'Caring for adults under 65 yrs'}, {'name': 'Mental health conditions'}], 'synced_at': '2026-05-19T14:53:34.878000', 'type': 'Social Care Org', 'website': None}
E   assert not [{'careHome': 'Y', 'constituency': 'Central Devon', 'currentRatings': None, 'fullAddress': 'Kelly Farm, Nomansland, Tiverton, EX16 8QS', ...}]</failure></testcase><testcase classname="backend.tests.test_territory_plus" name="test_coventry_provider_diversity" time="0.230" /><testcase classname="backend.tests.test_territory_plus" name="test_provider_enrichment_via_legacy_join" time="0.057" /></testsuite></testsuites>