<?xml version="1.0" encoding="utf-8"?><testsuites name="pytest tests"><testsuite name="pytest" errors="0" failures="0" skipped="0" tests="4" time="1.687" timestamp="2026-06-18T10:10:06.993765+00:00" hostname="agent-env-a7d3e22e-e0ae-4d1c-8784-326830d3662c"><testcase classname="backend.tests.test_iter22_convert_territory" name="test_convert_without_plan" time="0.595" /><testcase classname="backend.tests.test_iter22_convert_territory" name="test_convert_with_plan" time="0.314" /><testcase classname="backend.tests.test_iter22_convert_territory" name="test_convert_picks_latest_plan" time="0.221" /><testcase classname="backend.tests.test_iter22_convert_territory" name="test_zz_cleanup" time="0.487" /></testsuite></testsuites>