<?xml version="1.0" encoding="utf-8"?><testsuites name="pytest tests"><testsuite name="pytest" errors="0" failures="1" skipped="0" tests="9" time="7.684" timestamp="2026-06-18T10:11:04.915501+00:00" hostname="agent-env-a7d3e22e-e0ae-4d1c-8784-326830d3662c"><testcase classname="backend.tests.test_iter22_p1_regression" name="test_form_intake_config_defaults" time="0.001" /><testcase classname="backend.tests.test_iter22_p1_regression" name="test_gf_backfill_resolves_without_env" time="0.197" /><testcase classname="backend.tests.test_iter22_p1_regression" name="test_gf_backfill_env_override" time="0.000" /><testcase classname="backend.tests.test_iter22_p1_regression" name="test_intake_backfill_run_endpoint" time="6.749" /><testcase classname="backend.tests.test_iter22_p1_regression" name="test_get_contacts_pipeline" time="0.118" /><testcase classname="backend.tests.test_iter22_p1_regression" name="test_promote_demote" time="0.143" /><testcase classname="backend.tests.test_iter22_p1_regression" name="test_bulk_move" time="0.136"><failure message="AssertionError: {&quot;detail&quot;:[{&quot;type&quot;:&quot;missing&quot;,&quot;loc&quot;:[&quot;body&quot;,&quot;target&quot;],&quot;msg&quot;:&quot;Field required&quot;,&quot;input&quot;:{&quot;ids&quot;:[&quot;1e822576-2005-434e-8efd-51e470cb5f82&quot;],&quot;to_stage&quot;:&quot;qualified&quot;},&quot;url&quot;:&quot;https://errors.pydantic.dev/2.13/v/missing&quot;}]}&#10;assert 422 in (200, 204)&#10; +  where 422 = &lt;Response [422]&gt;.status_code">backend/tests/test_iter22_p1_regression.py:157: in test_bulk_move
    assert r.status_code in (200, 204), r.text
E   AssertionError: {"detail":[{"type":"missing","loc":["body","target"],"msg":"Field required","input":{"ids":["1e822576-2005-434e-8efd-51e470cb5f82"],"to_stage":"qualified"},"url":"https://errors.pydantic.dev/2.13/v/missing"}]}
E   assert 422 in (200, 204)
E    +  where 422 = &lt;Response [422]&gt;.status_code</failure></testcase><testcase classname="backend.tests.test_iter22_p1_regression" name="test_bulk_delete" time="0.139" /><testcase classname="backend.tests.test_iter22_p1_regression" name="test_zz_cleanup" time="0.100" /></testsuite></testsuites>