<?xml version="1.0" encoding="utf-8"?><testsuites name="pytest tests"><testsuite name="pytest" errors="0" failures="0" skipped="1" tests="18" time="3.129" timestamp="2026-06-16T08:50:37.597889+00:00" hostname="agent-env-a7d3e22e-e0ae-4d1c-8784-326830d3662c"><testcase classname="tests.test_wales_ciw.TestWalesImport" name="test_first_upload_inserts_1461" time="0.840" /><testcase classname="tests.test_wales_ciw.TestWalesImport" name="test_reupload_is_idempotent" time="0.356" /><testcase classname="tests.test_wales_ciw.TestWalesImport" name="test_soft_delete_and_reactivate" time="0.472" /><testcase classname="tests.test_wales_ciw.TestWalesImport" name="test_rejects_non_csv" time="0.046" /><testcase classname="tests.test_wales_ciw.TestWalesDefinition" name="test_get_definition" time="0.044" /><testcase classname="tests.test_wales_ciw.TestWalesDefinition" name="test_put_persists" time="0.130" /><testcase classname="tests.test_wales_ciw.TestWalesPreviewDistinct" name="test_preview_returns_count_and_breakdown" time="0.048" /><testcase classname="tests.test_wales_ciw.TestWalesPreviewDistinct" name="test_distinct_non_empty[serviceSubType]" time="0.084" /><testcase classname="tests.test_wales_ciw.TestWalesPreviewDistinct" name="test_distinct_non_empty[provider]" time="0.045" /><testcase classname="tests.test_wales_ciw.TestWalesPreviewDistinct" name="test_distinct_non_empty[categoriesOfCare]" time="0.054" /><testcase classname="tests.test_wales_ciw.TestWalesPreviewDistinct" name="test_distinct_non_empty[localAuthority]" time="0.050" /><testcase classname="tests.test_wales_ciw.TestWalesPreviewDistinct" name="test_distinct_non_empty[town]" time="0.061" /><testcase classname="tests.test_wales_ciw.TestWalesPreviewDistinct" name="test_distinct_rejects_bad_field" time="0.045" /><testcase classname="tests.test_wales_ciw.TestWalesStatus" name="test_status_after_full_import" time="0.054" /><testcase classname="tests.test_wales_ciw.TestTerritoryWiring" name="test_pure_welsh_sectors" time="0.043" /><testcase classname="tests.test_wales_ciw.TestTerritoryWiring" name="test_cross_border_sy_union" time="0.044" /><testcase classname="tests.test_wales_ciw.TestTerritoryWiring" name="test_homes_count_matches" time="0.096" /><testcase classname="tests.test_wales_ciw.TestTerritoryWiring" name="test_inactive_flag_passthrough" time="0.520"><skipped type="pytest.skip" message="Inactive Welsh homes hidden from /territory/homes by current definition rule; passthrough still verified via wales_care_services.">/app/backend/tests/test_wales_ciw.py:325: Inactive Welsh homes hidden from /territory/homes by current definition rule; passthrough still verified via wales_care_services.</skipped></testcase></testsuite></testsuites>